This file contains any messages produced by compilers while
running configure, to aid debugging if configure makes a mistake.

It was created by popt configure 1.14, which was
generated by GNU Autoconf 2.61.  Invocation command line was

  $ ./configure --host=arm-hisiv200-linux --prefix=/home/hisisdk/histb/autelan/release/usr --bindir=/home/hisisdk/histb/autelan/release/usr/bin --sbindir=/home/hisisdk/histb/autelan/release/usr/sbin --libexecdir=/home/hisisdk/histb/autelan/release/usr/libexec --sysconfdir=/home/hisisdk/histb/autelan/release/etc --localstatedir=/home/hisisdk/histb/autelan/release/var --libdir=/home/hisisdk/histb/autelan/release/usr/lib --includedir=/home/hisisdk/histb/autelan/fakerelease/usr/include --datarootdir=/home/hisisdk/histb/autelan/fakerelease/usr/share --datadir=/home/hisisdk/histb/autelan/fakerelease/usr/share --infodir=/home/hisisdk/histb/autelan/fakerelease/usr/share/info --localedir=/home/hisisdk/histb/autelan/fakerelease/usr/share/local --mandir=/home/hisisdk/histb/autelan/fakerelease/usr/share/man --docdir=/home/hisisdk/histb/autelan/fakerelease/usr/share/doc --htmldir=/home/hisisdk/histb/autelan/fakerelease/usr/share/doc --dvidir=/home/hisisdk/histb/autelan/fakerelease/usr/share/doc --pdfdir=/home/hisisdk/histb/autelan/fakerelease/usr/share/doc --psdir=/home/hisisdk/histb/autelan/fakerelease/usr/share/doc --disable-static host_alias=arm-hisiv200-linux CC=arm-hisiv200-linux-gcc CFLAGS= 		-O2 		-I/opt/hisi-linux/x86-arm/arm-hisiv200-linux/target/usr/include 		-I/home/hisisdk/histb/autelan/fakerelease/usr/include -I/home/hisisdk/histb/autelan/fakerelease/usr/local/include 		 LDFLAGS= 		-L/opt/hisi-linux/x86-arm/arm-hisiv200-linux/target/lib -L/opt/hisi-linux/x86-arm/arm-hisiv200-linux/target/usr/lib 		-L/home/hisisdk/histb/autelan/release/lib -L/home/hisisdk/histb/autelan/release/usr/lib -L/home/hisisdk/histb/autelan/release/usr/local/lib 		 CXX=arm-hisiv200-linux-g++ --no-create --no-recursion

## --------- ##
## Platform. ##
## --------- ##

hostname = debian
uname -m = i686
uname -r = 2.6.32-5-686
uname -s = Linux
uname -v = #1 SMP Mon Sep 23 23:00:18 UTC 2013

/usr/bin/uname -p = unknown
/bin/uname -X     = unknown

/bin/arch              = unknown
/usr/bin/arch -k       = unknown
/usr/convex/getsysinfo = unknown
/usr/bin/hostinfo      = unknown
/bin/machine           = unknown
/usr/bin/oslevel       = unknown
/bin/universe          = unknown

PATH: /opt/hisi-linux/x86-arm/arm-hisiv200-linux/target/bin
PATH: /usr/local/bin
PATH: /usr/bin
PATH: /bin
PATH: /usr/local/games
PATH: /usr/games


## ----------- ##
## Core tests. ##
## ----------- ##

configure:2014: checking build system type
configure:2032: result: i686-pc-linux-gnu
configure:2054: checking host system type
configure:2069: result: arm-hisiv200-linux-gnu
configure:2091: checking target system type
configure:2106: result: arm-hisiv200-linux-gnu
configure:2164: checking for a BSD-compatible install
configure:2220: result: /usr/bin/install -c
configure:2231: checking whether build environment is sane
configure:2274: result: yes
configure:2302: checking for a thread-safe mkdir -p
configure:2341: result: /bin/mkdir -p
configure:2354: checking for gawk
configure:2370: found /usr/bin/gawk
configure:2381: result: gawk
configure:2392: checking whether make sets $(MAKE)
configure:2413: result: yes
configure:2493: checking for arm-hisiv200-linux-strip
configure:2509: found /opt/hisi-linux/x86-arm/arm-hisiv200-linux/target/bin/arm-hisiv200-linux-strip
configure:2520: result: arm-hisiv200-linux-strip
configure:2612: checking for arm-hisiv200-linux-gcc
configure:2639: result: arm-hisiv200-linux-gcc
configure:2917: checking for C compiler version
configure:2924: arm-hisiv200-linux-gcc --version >&5
arm-hisiv200-linux-gcc (Hisilicon_v200(gcc4.4-290+glibc-2.11+eabi+nptl)) 4.4.1
Copyright (C) 2009 Free Software Foundation, Inc.
This is free software; see the source for copying conditions.  There is NO
warranty; not even for MERCHANTABILITY or FITNESS FOR A PARTICULAR PURPOSE.

configure:2927: $? = 0
configure:2934: arm-hisiv200-linux-gcc -v >&5
Using built-in specs.
Target: arm-hisiv200-linux-gnueabi
Configured with: ../gcc-4.4-2010q1/configure --host=i686-pc-linux-gnu --build=i686-pc-linux-gnu --target=arm-hisiv200-linux-gnueabi --prefix=/home/c00132816/toolchain_glibc/install/arm-hisiv200-linux --enable-threads --disable-libmudflap --disable-libssp --disable-libstdcxx-pch --with-arch=armv5te --with-gnu-as --with-gnu-ld --enable-languages=c,c++ --enable-shared --enable-lto --enable-symvers=gnu --enable-__cxa_atexit --disable-nls --enable-extra-hisi-multilibs --with-sysroot=/home/c00132816/toolchain_glibc/install/arm-hisiv200-linux/target --with-build-sysroot=/home/c00132816/toolchain_glibc/install/arm-hisiv200-linux/target --with-gmp=/home/c00132816/toolchain_glibc/install/host_lib --with-mpfr=/home/c00132816/toolchain_glibc/install/host_lib --with-ppl=/home/c00132816/toolchain_glibc/install/host_lib --with-cloog=/home/c00132816/toolchain_glibc/install/host_lib --with-libelf=/home/c00132816/toolchain_glibc/install/host_lib --with-host-libstdcxx='-static-libgcc -Wl,-Bstatic,-lstdc++,-Bstatic -lm' --enable-libgomp --enable-poison-system-directories --with-libelf=/home/c00132816/toolchain_glibc/install/host_lib --with-pkgversion='Hisilicon_v200(gcc4.4-290+glibc-2.11+eabi+nptl)' --with-bugurl=http://www.hisilicon.com/cn/service/claim.html
Thread model: posix
gcc version 4.4.1 (Hisilicon_v200(gcc4.4-290+glibc-2.11+eabi+nptl)) 
configure:2937: $? = 0
configure:2944: arm-hisiv200-linux-gcc -V >&5
arm-hisiv200-linux-gcc: '-V' option must have argument
configure:2947: $? = 1
configure:2970: checking for C compiler default output file name
configure:2997: arm-hisiv200-linux-gcc  		-O2 		-I/opt/hisi-linux/x86-arm/arm-hisiv200-linux/target/usr/include 		-I/home/hisisdk/histb/autelan/fakerelease/usr/include -I/home/hisisdk/histb/autelan/fakerelease/usr/local/include 		   		-L/opt/hisi-linux/x86-arm/arm-hisiv200-linux/target/lib -L/opt/hisi-linux/x86-arm/arm-hisiv200-linux/target/usr/lib 		-L/home/hisisdk/histb/autelan/release/lib -L/home/hisisdk/histb/autelan/release/usr/lib -L/home/hisisdk/histb/autelan/release/usr/local/lib 		 conftest.c  >&5
configure:3000: $? = 0
configure:3038: result: a.out
configure:3055: checking whether the C compiler works
configure:3065: ./a.out
./configure: line 3066: ./a.out: cannot execute binary file
configure:3068: $? = 126
configure:3085: result: yes
configure:3092: checking whether we are cross compiling
configure:3094: result: yes
configure:3097: checking for suffix of executables
configure:3104: arm-hisiv200-linux-gcc -o conftest  		-O2 		-I/opt/hisi-linux/x86-arm/arm-hisiv200-linux/target/usr/include 		-I/home/hisisdk/histb/autelan/fakerelease/usr/include -I/home/hisisdk/histb/autelan/fakerelease/usr/local/include 		   		-L/opt/hisi-linux/x86-arm/arm-hisiv200-linux/target/lib -L/opt/hisi-linux/x86-arm/arm-hisiv200-linux/target/usr/lib 		-L/home/hisisdk/histb/autelan/release/lib -L/home/hisisdk/histb/autelan/release/usr/lib -L/home/hisisdk/histb/autelan/release/usr/local/lib 		 conftest.c  >&5
configure:3107: $? = 0
configure:3131: result: 
configure:3137: checking for suffix of object files
configure:3163: arm-hisiv200-linux-gcc -c  		-O2 		-I/opt/hisi-linux/x86-arm/arm-hisiv200-linux/target/usr/include 		-I/home/hisisdk/histb/autelan/fakerelease/usr/include -I/home/hisisdk/histb/autelan/fakerelease/usr/local/include 		  conftest.c >&5
configure:3166: $? = 0
configure:3189: result: o
configure:3193: checking whether we are using the GNU C compiler
configure:3222: arm-hisiv200-linux-gcc -c  		-O2 		-I/opt/hisi-linux/x86-arm/arm-hisiv200-linux/target/usr/include 		-I/home/hisisdk/histb/autelan/fakerelease/usr/include -I/home/hisisdk/histb/autelan/fakerelease/usr/local/include 		  conftest.c >&5
configure:3228: $? = 0
configure:3245: result: yes
configure:3250: checking whether arm-hisiv200-linux-gcc accepts -g
configure:3280: arm-hisiv200-linux-gcc -c -g  conftest.c >&5
configure:3286: $? = 0
configure:3385: result: yes
configure:3402: checking for arm-hisiv200-linux-gcc option to accept ISO C89
configure:3476: arm-hisiv200-linux-gcc  -c  		-O2 		-I/opt/hisi-linux/x86-arm/arm-hisiv200-linux/target/usr/include 		-I/home/hisisdk/histb/autelan/fakerelease/usr/include -I/home/hisisdk/histb/autelan/fakerelease/usr/local/include 		  conftest.c >&5
configure:3482: $? = 0
configure:3505: result: none needed
configure:3534: checking for style of include used by make
configure:3562: result: GNU
configure:3587: checking dependency style of arm-hisiv200-linux-gcc
configure:3678: result: gcc3
configure:3706: checking for a BSD-compatible install
configure:3762: result: /usr/bin/install -c
configure:3845: checking for a sed that does not truncate output
configure:3901: result: /bin/sed
configure:3904: checking for grep that handles long lines and -e
configure:3978: result: /bin/grep
configure:3983: checking for egrep
configure:4061: result: /bin/grep -E
configure:4077: checking for ld used by arm-hisiv200-linux-gcc
configure:4144: result: /opt/hisi-linux/x86-arm/arm-hisiv200-linux/arm-hisiv200-linux-gnueabi/bin/ld
configure:4153: checking if the linker (/opt/hisi-linux/x86-arm/arm-hisiv200-linux/arm-hisiv200-linux-gnueabi/bin/ld) is GNU ld
configure:4168: result: yes
configure:4173: checking for /opt/hisi-linux/x86-arm/arm-hisiv200-linux/arm-hisiv200-linux-gnueabi/bin/ld option to reload object files
configure:4180: result: -r
configure:4198: checking for BSD-compatible nm
configure:4247: result: /opt/hisi-linux/x86-arm/arm-hisiv200-linux/target/bin/arm-hisiv200-linux-nm -B
configure:4251: checking whether ln -s works
configure:4255: result: yes
configure:4262: checking how to recognize dependent libraries
configure:4448: result: pass_all
configure:4690: checking how to run the C preprocessor
configure:4730: arm-hisiv200-linux-gcc -E  conftest.c
configure:4736: $? = 0
configure:4767: arm-hisiv200-linux-gcc -E  conftest.c
conftest.c:10: fatal error: ac_nonexistent.h: No such file or directory
compilation terminated.
configure:4773: $? = 1
configure: failed program was:
| /* confdefs.h.  */
| #define PACKAGE_NAME "popt"
| #define PACKAGE_TARNAME "popt"
| #define PACKAGE_VERSION "1.14"
| #define PACKAGE_STRING "popt 1.14"
| #define PACKAGE_BUGREPORT "popt-devel@rpm5.org"
| #define PACKAGE "popt"
| #define VERSION "1.14"
| /* end confdefs.h.  */
| #include <ac_nonexistent.h>
configure:4806: result: arm-hisiv200-linux-gcc -E
configure:4835: arm-hisiv200-linux-gcc -E  conftest.c
configure:4841: $? = 0
configure:4872: arm-hisiv200-linux-gcc -E  conftest.c
conftest.c:10: fatal error: ac_nonexistent.h: No such file or directory
compilation terminated.
configure:4878: $? = 1
configure: failed program was:
| /* confdefs.h.  */
| #define PACKAGE_NAME "popt"
| #define PACKAGE_TARNAME "popt"
| #define PACKAGE_VERSION "1.14"
| #define PACKAGE_STRING "popt 1.14"
| #define PACKAGE_BUGREPORT "popt-devel@rpm5.org"
| #define PACKAGE "popt"
| #define VERSION "1.14"
| /* end confdefs.h.  */
| #include <ac_nonexistent.h>
configure:4916: checking for ANSI C header files
configure:4946: arm-hisiv200-linux-gcc -c  		-O2 		-I/opt/hisi-linux/x86-arm/arm-hisiv200-linux/target/usr/include 		-I/home/hisisdk/histb/autelan/fakerelease/usr/include -I/home/hisisdk/histb/autelan/fakerelease/usr/local/include 		  conftest.c >&5
configure:4952: $? = 0
configure:5080: result: yes
configure:5104: checking for sys/types.h
configure:5125: arm-hisiv200-linux-gcc -c  		-O2 		-I/opt/hisi-linux/x86-arm/arm-hisiv200-linux/target/usr/include 		-I/home/hisisdk/histb/autelan/fakerelease/usr/include -I/home/hisisdk/histb/autelan/fakerelease/usr/local/include 		  conftest.c >&5
configure:5131: $? = 0
configure:5147: result: yes
configure:5104: checking for sys/stat.h
configure:5125: arm-hisiv200-linux-gcc -c  		-O2 		-I/opt/hisi-linux/x86-arm/arm-hisiv200-linux/target/usr/include 		-I/home/hisisdk/histb/autelan/fakerelease/usr/include -I/home/hisisdk/histb/autelan/fakerelease/usr/local/include 		  conftest.c >&5
configure:5131: $? = 0
configure:5147: result: yes
configure:5104: checking for stdlib.h
configure:5125: arm-hisiv200-linux-gcc -c  		-O2 		-I/opt/hisi-linux/x86-arm/arm-hisiv200-linux/target/usr/include 		-I/home/hisisdk/histb/autelan/fakerelease/usr/include -I/home/hisisdk/histb/autelan/fakerelease/usr/local/include 		  conftest.c >&5
configure:5131: $? = 0
configure:5147: result: yes
configure:5104: checking for string.h
configure:5125: arm-hisiv200-linux-gcc -c  		-O2 		-I/opt/hisi-linux/x86-arm/arm-hisiv200-linux/target/usr/include 		-I/home/hisisdk/histb/autelan/fakerelease/usr/include -I/home/hisisdk/histb/autelan/fakerelease/usr/local/include 		  conftest.c >&5
configure:5131: $? = 0
configure:5147: result: yes
configure:5104: checking for memory.h
configure:5125: arm-hisiv200-linux-gcc -c  		-O2 		-I/opt/hisi-linux/x86-arm/arm-hisiv200-linux/target/usr/include 		-I/home/hisisdk/histb/autelan/fakerelease/usr/include -I/home/hisisdk/histb/autelan/fakerelease/usr/local/include 		  conftest.c >&5
configure:5131: $? = 0
configure:5147: result: yes
configure:5104: checking for strings.h
configure:5125: arm-hisiv200-linux-gcc -c  		-O2 		-I/opt/hisi-linux/x86-arm/arm-hisiv200-linux/target/usr/include 		-I/home/hisisdk/histb/autelan/fakerelease/usr/include -I/home/hisisdk/histb/autelan/fakerelease/usr/local/include 		  conftest.c >&5
configure:5131: $? = 0
configure:5147: result: yes
configure:5104: checking for inttypes.h
configure:5125: arm-hisiv200-linux-gcc -c  		-O2 		-I/opt/hisi-linux/x86-arm/arm-hisiv200-linux/target/usr/include 		-I/home/hisisdk/histb/autelan/fakerelease/usr/include -I/home/hisisdk/histb/autelan/fakerelease/usr/local/include 		  conftest.c >&5
configure:5131: $? = 0
configure:5147: result: yes
configure:5104: checking for stdint.h
configure:5125: arm-hisiv200-linux-gcc -c  		-O2 		-I/opt/hisi-linux/x86-arm/arm-hisiv200-linux/target/usr/include 		-I/home/hisisdk/histb/autelan/fakerelease/usr/include -I/home/hisisdk/histb/autelan/fakerelease/usr/local/include 		  conftest.c >&5
configure:5131: $? = 0
configure:5147: result: yes
configure:5104: checking for unistd.h
configure:5125: arm-hisiv200-linux-gcc -c  		-O2 		-I/opt/hisi-linux/x86-arm/arm-hisiv200-linux/target/usr/include 		-I/home/hisisdk/histb/autelan/fakerelease/usr/include -I/home/hisisdk/histb/autelan/fakerelease/usr/local/include 		  conftest.c >&5
configure:5131: $? = 0
configure:5147: result: yes
configure:5174: checking dlfcn.h usability
configure:5191: arm-hisiv200-linux-gcc -c  		-O2 		-I/opt/hisi-linux/x86-arm/arm-hisiv200-linux/target/usr/include 		-I/home/hisisdk/histb/autelan/fakerelease/usr/include -I/home/hisisdk/histb/autelan/fakerelease/usr/local/include 		  conftest.c >&5
configure:5197: $? = 0
configure:5211: result: yes
configure:5215: checking dlfcn.h presence
configure:5230: arm-hisiv200-linux-gcc -E  conftest.c
configure:5236: $? = 0
configure:5250: result: yes
configure:5283: checking for dlfcn.h
configure:5291: result: yes
configure:5420: checking for C++ compiler version
configure:5427: arm-hisiv200-linux-g++ --version >&5
arm-hisiv200-linux-g++ (Hisilicon_v200(gcc4.4-290+glibc-2.11+eabi+nptl)) 4.4.1
Copyright (C) 2009 Free Software Foundation, Inc.
This is free software; see the source for copying conditions.  There is NO
warranty; not even for MERCHANTABILITY or FITNESS FOR A PARTICULAR PURPOSE.

configure:5430: $? = 0
configure:5437: arm-hisiv200-linux-g++ -v >&5
Using built-in specs.
Target: arm-hisiv200-linux-gnueabi
Configured with: ../gcc-4.4-2010q1/configure --host=i686-pc-linux-gnu --build=i686-pc-linux-gnu --target=arm-hisiv200-linux-gnueabi --prefix=/home/c00132816/toolchain_glibc/install/arm-hisiv200-linux --enable-threads --disable-libmudflap --disable-libssp --disable-libstdcxx-pch --with-arch=armv5te --with-gnu-as --with-gnu-ld --enable-languages=c,c++ --enable-shared --enable-lto --enable-symvers=gnu --enable-__cxa_atexit --disable-nls --enable-extra-hisi-multilibs --with-sysroot=/home/c00132816/toolchain_glibc/install/arm-hisiv200-linux/target --with-build-sysroot=/home/c00132816/toolchain_glibc/install/arm-hisiv200-linux/target --with-gmp=/home/c00132816/toolchain_glibc/install/host_lib --with-mpfr=/home/c00132816/toolchain_glibc/install/host_lib --with-ppl=/home/c00132816/toolchain_glibc/install/host_lib --with-cloog=/home/c00132816/toolchain_glibc/install/host_lib --with-libelf=/home/c00132816/toolchain_glibc/install/host_lib --with-host-libstdcxx='-static-libgcc -Wl,-Bstatic,-lstdc++,-Bstatic -lm' --enable-libgomp --enable-poison-system-directories --with-libelf=/home/c00132816/toolchain_glibc/install/host_lib --with-pkgversion='Hisilicon_v200(gcc4.4-290+glibc-2.11+eabi+nptl)' --with-bugurl=http://www.hisilicon.com/cn/service/claim.html
Thread model: posix
gcc version 4.4.1 (Hisilicon_v200(gcc4.4-290+glibc-2.11+eabi+nptl)) 
configure:5440: $? = 0
configure:5447: arm-hisiv200-linux-g++ -V >&5
arm-hisiv200-linux-g++: '-V' option must have argument
configure:5450: $? = 1
configure:5453: checking whether we are using the GNU C++ compiler
configure:5482: arm-hisiv200-linux-g++ -c   conftest.cpp >&5
configure:5488: $? = 0
configure:5505: result: yes
configure:5510: checking whether arm-hisiv200-linux-g++ accepts -g
configure:5540: arm-hisiv200-linux-g++ -c -g  conftest.cpp >&5
configure:5546: $? = 0
configure:5645: result: yes
configure:5670: checking dependency style of arm-hisiv200-linux-g++
configure:5761: result: gcc3
configure:5786: checking how to run the C++ preprocessor
configure:5822: arm-hisiv200-linux-g++ -E  conftest.cpp
configure:5828: $? = 0
configure:5859: arm-hisiv200-linux-g++ -E  conftest.cpp
conftest.cpp:21: fatal error: ac_nonexistent.h: No such file or directory
compilation terminated.
configure:5865: $? = 1
configure: failed program was:
| /* confdefs.h.  */
| #define PACKAGE_NAME "popt"
| #define PACKAGE_TARNAME "popt"
| #define PACKAGE_VERSION "1.14"
| #define PACKAGE_STRING "popt 1.14"
| #define PACKAGE_BUGREPORT "popt-devel@rpm5.org"
| #define PACKAGE "popt"
| #define VERSION "1.14"
| #define STDC_HEADERS 1
| #define HAVE_SYS_TYPES_H 1
| #define HAVE_SYS_STAT_H 1
| #define HAVE_STDLIB_H 1
| #define HAVE_STRING_H 1
| #define HAVE_MEMORY_H 1
| #define HAVE_STRINGS_H 1
| #define HAVE_INTTYPES_H 1
| #define HAVE_STDINT_H 1
| #define HAVE_UNISTD_H 1
| #define HAVE_DLFCN_H 1
| /* end confdefs.h.  */
| #include <ac_nonexistent.h>
configure:5898: result: arm-hisiv200-linux-g++ -E
configure:5927: arm-hisiv200-linux-g++ -E  conftest.cpp
configure:5933: $? = 0
configure:5964: arm-hisiv200-linux-g++ -E  conftest.cpp
conftest.cpp:21: fatal error: ac_nonexistent.h: No such file or directory
compilation terminated.
configure:5970: $? = 1
configure: failed program was:
| /* confdefs.h.  */
| #define PACKAGE_NAME "popt"
| #define PACKAGE_TARNAME "popt"
| #define PACKAGE_VERSION "1.14"
| #define PACKAGE_STRING "popt 1.14"
| #define PACKAGE_BUGREPORT "popt-devel@rpm5.org"
| #define PACKAGE "popt"
| #define VERSION "1.14"
| #define STDC_HEADERS 1
| #define HAVE_SYS_TYPES_H 1
| #define HAVE_SYS_STAT_H 1
| #define HAVE_STDLIB_H 1
| #define HAVE_STRING_H 1
| #define HAVE_MEMORY_H 1
| #define HAVE_STRINGS_H 1
| #define HAVE_INTTYPES_H 1
| #define HAVE_STDINT_H 1
| #define HAVE_UNISTD_H 1
| #define HAVE_DLFCN_H 1
| /* end confdefs.h.  */
| #include <ac_nonexistent.h>
configure:6019: checking for arm-hisiv200-linux-g77
configure:6049: result: no
configure:6019: checking for arm-hisiv200-linux-xlf
configure:6049: result: no
configure:6019: checking for arm-hisiv200-linux-f77
configure:6049: result: no
configure:6019: checking for arm-hisiv200-linux-frt
configure:6049: result: no
configure:6019: checking for arm-hisiv200-linux-pgf77
configure:6049: result: no
configure:6019: checking for arm-hisiv200-linux-cf77
configure:6049: result: no
configure:6019: checking for arm-hisiv200-linux-fort77
configure:6049: result: no
configure:6019: checking for arm-hisiv200-linux-fl32
configure:6049: result: no
configure:6019: checking for arm-hisiv200-linux-af77
configure:6049: result: no
configure:6019: checking for arm-hisiv200-linux-xlf90
configure:6049: result: no
configure:6019: checking for arm-hisiv200-linux-f90
configure:6049: result: no
configure:6019: checking for arm-hisiv200-linux-pgf90
configure:6049: result: no
configure:6019: checking for arm-hisiv200-linux-pghpf
configure:6049: result: no
configure:6019: checking for arm-hisiv200-linux-epcf90
configure:6049: result: no
configure:6019: checking for arm-hisiv200-linux-gfortran
configure:6049: result: no
configure:6019: checking for arm-hisiv200-linux-g95
configure:6049: result: no
configure:6019: checking for arm-hisiv200-linux-xlf95
configure:6049: result: no
configure:6019: checking for arm-hisiv200-linux-f95
configure:6049: result: no
configure:6019: checking for arm-hisiv200-linux-fort
configure:6049: result: no
configure:6019: checking for arm-hisiv200-linux-ifort
configure:6049: result: no
configure:6019: checking for arm-hisiv200-linux-ifc
configure:6049: result: no
configure:6019: checking for arm-hisiv200-linux-efc
configure:6049: result: no
configure:6019: checking for arm-hisiv200-linux-pgf95
configure:6049: result: no
configure:6019: checking for arm-hisiv200-linux-lf95
configure:6049: result: no
configure:6019: checking for arm-hisiv200-linux-ftn
configure:6049: result: no
configure:6063: checking for g77
configure:6093: result: no
configure:6063: checking for xlf
configure:6093: result: no
configure:6063: checking for f77
configure:6093: result: no
configure:6063: checking for frt
configure:6093: result: no
configure:6063: checking for pgf77
configure:6093: result: no
configure:6063: checking for cf77
configure:6093: result: no
configure:6063: checking for fort77
configure:6093: result: no
configure:6063: checking for fl32
configure:6093: result: no
configure:6063: checking for af77
configure:6093: result: no
configure:6063: checking for xlf90
configure:6093: result: no
configure:6063: checking for f90
configure:6093: result: no
configure:6063: checking for pgf90
configure:6093: result: no
configure:6063: checking for pghpf
configure:6093: result: no
configure:6063: checking for epcf90
configure:6093: result: no
configure:6063: checking for gfortran
configure:6093: result: no
configure:6063: checking for g95
configure:6093: result: no
configure:6063: checking for xlf95
configure:6093: result: no
configure:6063: checking for f95
configure:6093: result: no
configure:6063: checking for fort
configure:6093: result: no
configure:6063: checking for ifort
configure:6093: result: no
configure:6063: checking for ifc
configure:6093: result: no
configure:6063: checking for efc
configure:6093: result: no
configure:6063: checking for pgf95
configure:6093: result: no
configure:6063: checking for lf95
configure:6093: result: no
configure:6063: checking for ftn
configure:6093: result: no
configure:6120: checking for Fortran 77 compiler version
configure:6127:  --version >&5
./configure: line 6128: --version: command not found
configure:6130: $? = 127
configure:6137:  -v >&5
./configure: line 6138: -v: command not found
configure:6140: $? = 127
configure:6147:  -V >&5
./configure: line 6148: -V: command not found
configure:6150: $? = 127
configure:6158: checking whether we are using the GNU Fortran 77 compiler
configure:6177:  -c  conftest.F >&5
./configure: line 6178: -c: command not found
configure:6183: $? = 127
configure: failed program was:
|       program main
| #ifndef __GNUC__
|        choke me
| #endif
| 
|       end
configure:6200: result: no
configure:6206: checking whether  accepts -g
configure:6223:  -c -g conftest.f >&5
./configure: line 6224: -c: command not found
configure:6229: $? = 127
configure: failed program was:
|       program main
| 
|       end
configure:6245: result: no
configure:6275: checking the maximum length of command line arguments
configure:6387: result: 805306365
configure:6399: checking command to parse /opt/hisi-linux/x86-arm/arm-hisiv200-linux/target/bin/arm-hisiv200-linux-nm -B output from arm-hisiv200-linux-gcc object
configure:6504: arm-hisiv200-linux-gcc -c  		-O2 		-I/opt/hisi-linux/x86-arm/arm-hisiv200-linux/target/usr/include 		-I/home/hisisdk/histb/autelan/fakerelease/usr/include -I/home/hisisdk/histb/autelan/fakerelease/usr/local/include 		  conftest.c >&5
configure:6507: $? = 0
configure:6511: /opt/hisi-linux/x86-arm/arm-hisiv200-linux/target/bin/arm-hisiv200-linux-nm -B conftest.o \| sed -n -e 's/^.*[ 	]\([ABCDGIRSTW][ABCDGIRSTW]*\)[ 	][ 	]*\([_A-Za-z][_A-Za-z0-9]*\)$/\1 \2 \2/p' \> conftest.nm
configure:6514: $? = 0
configure:6566: arm-hisiv200-linux-gcc -o conftest  		-O2 		-I/opt/hisi-linux/x86-arm/arm-hisiv200-linux/target/usr/include 		-I/home/hisisdk/histb/autelan/fakerelease/usr/include -I/home/hisisdk/histb/autelan/fakerelease/usr/local/include 		   		-L/opt/hisi-linux/x86-arm/arm-hisiv200-linux/target/lib -L/opt/hisi-linux/x86-arm/arm-hisiv200-linux/target/usr/lib 		-L/home/hisisdk/histb/autelan/release/lib -L/home/hisisdk/histb/autelan/release/usr/lib -L/home/hisisdk/histb/autelan/release/usr/local/lib 		 conftest.c conftstm.o >&5
configure:6569: $? = 0
configure:6607: result: ok
configure:6611: checking for objdir
configure:6626: result: .libs
configure:6678: checking for arm-hisiv200-linux-ar
configure:6694: found /opt/hisi-linux/x86-arm/arm-hisiv200-linux/target/bin/arm-hisiv200-linux-ar
configure:6705: result: arm-hisiv200-linux-ar
configure:6774: checking for arm-hisiv200-linux-ranlib
configure:6790: found /opt/hisi-linux/x86-arm/arm-hisiv200-linux/target/bin/arm-hisiv200-linux-ranlib
configure:6801: result: arm-hisiv200-linux-ranlib
configure:6870: checking for arm-hisiv200-linux-strip
configure:6897: result: arm-hisiv200-linux-strip
configure:7223: checking if arm-hisiv200-linux-gcc supports -fno-rtti -fno-exceptions
configure:7241: arm-hisiv200-linux-gcc -c  		-O2 		-I/opt/hisi-linux/x86-arm/arm-hisiv200-linux/target/usr/include 		-I/home/hisisdk/histb/autelan/fakerelease/usr/include -I/home/hisisdk/histb/autelan/fakerelease/usr/local/include 		  -fno-rtti -fno-exceptions conftest.c >&5
cc1: warning: command line option "-fno-rtti" is valid for C++/ObjC++ but not for C
configure:7245: $? = 0
configure:7258: result: no
configure:7273: checking for arm-hisiv200-linux-gcc option to produce PIC
configure:7505: result: -fPIC
configure:7513: checking if arm-hisiv200-linux-gcc PIC flag -fPIC works
configure:7531: arm-hisiv200-linux-gcc -c  		-O2 		-I/opt/hisi-linux/x86-arm/arm-hisiv200-linux/target/usr/include 		-I/home/hisisdk/histb/autelan/fakerelease/usr/include -I/home/hisisdk/histb/autelan/fakerelease/usr/local/include 		  -fPIC -DPIC conftest.c >&5
configure:7535: $? = 0
configure:7548: result: yes
configure:7576: checking if arm-hisiv200-linux-gcc static flag -static works
configure:7604: result: yes
configure:7614: checking if arm-hisiv200-linux-gcc supports -c -o file.o
configure:7635: arm-hisiv200-linux-gcc -c  		-O2 		-I/opt/hisi-linux/x86-arm/arm-hisiv200-linux/target/usr/include 		-I/home/hisisdk/histb/autelan/fakerelease/usr/include -I/home/hisisdk/histb/autelan/fakerelease/usr/local/include 		  -o out/conftest2.o conftest.c >&5
configure:7639: $? = 0
configure:7661: result: yes
configure:7687: checking whether the arm-hisiv200-linux-gcc linker (/opt/hisi-linux/x86-arm/arm-hisiv200-linux/arm-hisiv200-linux-gnueabi/bin/ld) supports shared libraries
configure:8667: result: yes
configure:8688: checking whether -lc should be explicitly linked in
configure:8693: arm-hisiv200-linux-gcc -c  		-O2 		-I/opt/hisi-linux/x86-arm/arm-hisiv200-linux/target/usr/include 		-I/home/hisisdk/histb/autelan/fakerelease/usr/include -I/home/hisisdk/histb/autelan/fakerelease/usr/local/include 		  conftest.c >&5
configure:8696: $? = 0
configure:8711: arm-hisiv200-linux-gcc -shared conftest.o  -v -Wl,-soname -Wl,conftest -o conftest 2\>\&1 \| grep  -lc  \>/dev/null 2\>\&1
configure:8714: $? = 0
configure:8726: result: no
configure:8734: checking dynamic linker characteristics
configure:9338: result: GNU/Linux ld.so
configure:9347: checking how to hardcode library paths into programs
configure:9372: result: immediate
configure:9386: checking whether stripping libraries is possible
configure:9391: result: yes
configure:10193: checking if libtool supports shared libraries
configure:10195: result: yes
configure:10198: checking whether to build shared libraries
configure:10219: result: yes
configure:10222: checking whether to build static libraries
configure:10226: result: no
configure:10319: creating libtool
configure:10907: checking for ld used by arm-hisiv200-linux-g++
configure:10974: result: /opt/hisi-linux/x86-arm/arm-hisiv200-linux/arm-hisiv200-linux-gnueabi/bin/ld
configure:10983: checking if the linker (/opt/hisi-linux/x86-arm/arm-hisiv200-linux/arm-hisiv200-linux-gnueabi/bin/ld) is GNU ld
configure:10998: result: yes
configure:11049: checking whether the arm-hisiv200-linux-g++ linker (/opt/hisi-linux/x86-arm/arm-hisiv200-linux/arm-hisiv200-linux-gnueabi/bin/ld) supports shared libraries
configure:12023: result: yes
configure:12041: arm-hisiv200-linux-g++ -c -g -O2  conftest.cpp >&5
configure:12044: $? = 0
configure:12196: checking for arm-hisiv200-linux-g++ option to produce PIC
configure:12480: result: -fPIC
configure:12488: checking if arm-hisiv200-linux-g++ PIC flag -fPIC works
configure:12506: arm-hisiv200-linux-g++ -c -g -O2  -fPIC -DPIC conftest.cpp >&5
configure:12510: $? = 0
configure:12523: result: yes
configure:12551: checking if arm-hisiv200-linux-g++ static flag -static works
configure:12579: result: yes
configure:12589: checking if arm-hisiv200-linux-g++ supports -c -o file.o
configure:12610: arm-hisiv200-linux-g++ -c -g -O2  -o out/conftest2.o conftest.cpp >&5
configure:12614: $? = 0
configure:12636: result: yes
configure:12662: checking whether the arm-hisiv200-linux-g++ linker (/opt/hisi-linux/x86-arm/arm-hisiv200-linux/arm-hisiv200-linux-gnueabi/bin/ld) supports shared libraries
configure:12687: result: yes
configure:12754: checking dynamic linker characteristics
configure:13306: result: GNU/Linux ld.so
configure:13315: checking how to hardcode library paths into programs
configure:13340: result: immediate
configure:19530: checking whether arm-hisiv200-linux-gcc needs -traditional
configure:19572: result: no
configure:19586: checking for special C compiler options needed for large files
configure:19679: result: no
configure:19685: checking for _FILE_OFFSET_BITS value needed for large files
configure:19720: arm-hisiv200-linux-gcc -c -Wall -W -D_GNU_SOURCE -D_REENTRANT  		-O2 		-I/opt/hisi-linux/x86-arm/arm-hisiv200-linux/target/usr/include 		-I/home/hisisdk/histb/autelan/fakerelease/usr/include -I/home/hisisdk/histb/autelan/fakerelease/usr/local/include 		  conftest.c >&5
conftest.c:27: warning: left shift count >= width of type
conftest.c:27: warning: left shift count >= width of type
conftest.c:29: error: size of array 'off_t_is_large' is negative
configure:19726: $? = 1
configure: failed program was:
| /* confdefs.h.  */
| #define PACKAGE_NAME "popt"
| #define PACKAGE_TARNAME "popt"
| #define PACKAGE_VERSION "1.14"
| #define PACKAGE_STRING "popt 1.14"
| #define PACKAGE_BUGREPORT "popt-devel@rpm5.org"
| #define PACKAGE "popt"
| #define VERSION "1.14"
| #define STDC_HEADERS 1
| #define HAVE_SYS_TYPES_H 1
| #define HAVE_SYS_STAT_H 1
| #define HAVE_STDLIB_H 1
| #define HAVE_STRING_H 1
| #define HAVE_MEMORY_H 1
| #define HAVE_STRINGS_H 1
| #define HAVE_INTTYPES_H 1
| #define HAVE_STDINT_H 1
| #define HAVE_UNISTD_H 1
| #define HAVE_DLFCN_H 1
| /* end confdefs.h.  */
| #include <sys/types.h>
|  /* Check that off_t can represent 2**63 - 1 correctly.
|     We can't simply define LARGE_OFF_T to be 9223372036854775807,
|     since some C++ compilers masquerading as C compilers
|     incorrectly reject 9223372036854775807.  */
| #define LARGE_OFF_T (((off_t) 1 << 62) - 1 + ((off_t) 1 << 62))
|   int off_t_is_large[(LARGE_OFF_T % 2147483629 == 721
| 		       && LARGE_OFF_T % 2147483647 == 1)
| 		      ? 1 : -1];
| int
| main ()
| {
| 
|   ;
|   return 0;
| }
configure:19770: arm-hisiv200-linux-gcc -c -Wall -W -D_GNU_SOURCE -D_REENTRANT  		-O2 		-I/opt/hisi-linux/x86-arm/arm-hisiv200-linux/target/usr/include 		-I/home/hisisdk/histb/autelan/fakerelease/usr/include -I/home/hisisdk/histb/autelan/fakerelease/usr/local/include 		  conftest.c >&5
configure:19776: $? = 0
configure:19794: result: 64
configure:19930: checking for library containing strerror
configure:19971: arm-hisiv200-linux-gcc -o conftest -Wall -W -D_GNU_SOURCE -D_REENTRANT  		-O2 		-I/opt/hisi-linux/x86-arm/arm-hisiv200-linux/target/usr/include 		-I/home/hisisdk/histb/autelan/fakerelease/usr/include -I/home/hisisdk/histb/autelan/fakerelease/usr/local/include 		   		-L/opt/hisi-linux/x86-arm/arm-hisiv200-linux/target/lib -L/opt/hisi-linux/x86-arm/arm-hisiv200-linux/target/usr/lib 		-L/home/hisisdk/histb/autelan/release/lib -L/home/hisisdk/histb/autelan/release/usr/lib -L/home/hisisdk/histb/autelan/release/usr/local/lib 		 conftest.c  >&5
configure:19977: $? = 0
configure:20005: result: none required
configure:20013: checking for function prototypes
configure:20016: result: yes
configure:20046: checking for string.h
configure:20052: result: yes
configure:20202: checking float.h usability
configure:20219: arm-hisiv200-linux-gcc -c -Wall -W -D_GNU_SOURCE -D_REENTRANT  		-O2 		-I/opt/hisi-linux/x86-arm/arm-hisiv200-linux/target/usr/include 		-I/home/hisisdk/histb/autelan/fakerelease/usr/include -I/home/hisisdk/histb/autelan/fakerelease/usr/local/include 		  conftest.c >&5
configure:20225: $? = 0
configure:20239: result: yes
configure:20243: checking float.h presence
configure:20258: arm-hisiv200-linux-gcc -E  conftest.c
configure:20264: $? = 0
configure:20278: result: yes
configure:20311: checking for float.h
configure:20319: result: yes
configure:20202: checking glob.h usability
configure:20219: arm-hisiv200-linux-gcc -c -Wall -W -D_GNU_SOURCE -D_REENTRANT  		-O2 		-I/opt/hisi-linux/x86-arm/arm-hisiv200-linux/target/usr/include 		-I/home/hisisdk/histb/autelan/fakerelease/usr/include -I/home/hisisdk/histb/autelan/fakerelease/usr/local/include 		  conftest.c >&5
configure:20225: $? = 0
configure:20239: result: yes
configure:20243: checking glob.h presence
configure:20258: arm-hisiv200-linux-gcc -E  conftest.c
configure:20264: $? = 0
configure:20278: result: yes
configure:20311: checking for glob.h
configure:20319: result: yes
configure:20202: checking langinfo.h usability
configure:20219: arm-hisiv200-linux-gcc -c -Wall -W -D_GNU_SOURCE -D_REENTRANT  		-O2 		-I/opt/hisi-linux/x86-arm/arm-hisiv200-linux/target/usr/include 		-I/home/hisisdk/histb/autelan/fakerelease/usr/include -I/home/hisisdk/histb/autelan/fakerelease/usr/local/include 		  conftest.c >&5
configure:20225: $? = 0
configure:20239: result: yes
configure:20243: checking langinfo.h presence
configure:20258: arm-hisiv200-linux-gcc -E  conftest.c
configure:20264: $? = 0
configure:20278: result: yes
configure:20311: checking for langinfo.h
configure:20319: result: yes
configure:20202: checking libintl.h usability
configure:20219: arm-hisiv200-linux-gcc -c -Wall -W -D_GNU_SOURCE -D_REENTRANT  		-O2 		-I/opt/hisi-linux/x86-arm/arm-hisiv200-linux/target/usr/include 		-I/home/hisisdk/histb/autelan/fakerelease/usr/include -I/home/hisisdk/histb/autelan/fakerelease/usr/local/include 		  conftest.c >&5
configure:20225: $? = 0
configure:20239: result: yes
configure:20243: checking libintl.h presence
configure:20258: arm-hisiv200-linux-gcc -E  conftest.c
configure:20264: $? = 0
configure:20278: result: yes
configure:20311: checking for libintl.h
configure:20319: result: yes
configure:20202: checking mcheck.h usability
configure:20219: arm-hisiv200-linux-gcc -c -Wall -W -D_GNU_SOURCE -D_REENTRANT  		-O2 		-I/opt/hisi-linux/x86-arm/arm-hisiv200-linux/target/usr/include 		-I/home/hisisdk/histb/autelan/fakerelease/usr/include -I/home/hisisdk/histb/autelan/fakerelease/usr/local/include 		  conftest.c >&5
configure:20225: $? = 0
configure:20239: result: yes
configure:20243: checking mcheck.h presence
configure:20258: arm-hisiv200-linux-gcc -E  conftest.c
configure:20264: $? = 0
configure:20278: result: yes
configure:20311: checking for mcheck.h
configure:20319: result: yes
configure:20192: checking for unistd.h
configure:20198: result: yes
configure:20360: checking for setreuid
configure:20416: arm-hisiv200-linux-gcc -o conftest -Wall -W -D_GNU_SOURCE -D_REENTRANT  		-O2 		-I/opt/hisi-linux/x86-arm/arm-hisiv200-linux/target/usr/include 		-I/home/hisisdk/histb/autelan/fakerelease/usr/include -I/home/hisisdk/histb/autelan/fakerelease/usr/local/include 		   		-L/opt/hisi-linux/x86-arm/arm-hisiv200-linux/target/lib -L/opt/hisi-linux/x86-arm/arm-hisiv200-linux/target/usr/lib 		-L/home/hisisdk/histb/autelan/release/lib -L/home/hisisdk/histb/autelan/release/usr/lib -L/home/hisisdk/histb/autelan/release/usr/local/lib 		 conftest.c  >&5
configure:20422: $? = 0
configure:20439: result: yes
configure:20525: checking for getuid
configure:20581: arm-hisiv200-linux-gcc -o conftest -Wall -W -D_GNU_SOURCE -D_REENTRANT  		-O2 		-I/opt/hisi-linux/x86-arm/arm-hisiv200-linux/target/usr/include 		-I/home/hisisdk/histb/autelan/fakerelease/usr/include -I/home/hisisdk/histb/autelan/fakerelease/usr/local/include 		   		-L/opt/hisi-linux/x86-arm/arm-hisiv200-linux/target/lib -L/opt/hisi-linux/x86-arm/arm-hisiv200-linux/target/usr/lib 		-L/home/hisisdk/histb/autelan/release/lib -L/home/hisisdk/histb/autelan/release/usr/lib -L/home/hisisdk/histb/autelan/release/usr/local/lib 		 conftest.c  >&5
configure:20587: $? = 0
configure:20605: result: yes
configure:20525: checking for geteuid
configure:20581: arm-hisiv200-linux-gcc -o conftest -Wall -W -D_GNU_SOURCE -D_REENTRANT  		-O2 		-I/opt/hisi-linux/x86-arm/arm-hisiv200-linux/target/usr/include 		-I/home/hisisdk/histb/autelan/fakerelease/usr/include -I/home/hisisdk/histb/autelan/fakerelease/usr/local/include 		   		-L/opt/hisi-linux/x86-arm/arm-hisiv200-linux/target/lib -L/opt/hisi-linux/x86-arm/arm-hisiv200-linux/target/usr/lib 		-L/home/hisisdk/histb/autelan/release/lib -L/home/hisisdk/histb/autelan/release/usr/lib -L/home/hisisdk/histb/autelan/release/usr/local/lib 		 conftest.c  >&5
configure:20587: $? = 0
configure:20605: result: yes
configure:20525: checking for iconv
configure:20581: arm-hisiv200-linux-gcc -o conftest -Wall -W -D_GNU_SOURCE -D_REENTRANT  		-O2 		-I/opt/hisi-linux/x86-arm/arm-hisiv200-linux/target/usr/include 		-I/home/hisisdk/histb/autelan/fakerelease/usr/include -I/home/hisisdk/histb/autelan/fakerelease/usr/local/include 		   		-L/opt/hisi-linux/x86-arm/arm-hisiv200-linux/target/lib -L/opt/hisi-linux/x86-arm/arm-hisiv200-linux/target/usr/lib 		-L/home/hisisdk/histb/autelan/release/lib -L/home/hisisdk/histb/autelan/release/usr/lib -L/home/hisisdk/histb/autelan/release/usr/local/lib 		 conftest.c  >&5
configure:20587: $? = 0
configure:20605: result: yes
configure:20525: checking for mtrace
configure:20581: arm-hisiv200-linux-gcc -o conftest -Wall -W -D_GNU_SOURCE -D_REENTRANT  		-O2 		-I/opt/hisi-linux/x86-arm/arm-hisiv200-linux/target/usr/include 		-I/home/hisisdk/histb/autelan/fakerelease/usr/include -I/home/hisisdk/histb/autelan/fakerelease/usr/local/include 		   		-L/opt/hisi-linux/x86-arm/arm-hisiv200-linux/target/lib -L/opt/hisi-linux/x86-arm/arm-hisiv200-linux/target/usr/lib 		-L/home/hisisdk/histb/autelan/release/lib -L/home/hisisdk/histb/autelan/release/usr/lib -L/home/hisisdk/histb/autelan/release/usr/local/lib 		 conftest.c  >&5
configure:20587: $? = 0
configure:20605: result: yes
configure:20525: checking for __secure_getenv
configure:20581: arm-hisiv200-linux-gcc -o conftest -Wall -W -D_GNU_SOURCE -D_REENTRANT  		-O2 		-I/opt/hisi-linux/x86-arm/arm-hisiv200-linux/target/usr/include 		-I/home/hisisdk/histb/autelan/fakerelease/usr/include -I/home/hisisdk/histb/autelan/fakerelease/usr/local/include 		   		-L/opt/hisi-linux/x86-arm/arm-hisiv200-linux/target/lib -L/opt/hisi-linux/x86-arm/arm-hisiv200-linux/target/usr/lib 		-L/home/hisisdk/histb/autelan/release/lib -L/home/hisisdk/histb/autelan/release/usr/lib -L/home/hisisdk/histb/autelan/release/usr/local/lib 		 conftest.c  >&5
configure:20587: $? = 0
configure:20605: result: yes
configure:20525: checking for setregid
configure:20581: arm-hisiv200-linux-gcc -o conftest -Wall -W -D_GNU_SOURCE -D_REENTRANT  		-O2 		-I/opt/hisi-linux/x86-arm/arm-hisiv200-linux/target/usr/include 		-I/home/hisisdk/histb/autelan/fakerelease/usr/include -I/home/hisisdk/histb/autelan/fakerelease/usr/local/include 		   		-L/opt/hisi-linux/x86-arm/arm-hisiv200-linux/target/lib -L/opt/hisi-linux/x86-arm/arm-hisiv200-linux/target/usr/lib 		-L/home/hisisdk/histb/autelan/release/lib -L/home/hisisdk/histb/autelan/release/usr/lib -L/home/hisisdk/histb/autelan/release/usr/local/lib 		 conftest.c  >&5
configure:20587: $? = 0
configure:20605: result: yes
configure:20525: checking for stpcpy
configure:20581: arm-hisiv200-linux-gcc -o conftest -Wall -W -D_GNU_SOURCE -D_REENTRANT  		-O2 		-I/opt/hisi-linux/x86-arm/arm-hisiv200-linux/target/usr/include 		-I/home/hisisdk/histb/autelan/fakerelease/usr/include -I/home/hisisdk/histb/autelan/fakerelease/usr/local/include 		   		-L/opt/hisi-linux/x86-arm/arm-hisiv200-linux/target/lib -L/opt/hisi-linux/x86-arm/arm-hisiv200-linux/target/usr/lib 		-L/home/hisisdk/histb/autelan/release/lib -L/home/hisisdk/histb/autelan/release/usr/lib -L/home/hisisdk/histb/autelan/release/usr/local/lib 		 conftest.c  >&5
conftest.c:60: warning: conflicting types for built-in function 'stpcpy'
configure:20587: $? = 0
configure:20605: result: yes
configure:20525: checking for strerror
configure:20581: arm-hisiv200-linux-gcc -o conftest -Wall -W -D_GNU_SOURCE -D_REENTRANT  		-O2 		-I/opt/hisi-linux/x86-arm/arm-hisiv200-linux/target/usr/include 		-I/home/hisisdk/histb/autelan/fakerelease/usr/include -I/home/hisisdk/histb/autelan/fakerelease/usr/local/include 		   		-L/opt/hisi-linux/x86-arm/arm-hisiv200-linux/target/lib -L/opt/hisi-linux/x86-arm/arm-hisiv200-linux/target/usr/lib 		-L/home/hisisdk/histb/autelan/release/lib -L/home/hisisdk/histb/autelan/release/usr/lib -L/home/hisisdk/histb/autelan/release/usr/local/lib 		 conftest.c  >&5
configure:20587: $? = 0
configure:20605: result: yes
configure:20525: checking for vasprintf
configure:20581: arm-hisiv200-linux-gcc -o conftest -Wall -W -D_GNU_SOURCE -D_REENTRANT  		-O2 		-I/opt/hisi-linux/x86-arm/arm-hisiv200-linux/target/usr/include 		-I/home/hisisdk/histb/autelan/fakerelease/usr/include -I/home/hisisdk/histb/autelan/fakerelease/usr/local/include 		   		-L/opt/hisi-linux/x86-arm/arm-hisiv200-linux/target/lib -L/opt/hisi-linux/x86-arm/arm-hisiv200-linux/target/usr/lib 		-L/home/hisisdk/histb/autelan/release/lib -L/home/hisisdk/histb/autelan/release/usr/lib -L/home/hisisdk/histb/autelan/release/usr/local/lib 		 conftest.c  >&5
configure:20587: $? = 0
configure:20605: result: yes
configure:20617: checking whether NLS is requested
configure:20626: result: yes
configure:20667: checking for msgfmt
configure: trying /usr/bin/msgfmt...
0 translated messages.
configure:20699: result: /usr/bin/msgfmt
configure:20708: checking for gmsgfmt
configure:20739: result: /usr/bin/msgfmt
configure:20790: checking for xgettext
configure: trying /usr/bin/xgettext...
/usr/bin/xgettext: warning: file `/dev/null' extension `' is unknown; will try C
configure:20822: result: /usr/bin/xgettext
configure:20868: checking for msgmerge
configure: trying /usr/bin/msgmerge...
configure:20899: result: /usr/bin/msgmerge
configure:20956: checking for ld used by GCC
configure:21020: result: /opt/hisi-linux/x86-arm/arm-hisiv200-linux/arm-hisiv200-linux-gnueabi/bin/ld
configure:21029: checking if the linker (/opt/hisi-linux/x86-arm/arm-hisiv200-linux/arm-hisiv200-linux-gnueabi/bin/ld) is GNU ld
configure:21042: result: yes
configure:21049: checking for shared library run path origin
configure:21062: result: done
configure:21563: checking for CFPreferencesCopyAppValue
configure:21591: arm-hisiv200-linux-gcc -o conftest -Wall -W -D_GNU_SOURCE -D_REENTRANT  		-O2 		-I/opt/hisi-linux/x86-arm/arm-hisiv200-linux/target/usr/include 		-I/home/hisisdk/histb/autelan/fakerelease/usr/include -I/home/hisisdk/histb/autelan/fakerelease/usr/local/include 		   		-L/opt/hisi-linux/x86-arm/arm-hisiv200-linux/target/lib -L/opt/hisi-linux/x86-arm/arm-hisiv200-linux/target/usr/lib 		-L/home/hisisdk/histb/autelan/release/lib -L/home/hisisdk/histb/autelan/release/usr/lib -L/home/hisisdk/histb/autelan/release/usr/local/lib 		 conftest.c  -Wl,-framework -Wl,CoreFoundation >&5
conftest.c:40: fatal error: CoreFoundation/CFPreferences.h: No such file or directory
compilation terminated.
configure:21597: $? = 1
configure: failed program was:
| /* confdefs.h.  */
| #define PACKAGE_NAME "popt"
| #define PACKAGE_TARNAME "popt"
| #define PACKAGE_VERSION "1.14"
| #define PACKAGE_STRING "popt 1.14"
| #define PACKAGE_BUGREPORT "popt-devel@rpm5.org"
| #define PACKAGE "popt"
| #define VERSION "1.14"
| #define STDC_HEADERS 1
| #define HAVE_SYS_TYPES_H 1
| #define HAVE_SYS_STAT_H 1
| #define HAVE_STDLIB_H 1
| #define HAVE_STRING_H 1
| #define HAVE_MEMORY_H 1
| #define HAVE_STRINGS_H 1
| #define HAVE_INTTYPES_H 1
| #define HAVE_STDINT_H 1
| #define HAVE_UNISTD_H 1
| #define HAVE_DLFCN_H 1
| #define _FILE_OFFSET_BITS 64
| #define PROTOTYPES 1
| #define __PROTOTYPES 1
| #define HAVE_STRING_H 1
| #define HAVE_FLOAT_H 1
| #define HAVE_GLOB_H 1
| #define HAVE_LANGINFO_H 1
| #define HAVE_LIBINTL_H 1
| #define HAVE_MCHECK_H 1
| #define HAVE_UNISTD_H 1
| #define HAVE_GETUID 1
| #define HAVE_GETEUID 1
| #define HAVE_ICONV 1
| #define HAVE_MTRACE 1
| #define HAVE___SECURE_GETENV 1
| #define HAVE_SETREGID 1
| #define HAVE_STPCPY 1
| #define HAVE_STRERROR 1
| #define HAVE_VASPRINTF 1
| /* end confdefs.h.  */
| #include <CoreFoundation/CFPreferences.h>
| int
| main ()
| {
| CFPreferencesCopyAppValue(NULL, NULL)
|   ;
|   return 0;
| }
configure:21615: result: no
configure:21624: checking for CFLocaleCopyCurrent
configure:21652: arm-hisiv200-linux-gcc -o conftest -Wall -W -D_GNU_SOURCE -D_REENTRANT  		-O2 		-I/opt/hisi-linux/x86-arm/arm-hisiv200-linux/target/usr/include 		-I/home/hisisdk/histb/autelan/fakerelease/usr/include -I/home/hisisdk/histb/autelan/fakerelease/usr/local/include 		   		-L/opt/hisi-linux/x86-arm/arm-hisiv200-linux/target/lib -L/opt/hisi-linux/x86-arm/arm-hisiv200-linux/target/usr/lib 		-L/home/hisisdk/histb/autelan/release/lib -L/home/hisisdk/histb/autelan/release/usr/lib -L/home/hisisdk/histb/autelan/release/usr/local/lib 		 conftest.c  -Wl,-framework -Wl,CoreFoundation >&5
conftest.c:40: fatal error: CoreFoundation/CFLocale.h: No such file or directory
compilation terminated.
configure:21658: $? = 1
configure: failed program was:
| /* confdefs.h.  */
| #define PACKAGE_NAME "popt"
| #define PACKAGE_TARNAME "popt"
| #define PACKAGE_VERSION "1.14"
| #define PACKAGE_STRING "popt 1.14"
| #define PACKAGE_BUGREPORT "popt-devel@rpm5.org"
| #define PACKAGE "popt"
| #define VERSION "1.14"
| #define STDC_HEADERS 1
| #define HAVE_SYS_TYPES_H 1
| #define HAVE_SYS_STAT_H 1
| #define HAVE_STDLIB_H 1
| #define HAVE_STRING_H 1
| #define HAVE_MEMORY_H 1
| #define HAVE_STRINGS_H 1
| #define HAVE_INTTYPES_H 1
| #define HAVE_STDINT_H 1
| #define HAVE_UNISTD_H 1
| #define HAVE_DLFCN_H 1
| #define _FILE_OFFSET_BITS 64
| #define PROTOTYPES 1
| #define __PROTOTYPES 1
| #define HAVE_STRING_H 1
| #define HAVE_FLOAT_H 1
| #define HAVE_GLOB_H 1
| #define HAVE_LANGINFO_H 1
| #define HAVE_LIBINTL_H 1
| #define HAVE_MCHECK_H 1
| #define HAVE_UNISTD_H 1
| #define HAVE_GETUID 1
| #define HAVE_GETEUID 1
| #define HAVE_ICONV 1
| #define HAVE_MTRACE 1
| #define HAVE___SECURE_GETENV 1
| #define HAVE_SETREGID 1
| #define HAVE_STPCPY 1
| #define HAVE_STRERROR 1
| #define HAVE_VASPRINTF 1
| /* end confdefs.h.  */
| #include <CoreFoundation/CFLocale.h>
| int
| main ()
| {
| CFLocaleCopyCurrent();
|   ;
|   return 0;
| }
configure:21676: result: no
configure:21727: checking for GNU gettext in libc
configure:21757: arm-hisiv200-linux-gcc -o conftest -Wall -W -D_GNU_SOURCE -D_REENTRANT  		-O2 		-I/opt/hisi-linux/x86-arm/arm-hisiv200-linux/target/usr/include 		-I/home/hisisdk/histb/autelan/fakerelease/usr/include -I/home/hisisdk/histb/autelan/fakerelease/usr/local/include 		   		-L/opt/hisi-linux/x86-arm/arm-hisiv200-linux/target/lib -L/opt/hisi-linux/x86-arm/arm-hisiv200-linux/target/usr/lib 		-L/home/hisisdk/histb/autelan/release/lib -L/home/hisisdk/histb/autelan/release/usr/lib -L/home/hisisdk/histb/autelan/release/usr/local/lib 		 conftest.c  >&5
configure:21763: $? = 0
configure:21781: result: yes
configure:22665: checking whether to use NLS
configure:22667: result: yes
configure:22670: checking where the gettext function comes from
configure:22681: result: libc
configure:22771: checking for iconv
configure:22803: arm-hisiv200-linux-gcc -o conftest -Wall -W -D_GNU_SOURCE -D_REENTRANT  		-O2 		-I/opt/hisi-linux/x86-arm/arm-hisiv200-linux/target/usr/include 		-I/home/hisisdk/histb/autelan/fakerelease/usr/include -I/home/hisisdk/histb/autelan/fakerelease/usr/local/include 		   		-L/opt/hisi-linux/x86-arm/arm-hisiv200-linux/target/lib -L/opt/hisi-linux/x86-arm/arm-hisiv200-linux/target/usr/lib 		-L/home/hisisdk/histb/autelan/release/lib -L/home/hisisdk/histb/autelan/release/usr/lib -L/home/hisisdk/histb/autelan/release/usr/local/lib 		 conftest.c  >&5
configure:22809: $? = 0
configure:22879: result: yes
configure:22882: checking for working iconv
configure:22998: result: guessing yes
configure:23174: creating ./config.status

## ---------------- ##
## Cache variables. ##
## ---------------- ##

ac_cv_build=i686-pc-linux-gnu
ac_cv_c_compiler_gnu=yes
ac_cv_cxx_compiler_gnu=yes
ac_cv_env_CCC_set=
ac_cv_env_CCC_value=
ac_cv_env_CC_set=set
ac_cv_env_CC_value=arm-hisiv200-linux-gcc
ac_cv_env_CFLAGS_set=set
ac_cv_env_CFLAGS_value=' 		-O2 		-I/opt/hisi-linux/x86-arm/arm-hisiv200-linux/target/usr/include 		-I/home/hisisdk/histb/autelan/fakerelease/usr/include -I/home/hisisdk/histb/autelan/fakerelease/usr/local/include 		'
ac_cv_env_CPPFLAGS_set=
ac_cv_env_CPPFLAGS_value=
ac_cv_env_CPP_set=
ac_cv_env_CPP_value=
ac_cv_env_CXXCPP_set=
ac_cv_env_CXXCPP_value=
ac_cv_env_CXXFLAGS_set=
ac_cv_env_CXXFLAGS_value=
ac_cv_env_CXX_set=set
ac_cv_env_CXX_value=arm-hisiv200-linux-g++
ac_cv_env_F77_set=
ac_cv_env_F77_value=
ac_cv_env_FFLAGS_set=
ac_cv_env_FFLAGS_value=
ac_cv_env_LDFLAGS_set=set
ac_cv_env_LDFLAGS_value=' 		-L/opt/hisi-linux/x86-arm/arm-hisiv200-linux/target/lib -L/opt/hisi-linux/x86-arm/arm-hisiv200-linux/target/usr/lib 		-L/home/hisisdk/histb/autelan/release/lib -L/home/hisisdk/histb/autelan/release/usr/lib -L/home/hisisdk/histb/autelan/release/usr/local/lib 		'
ac_cv_env_LIBS_set=
ac_cv_env_LIBS_value=
ac_cv_env_build_alias_set=
ac_cv_env_build_alias_value=
ac_cv_env_host_alias_set=set
ac_cv_env_host_alias_value=arm-hisiv200-linux
ac_cv_env_target_alias_set=
ac_cv_env_target_alias_value=
ac_cv_f77_compiler_gnu=no
ac_cv_func___secure_getenv=yes
ac_cv_func_geteuid=yes
ac_cv_func_getuid=yes
ac_cv_func_iconv=yes
ac_cv_func_mtrace=yes
ac_cv_func_setregid=yes
ac_cv_func_setreuid=yes
ac_cv_func_stpcpy=yes
ac_cv_func_strerror=yes
ac_cv_func_vasprintf=yes
ac_cv_header_dlfcn_h=yes
ac_cv_header_float_h=yes
ac_cv_header_glob_h=yes
ac_cv_header_inttypes_h=yes
ac_cv_header_langinfo_h=yes
ac_cv_header_libintl_h=yes
ac_cv_header_mcheck_h=yes
ac_cv_header_memory_h=yes
ac_cv_header_stdc=yes
ac_cv_header_stdint_h=yes
ac_cv_header_stdlib_h=yes
ac_cv_header_string_h=yes
ac_cv_header_strings_h=yes
ac_cv_header_sys_stat_h=yes
ac_cv_header_sys_types_h=yes
ac_cv_header_unistd_h=yes
ac_cv_host=arm-hisiv200-linux-gnu
ac_cv_objext=o
ac_cv_path_EGREP='/bin/grep -E'
ac_cv_path_GMSGFMT=/usr/bin/msgfmt
ac_cv_path_GREP=/bin/grep
ac_cv_path_MSGFMT=/usr/bin/msgfmt
ac_cv_path_MSGMERGE=/usr/bin/msgmerge
ac_cv_path_XGETTEXT=/usr/bin/xgettext
ac_cv_path_install='/usr/bin/install -c'
ac_cv_path_mkdir=/bin/mkdir
ac_cv_prog_AR=arm-hisiv200-linux-ar
ac_cv_prog_AWK=gawk
ac_cv_prog_CC=arm-hisiv200-linux-gcc
ac_cv_prog_CPP='arm-hisiv200-linux-gcc -E'
ac_cv_prog_CXXCPP='arm-hisiv200-linux-g++ -E'
ac_cv_prog_RANLIB=arm-hisiv200-linux-ranlib
ac_cv_prog_STRIP=arm-hisiv200-linux-strip
ac_cv_prog_cc_c89=
ac_cv_prog_cc_g=yes
ac_cv_prog_cxx_g=yes
ac_cv_prog_f77_g=no
ac_cv_prog_gcc_traditional=no
ac_cv_prog_make_make_set=yes
ac_cv_search_strerror='none required'
ac_cv_sys_file_offset_bits=64
ac_cv_sys_largefile_CC=no
ac_cv_target=arm-hisiv200-linux-gnu
acl_cv_hardcode_direct=no
acl_cv_hardcode_libdir_flag_spec='${wl}-rpath ${wl}$libdir'
acl_cv_hardcode_libdir_separator=
acl_cv_hardcode_minus_L=no
acl_cv_libext=a
acl_cv_libname_spec='lib$name'
acl_cv_library_names_spec='$libname$shrext'
acl_cv_path_LD=/opt/hisi-linux/x86-arm/arm-hisiv200-linux/arm-hisiv200-linux-gnueabi/bin/ld
acl_cv_prog_gnu_ld=yes
acl_cv_rpath=done
acl_cv_shlibext=so
acl_cv_wl=-Wl,
am_cv_CC_dependencies_compiler_type=gcc3
am_cv_CXX_dependencies_compiler_type=gcc3
am_cv_func_iconv=yes
am_cv_func_iconv_works='guessing yes'
am_cv_lib_iconv=no
gt_cv_func_CFLocaleCopyCurrent=no
gt_cv_func_CFPreferencesCopyAppValue=no
gt_cv_func_gnugettext1_libc=yes
lt_cv_deplibs_check_method=pass_all
lt_cv_file_magic_cmd='$MAGIC_CMD'
lt_cv_file_magic_test_file=
lt_cv_ld_reload_flag=-r
lt_cv_objdir=.libs
lt_cv_path_LD=/opt/hisi-linux/x86-arm/arm-hisiv200-linux/arm-hisiv200-linux-gnueabi/bin/ld
lt_cv_path_LDCXX=/opt/hisi-linux/x86-arm/arm-hisiv200-linux/arm-hisiv200-linux-gnueabi/bin/ld
lt_cv_path_NM='/opt/hisi-linux/x86-arm/arm-hisiv200-linux/target/bin/arm-hisiv200-linux-nm -B'
lt_cv_path_SED=/bin/sed
lt_cv_prog_compiler_c_o=yes
lt_cv_prog_compiler_c_o_CXX=yes
lt_cv_prog_compiler_rtti_exceptions=no
lt_cv_prog_gnu_ld=yes
lt_cv_prog_gnu_ldcxx=yes
lt_cv_sys_global_symbol_pipe='sed -n -e '\''s/^.*[ 	]\([ABCDGIRSTW][ABCDGIRSTW]*\)[ 	][ 	]*\([_A-Za-z][_A-Za-z0-9]*\)$/\1 \2 \2/p'\'''
lt_cv_sys_global_symbol_to_c_name_address='sed -n -e '\''s/^: \([^ ]*\) $/  {\"\1\", (lt_ptr) 0},/p'\'' -e '\''s/^[BCDEGRST] \([^ ]*\) \([^ ]*\)$/  {"\2", (lt_ptr) \&\2},/p'\'''
lt_cv_sys_global_symbol_to_cdecl='sed -n -e '\''s/^. .* \(.*\)$/extern int \1;/p'\'''
lt_cv_sys_max_cmd_len=805306365
lt_lt_cv_prog_compiler_c_o='"yes"'
lt_lt_cv_prog_compiler_c_o_CXX='"yes"'
lt_lt_cv_sys_global_symbol_pipe='"sed -n -e '\''s/^.*[ 	]\\([ABCDGIRSTW][ABCDGIRSTW]*\\)[ 	][ 	]*\\([_A-Za-z][_A-Za-z0-9]*\\)\$/\\1 \\2 \\2/p'\''"'
lt_lt_cv_sys_global_symbol_to_c_name_address='"sed -n -e '\''s/^: \\([^ ]*\\) \$/  {\\\"\\1\\\", (lt_ptr) 0},/p'\'' -e '\''s/^[BCDEGRST] \\([^ ]*\\) \\([^ ]*\\)\$/  {\"\\2\", (lt_ptr) \\&\\2},/p'\''"'
lt_lt_cv_sys_global_symbol_to_cdecl='"sed -n -e '\''s/^. .* \\(.*\\)\$/extern int \\1;/p'\''"'

## ----------------- ##
## Output variables. ##
## ----------------- ##

ACLOCAL='${SHELL} /home/hisisdk/histb/autelan/rootfs/popt-1.14/missing --run aclocal-1.10'
AMDEPBACKSLASH='\'
AMDEP_FALSE='#'
AMDEP_TRUE=''
AMTAR='${SHELL} /home/hisisdk/histb/autelan/rootfs/popt-1.14/missing --run tar'
ANSI2KNR=''
AR='arm-hisiv200-linux-ar'
AUTOCONF='${SHELL} /home/hisisdk/histb/autelan/rootfs/popt-1.14/missing --run autoconf'
AUTOHEADER='${SHELL} /home/hisisdk/histb/autelan/rootfs/popt-1.14/missing --run autoheader'
AUTOMAKE='${SHELL} /home/hisisdk/histb/autelan/rootfs/popt-1.14/missing --run automake-1.10'
AWK='gawk'
CC='arm-hisiv200-linux-gcc'
CCDEPMODE='depmode=gcc3'
CFLAGS='-Wall -W -D_GNU_SOURCE -D_REENTRANT  		-O2 		-I/opt/hisi-linux/x86-arm/arm-hisiv200-linux/target/usr/include 		-I/home/hisisdk/histb/autelan/fakerelease/usr/include -I/home/hisisdk/histb/autelan/fakerelease/usr/local/include 		'
CPP='arm-hisiv200-linux-gcc -E'
CPPFLAGS=''
CXX='arm-hisiv200-linux-g++'
CXXCPP='arm-hisiv200-linux-g++ -E'
CXXDEPMODE='depmode=gcc3'
CXXFLAGS='-g -O2'
CYGPATH_W='echo'
DEFS='-DHAVE_CONFIG_H'
DEPDIR='.deps'
ECHO='echo'
ECHO_C=''
ECHO_N='-n'
ECHO_T=''
EGREP='/bin/grep -E'
EXEEXT=''
F77=''
FFLAGS=''
GETTEXT_MACRO_VERSION='0.17'
GMSGFMT='/usr/bin/msgfmt'
GMSGFMT_015='/usr/bin/msgfmt'
GREP='/bin/grep'
HAVE_LD_VERSION_SCRIPT_FALSE='#'
HAVE_LD_VERSION_SCRIPT_TRUE=''
INSTALL_DATA='${INSTALL} -m 644'
INSTALL_PROGRAM='${INSTALL}'
INSTALL_SCRIPT='${INSTALL}'
INSTALL_STRIP_PROGRAM='$(install_sh) -c -s'
INTLLIBS=''
INTL_MACOSX_LIBS=''
LDFLAGS=' 		-L/opt/hisi-linux/x86-arm/arm-hisiv200-linux/target/lib -L/opt/hisi-linux/x86-arm/arm-hisiv200-linux/target/usr/lib 		-L/home/hisisdk/histb/autelan/release/lib -L/home/hisisdk/histb/autelan/release/usr/lib -L/home/hisisdk/histb/autelan/release/usr/local/lib 		'
LIBICONV=''
LIBINTL=''
LIBOBJS=''
LIBS=''
LIBTOOL='$(SHELL) $(top_builddir)/libtool'
LN_S='ln -s'
LTLIBICONV=''
LTLIBINTL=''
LTLIBOBJS=''
LT_AGE='8'
LT_CURRENT='0'
LT_REVISION='0'
MAKEINFO='${SHELL} /home/hisisdk/histb/autelan/rootfs/popt-1.14/missing --run makeinfo'
MSGFMT='/usr/bin/msgfmt'
MSGFMT_015='/usr/bin/msgfmt'
MSGMERGE='/usr/bin/msgmerge'
OBJEXT='o'
PACKAGE='popt'
PACKAGE_BUGREPORT='popt-devel@rpm5.org'
PACKAGE_NAME='popt'
PACKAGE_STRING='popt 1.14'
PACKAGE_TARNAME='popt'
PACKAGE_VERSION='1.14'
PATH_SEPARATOR=':'
POPT_SOURCE_PATH='/home/hisisdk/histb/autelan/rootfs/popt-1.14'
POSUB='po'
RANLIB='arm-hisiv200-linux-ranlib'
SED='/bin/sed'
SET_MAKE=''
SHELL='/bin/sh'
STRIP='arm-hisiv200-linux-strip'
TARGET='depend allprogs'
U=''
USE_NLS='yes'
VERSION='1.14'
XGETTEXT='/usr/bin/xgettext'
XGETTEXT_015='/usr/bin/xgettext'
XGETTEXT_EXTRA_OPTIONS=''
ac_ct_CC=''
ac_ct_CXX=''
ac_ct_F77=''
am__fastdepCC_FALSE='#'
am__fastdepCC_TRUE=''
am__fastdepCXX_FALSE='#'
am__fastdepCXX_TRUE=''
am__include='include'
am__isrc=''
am__leading_dot='.'
am__quote=''
am__tar='${AMTAR} chof - "$$tardir"'
am__untar='${AMTAR} xf -'
bindir='/home/hisisdk/histb/autelan/release/usr/bin'
build='i686-pc-linux-gnu'
build_alias=''
build_cpu='i686'
build_os='linux-gnu'
build_vendor='pc'
datadir='/home/hisisdk/histb/autelan/fakerelease/usr/share'
datarootdir='/home/hisisdk/histb/autelan/fakerelease/usr/share'
docdir='/home/hisisdk/histb/autelan/fakerelease/usr/share/doc'
dvidir='/home/hisisdk/histb/autelan/fakerelease/usr/share/doc'
exec_prefix='${prefix}'
host='arm-hisiv200-linux-gnu'
host_alias='arm-hisiv200-linux'
host_cpu='arm'
host_os='linux-gnu'
host_vendor='hisiv200'
htmldir='/home/hisisdk/histb/autelan/fakerelease/usr/share/doc'
includedir='/home/hisisdk/histb/autelan/fakerelease/usr/include'
infodir='/home/hisisdk/histb/autelan/fakerelease/usr/share/info'
install_sh='$(SHELL) /home/hisisdk/histb/autelan/rootfs/popt-1.14/install-sh'
libdir='/home/hisisdk/histb/autelan/release/usr/lib'
libexecdir='/home/hisisdk/histb/autelan/release/usr/libexec'
localedir='/home/hisisdk/histb/autelan/fakerelease/usr/share/local'
localstatedir='/home/hisisdk/histb/autelan/release/var'
mandir='/home/hisisdk/histb/autelan/fakerelease/usr/share/man'
mkdir_p='/bin/mkdir -p'
oldincludedir='/usr/include'
pdfdir='/home/hisisdk/histb/autelan/fakerelease/usr/share/doc'
prefix='/home/hisisdk/histb/autelan/release/usr'
program_transform_name='s,x,x,'
psdir='/home/hisisdk/histb/autelan/fakerelease/usr/share/doc'
sbindir='/home/hisisdk/histb/autelan/release/usr/sbin'
sharedstatedir='${prefix}/com'
sysconfdir='/home/hisisdk/histb/autelan/release/etc'
target='arm-hisiv200-linux-gnu'
target_alias=''
target_cpu='arm'
target_os='linux-gnu'
target_vendor='hisiv200'

## ----------- ##
## confdefs.h. ##
## ----------- ##

#define PACKAGE_NAME "popt"
#define PACKAGE_TARNAME "popt"
#define PACKAGE_VERSION "1.14"
#define PACKAGE_STRING "popt 1.14"
#define PACKAGE_BUGREPORT "popt-devel@rpm5.org"
#define PACKAGE "popt"
#define VERSION "1.14"
#define STDC_HEADERS 1
#define HAVE_SYS_TYPES_H 1
#define HAVE_SYS_STAT_H 1
#define HAVE_STDLIB_H 1
#define HAVE_STRING_H 1
#define HAVE_MEMORY_H 1
#define HAVE_STRINGS_H 1
#define HAVE_INTTYPES_H 1
#define HAVE_STDINT_H 1
#define HAVE_UNISTD_H 1
#define HAVE_DLFCN_H 1
#define _FILE_OFFSET_BITS 64
#define PROTOTYPES 1
#define __PROTOTYPES 1
#define HAVE_STRING_H 1
#define HAVE_FLOAT_H 1
#define HAVE_GLOB_H 1
#define HAVE_LANGINFO_H 1
#define HAVE_LIBINTL_H 1
#define HAVE_MCHECK_H 1
#define HAVE_UNISTD_H 1
#define HAVE_GETUID 1
#define HAVE_GETEUID 1
#define HAVE_ICONV 1
#define HAVE_MTRACE 1
#define HAVE___SECURE_GETENV 1
#define HAVE_SETREGID 1
#define HAVE_STPCPY 1
#define HAVE_STRERROR 1
#define HAVE_VASPRINTF 1
#define ENABLE_NLS 1
#define HAVE_GETTEXT 1
#define HAVE_DCGETTEXT 1
#define HAVE_ICONV 1
#define POPT_SYSCONFDIR "/home/hisisdk/histb/autelan/release/etc"
#define POPT_SOURCE_PATH "/home/hisisdk/histb/autelan/rootfs/popt-1.14"

configure: exit 0

## ---------------------- ##
## Running config.status. ##
## ---------------------- ##

This file was extended by popt config.status 1.14, which was
generated by GNU Autoconf 2.61.  Invocation command line was

  CONFIG_FILES    = 
  CONFIG_HEADERS  = 
  CONFIG_LINKS    = 
  CONFIG_COMMANDS = 
  $ ./config.status 

on debian

config.status:702: creating Doxyfile
config.status:702: creating Makefile
config.status:702: creating po/Makefile.in
config.status:702: creating config.h
config.status:954: config.h is unchanged
config.status:1001: executing depfiles commands
config.status:1001: executing po-directories commands

## ---------------------- ##
## Running config.status. ##
## ---------------------- ##

This file was extended by popt config.status 1.14, which was
generated by GNU Autoconf 2.61.  Invocation command line was

  CONFIG_FILES    = 
  CONFIG_HEADERS  = 
  CONFIG_LINKS    = 
  CONFIG_COMMANDS = 
  $ ./config.status config.h

on debian

config.status:702: creating config.h
config.status:954: config.h is unchanged

## ---------------------- ##
## Running config.status. ##
## ---------------------- ##

This file was extended by popt config.status 1.14, which was
generated by GNU Autoconf 2.61.  Invocation command line was

  CONFIG_FILES    = 
  CONFIG_HEADERS  = 
  CONFIG_LINKS    = 
  CONFIG_COMMANDS = 
  $ ./config.status 

on debian

config.status:702: creating Doxyfile
config.status:702: creating Makefile
config.status:702: creating po/Makefile.in
config.status:702: creating config.h
config.status:954: config.h is unchanged
config.status:1001: executing depfiles commands
config.status:1001: executing po-directories commands

## ---------------------- ##
## Running config.status. ##
## ---------------------- ##

This file was extended by popt config.status 1.14, which was
generated by GNU Autoconf 2.61.  Invocation command line was

  CONFIG_FILES    = 
  CONFIG_HEADERS  = 
  CONFIG_LINKS    = 
  CONFIG_COMMANDS = 
  $ ./config.status 

on debian

config.status:702: creating Doxyfile
config.status:702: creating Makefile
config.status:702: creating po/Makefile.in
config.status:702: creating config.h
config.status:954: config.h is unchanged
config.status:1001: executing depfiles commands
config.status:1001: executing po-directories commands
