
## ---------------------- ##
## Running config.status. ##
## ---------------------- ##

This file was extended by config.status, which was
generated by GNU Autoconf 2.68.  Invocation command line was

  CONFIG_FILES    = 
  CONFIG_HEADERS  = 
  CONFIG_LINKS    = 
  CONFIG_COMMANDS = 
  $ ./config.status 

on debian

config.status:1249: creating Makefile
config.status:1249: creating libxslt.pc
config.status:1249: creating libexslt.pc
config.status:1249: creating libxslt/Makefile
config.status:1249: creating libxslt/xsltconfig.h
config.status:1249: creating libxslt/xsltwin32config.h
config.status:1249: creating libexslt/Makefile
config.status:1249: creating libexslt/exsltconfig.h
config.status:1249: creating xsltproc/Makefile
config.status:1249: creating python/Makefile
config.status:1249: creating python/tests/Makefile
config.status:1249: creating tests/Makefile
config.status:1249: creating tests/docs/Makefile
config.status:1249: creating tests/REC1/Makefile
config.status:1249: creating tests/REC2/Makefile
config.status:1249: creating tests/REC/Makefile
config.status:1249: creating tests/general/Makefile
config.status:1249: creating tests/reports/Makefile
config.status:1249: creating tests/extensions/Makefile
config.status:1249: creating tests/namespaces/Makefile
config.status:1249: creating tests/keys/Makefile
config.status:1249: creating tests/numbers/Makefile
config.status:1249: creating tests/documents/Makefile
config.status:1249: creating tests/xmlspec/Makefile
config.status:1249: creating tests/multiple/Makefile
config.status:1249: creating tests/xinclude/Makefile
config.status:1249: creating tests/XSLTMark/Makefile
config.status:1249: creating tests/docbook/Makefile
config.status:1249: creating tests/exslt/Makefile
config.status:1249: creating tests/exslt/common/Makefile
config.status:1249: creating tests/exslt/functions/Makefile
config.status:1249: creating tests/exslt/math/Makefile
config.status:1249: creating tests/exslt/sets/Makefile
config.status:1249: creating tests/exslt/strings/Makefile
config.status:1249: creating tests/exslt/date/Makefile
config.status:1249: creating tests/exslt/dynamic/Makefile
config.status:1249: creating tests/plugins/Makefile
config.status:1249: creating doc/Makefile
config.status:1249: creating xslt-config
config.status:1249: creating libxslt.spec
config.status:1249: creating config.h
config.status:1430: config.h is unchanged
config.status:1478: executing depfiles commands
config.status:1478: executing libtool commands

## ---------------------- ##
## Running config.status. ##
## ---------------------- ##

This file was extended by config.status, which was
generated by GNU Autoconf 2.68.  Invocation command line was

  CONFIG_FILES    = 
  CONFIG_HEADERS  = 
  CONFIG_LINKS    = 
  CONFIG_COMMANDS = 
  $ ./config.status 

on debian

config.status:1250: creating Makefile
config.status:1250: creating libxslt.pc
config.status:1250: creating libexslt.pc
config.status:1250: creating libxslt/Makefile
config.status:1250: creating libxslt/xsltconfig.h
config.status:1250: creating libxslt/xsltwin32config.h
config.status:1250: creating libexslt/Makefile
config.status:1250: creating libexslt/exsltconfig.h
config.status:1250: creating xsltproc/Makefile
config.status:1250: creating python/Makefile
config.status:1250: creating python/tests/Makefile
config.status:1250: creating tests/Makefile
config.status:1250: creating tests/docs/Makefile
config.status:1250: creating tests/REC1/Makefile
config.status:1250: creating tests/REC2/Makefile
config.status:1250: creating tests/REC/Makefile
config.status:1250: creating tests/general/Makefile
config.status:1250: creating tests/reports/Makefile
config.status:1250: creating tests/extensions/Makefile
config.status:1250: creating tests/namespaces/Makefile
config.status:1250: creating tests/keys/Makefile
config.status:1250: creating tests/numbers/Makefile
config.status:1250: creating tests/documents/Makefile
config.status:1250: creating tests/xmlspec/Makefile
config.status:1250: creating tests/multiple/Makefile
config.status:1250: creating tests/xinclude/Makefile
config.status:1250: creating tests/XSLTMark/Makefile
config.status:1250: creating tests/docbook/Makefile
config.status:1250: creating tests/exslt/Makefile
config.status:1250: creating tests/exslt/common/Makefile
config.status:1250: creating tests/exslt/functions/Makefile
config.status:1250: creating tests/exslt/math/Makefile
config.status:1250: creating tests/exslt/sets/Makefile
config.status:1250: creating tests/exslt/strings/Makefile
config.status:1250: creating tests/exslt/date/Makefile
config.status:1250: creating tests/exslt/dynamic/Makefile
config.status:1250: creating tests/plugins/Makefile
config.status:1250: creating doc/Makefile
config.status:1250: creating xslt-config
config.status:1250: creating libxslt.spec
config.status:1250: creating config.h
config.status:1431: config.h is unchanged
config.status:1479: executing depfiles commands
config.status:1479: executing libtool commands

## ---------------------- ##
## Running config.status. ##
## ---------------------- ##

This file was extended by config.status, which was
generated by GNU Autoconf 2.68.  Invocation command line was

  CONFIG_FILES    = 
  CONFIG_HEADERS  = 
  CONFIG_LINKS    = 
  CONFIG_COMMANDS = 
  $ ./config.status 

on debian

config.status:1250: creating Makefile
config.status:1250: creating libxslt.pc
config.status:1250: creating libexslt.pc
config.status:1250: creating libxslt/Makefile
config.status:1250: creating libxslt/xsltconfig.h
config.status:1250: creating libxslt/xsltwin32config.h
config.status:1250: creating libexslt/Makefile
config.status:1250: creating libexslt/exsltconfig.h
config.status:1250: creating xsltproc/Makefile
config.status:1250: creating python/Makefile
config.status:1250: creating python/tests/Makefile
config.status:1250: creating tests/Makefile
config.status:1250: creating tests/docs/Makefile
config.status:1250: creating tests/REC1/Makefile
config.status:1250: creating tests/REC2/Makefile
config.status:1250: creating tests/REC/Makefile
config.status:1250: creating tests/general/Makefile
config.status:1250: creating tests/reports/Makefile
config.status:1250: creating tests/extensions/Makefile
config.status:1250: creating tests/namespaces/Makefile
config.status:1250: creating tests/keys/Makefile
config.status:1250: creating tests/numbers/Makefile
config.status:1250: creating tests/documents/Makefile
config.status:1250: creating tests/xmlspec/Makefile
config.status:1250: creating tests/multiple/Makefile
config.status:1250: creating tests/xinclude/Makefile
config.status:1250: creating tests/XSLTMark/Makefile
config.status:1250: creating tests/docbook/Makefile
config.status:1250: creating tests/exslt/Makefile
config.status:1250: creating tests/exslt/common/Makefile
config.status:1250: creating tests/exslt/functions/Makefile
config.status:1250: creating tests/exslt/math/Makefile
config.status:1250: creating tests/exslt/sets/Makefile
config.status:1250: creating tests/exslt/strings/Makefile
config.status:1250: creating tests/exslt/date/Makefile
config.status:1250: creating tests/exslt/dynamic/Makefile
config.status:1250: creating tests/plugins/Makefile
config.status:1250: creating doc/Makefile
config.status:1250: creating xslt-config
config.status:1250: creating libxslt.spec
config.status:1250: creating config.h
config.status:1431: config.h is unchanged
config.status:1479: executing depfiles commands
config.status:1479: executing libtool commands
