The system is: Linux - 2.6.32-5-686 - i686
Compiling the C compiler identification source file "CMakeCCompilerId.c" succeeded.
Compiler: /opt/hisi-linux/x86-arm/arm-hisiv200-linux/target/bin/arm-hisiv200-linux-gcc 
Build flags: 
Id flags: 

The output was:
0


Compilation of the C compiler identification source "CMakeCCompilerId.c" produced "a.out"

The C compiler identification is GNU, found in "/home/hisisdk/histb/autelan/rootfs/libubox/CMakeFiles/CompilerIdC/a.out"

Determining if the C compiler works passed with the following output:
Change Dir: /home/hisisdk/histb/autelan/rootfs/libubox/CMakeFiles/CMakeTmp

Run Build Command:/usr/bin/make "cmTryCompileExec/fast"
/usr/bin/make -f CMakeFiles/cmTryCompileExec.dir/build.make CMakeFiles/cmTryCompileExec.dir/build
make[1]: Entering directory `/home/hisisdk/histb/autelan/rootfs/libubox/CMakeFiles/CMakeTmp'
/usr/bin/cmake -E cmake_progress_report /home/hisisdk/histb/autelan/rootfs/libubox/CMakeFiles/CMakeTmp/CMakeFiles 1
Building C object CMakeFiles/cmTryCompileExec.dir/testCCompiler.c.o
/opt/hisi-linux/x86-arm/arm-hisiv200-linux/target/bin/arm-hisiv200-linux-gcc    -o CMakeFiles/cmTryCompileExec.dir/testCCompiler.c.o   -c /home/hisisdk/histb/autelan/rootfs/libubox/CMakeFiles/CMakeTmp/testCCompiler.c
Linking C executable cmTryCompileExec
/usr/bin/cmake -E cmake_link_script CMakeFiles/cmTryCompileExec.dir/link.txt --verbose=1
/opt/hisi-linux/x86-arm/arm-hisiv200-linux/target/bin/arm-hisiv200-linux-gcc        CMakeFiles/cmTryCompileExec.dir/testCCompiler.c.o  -o cmTryCompileExec -rdynamic 
make[1]: Leaving directory `/home/hisisdk/histb/autelan/rootfs/libubox/CMakeFiles/CMakeTmp'


Detecting C compiler ABI info compiled with the following output:
Change Dir: /home/hisisdk/histb/autelan/rootfs/libubox/CMakeFiles/CMakeTmp

Run Build Command:/usr/bin/make "cmTryCompileExec/fast"
/usr/bin/make -f CMakeFiles/cmTryCompileExec.dir/build.make CMakeFiles/cmTryCompileExec.dir/build
make[1]: Entering directory `/home/hisisdk/histb/autelan/rootfs/libubox/CMakeFiles/CMakeTmp'
/usr/bin/cmake -E cmake_progress_report /home/hisisdk/histb/autelan/rootfs/libubox/CMakeFiles/CMakeTmp/CMakeFiles 1
Building C object CMakeFiles/cmTryCompileExec.dir/CMakeCCompilerABI.c.o
/opt/hisi-linux/x86-arm/arm-hisiv200-linux/target/bin/arm-hisiv200-linux-gcc    -o CMakeFiles/cmTryCompileExec.dir/CMakeCCompilerABI.c.o   -c /usr/share/cmake-2.8/Modules/CMakeCCompilerABI.c
Linking C executable cmTryCompileExec
/usr/bin/cmake -E cmake_link_script CMakeFiles/cmTryCompileExec.dir/link.txt --verbose=1
/opt/hisi-linux/x86-arm/arm-hisiv200-linux/target/bin/arm-hisiv200-linux-gcc       -v CMakeFiles/cmTryCompileExec.dir/CMakeCCompilerABI.c.o  -o cmTryCompileExec -rdynamic  
Using built-in specs.
Target: arm-hisiv200-linux-gnueabi
Configured with: ../gcc-4.4-2010q1/configure --host=i686-pc-linux-gnu --build=i686-pc-linux-gnu --target=arm-hisiv200-linux-gnueabi --prefix=/home/c00132816/toolchain_glibc/install/arm-hisiv200-linux --enable-threads --disable-libmudflap --disable-libssp --disable-libstdcxx-pch --with-arch=armv5te --with-gnu-as --with-gnu-ld --enable-languages=c,c++ --enable-shared --enable-lto --enable-symvers=gnu --enable-__cxa_atexit --disable-nls --enable-extra-hisi-multilibs --with-sysroot=/home/c00132816/toolchain_glibc/install/arm-hisiv200-linux/target --with-build-sysroot=/home/c00132816/toolchain_glibc/install/arm-hisiv200-linux/target --with-gmp=/home/c00132816/toolchain_glibc/install/host_lib --with-mpfr=/home/c00132816/toolchain_glibc/install/host_lib --with-ppl=/home/c00132816/toolchain_glibc/install/host_lib --with-cloog=/home/c00132816/toolchain_glibc/install/host_lib --with-libelf=/home/c00132816/toolchain_glibc/install/host_lib --with-host-libstdcxx='-static-libgcc -Wl,-Bstatic,-lstdc++,-Bstatic -lm' --enable-libgomp --enable-poison-system-directories --with-libelf=/home/c00132816/toolchain_glibc/install/host_lib --with-pkgversion='Hisilicon_v200(gcc4.4-290+glibc-2.11+eabi+nptl)' --with-bugurl=http://www.hisilicon.com/cn/service/claim.html
Thread model: posix
gcc version 4.4.1 (Hisilicon_v200(gcc4.4-290+glibc-2.11+eabi+nptl)) 
COMPILER_PATH=/opt/hisi-linux/x86-arm/arm-hisiv200-linux/bin/../libexec/gcc/arm-hisiv200-linux-gnueabi/4.4.1/:/opt/hisi-linux/x86-arm/arm-hisiv200-linux/bin/../libexec/gcc/:/opt/hisi-linux/x86-arm/arm-hisiv200-linux/bin/../lib/gcc/arm-hisiv200-linux-gnueabi/4.4.1/../../../../arm-hisiv200-linux-gnueabi/bin/
LIBRARY_PATH=/opt/hisi-linux/x86-arm/arm-hisiv200-linux/bin/../lib/gcc/arm-hisiv200-linux-gnueabi/4.4.1/:/opt/hisi-linux/x86-arm/arm-hisiv200-linux/bin/../lib/gcc/:/opt/hisi-linux/x86-arm/arm-hisiv200-linux/bin/../lib/gcc/arm-hisiv200-linux-gnueabi/4.4.1/../../../../arm-hisiv200-linux-gnueabi/lib/:/opt/hisi-linux/x86-arm/arm-hisiv200-linux/bin/../target/lib/:/opt/hisi-linux/x86-arm/arm-hisiv200-linux/bin/../target/usr/lib/
COLLECT_GCC_OPTIONS='-v' '-o' 'cmTryCompileExec' '-rdynamic' '-march=armv5te'
 /opt/hisi-linux/x86-arm/arm-hisiv200-linux/bin/../libexec/gcc/arm-hisiv200-linux-gnueabi/4.4.1/collect2 --sysroot=/opt/hisi-linux/x86-arm/arm-hisiv200-linux/bin/../target --eh-frame-hdr -export-dynamic -dynamic-linker /lib/ld-linux.so.3 -X -m armelf_linux_eabi -o cmTryCompileExec /opt/hisi-linux/x86-arm/arm-hisiv200-linux/bin/../target/usr/lib/crt1.o /opt/hisi-linux/x86-arm/arm-hisiv200-linux/bin/../target/usr/lib/crti.o /opt/hisi-linux/x86-arm/arm-hisiv200-linux/bin/../lib/gcc/arm-hisiv200-linux-gnueabi/4.4.1/crtbegin.o -L/opt/hisi-linux/x86-arm/arm-hisiv200-linux/bin/../lib/gcc/arm-hisiv200-linux-gnueabi/4.4.1 -L/opt/hisi-linux/x86-arm/arm-hisiv200-linux/bin/../lib/gcc -L/opt/hisi-linux/x86-arm/arm-hisiv200-linux/bin/../lib/gcc/arm-hisiv200-linux-gnueabi/4.4.1/../../../../arm-hisiv200-linux-gnueabi/lib -L/opt/hisi-linux/x86-arm/arm-hisiv200-linux/bin/../target/lib -L/opt/hisi-linux/x86-arm/arm-hisiv200-linux/bin/../target/usr/lib CMakeFiles/cmTryCompileExec.dir/CMakeCCompilerABI.c.o -lgcc --as-needed -lgcc_s --no-as-needed -lc -lgcc --as-needed -lgcc_s --no-as-needed /opt/hisi-linux/x86-arm/arm-hisiv200-linux/bin/../lib/gcc/arm-hisiv200-linux-gnueabi/4.4.1/crtend.o /opt/hisi-linux/x86-arm/arm-hisiv200-linux/bin/../target/usr/lib/crtn.o
make[1]: Leaving directory `/home/hisisdk/histb/autelan/rootfs/libubox/CMakeFiles/CMakeTmp'


Parsed C implicit link information from above output:
  link line regex: [^( *|.*[/\])(ld|ld|collect2)[^/\]*( |$)]
  ignore line: [Change Dir: /home/hisisdk/histb/autelan/rootfs/libubox/CMakeFiles/CMakeTmp]
  ignore line: []
  ignore line: [Run Build Command:/usr/bin/make "cmTryCompileExec/fast"]
  ignore line: [/usr/bin/make -f CMakeFiles/cmTryCompileExec.dir/build.make CMakeFiles/cmTryCompileExec.dir/build]
  ignore line: [make[1]: Entering directory `/home/hisisdk/histb/autelan/rootfs/libubox/CMakeFiles/CMakeTmp']
  ignore line: [/usr/bin/cmake -E cmake_progress_report /home/hisisdk/histb/autelan/rootfs/libubox/CMakeFiles/CMakeTmp/CMakeFiles 1]
  ignore line: [Building C object CMakeFiles/cmTryCompileExec.dir/CMakeCCompilerABI.c.o]
  ignore line: [/opt/hisi-linux/x86-arm/arm-hisiv200-linux/target/bin/arm-hisiv200-linux-gcc    -o CMakeFiles/cmTryCompileExec.dir/CMakeCCompilerABI.c.o   -c /usr/share/cmake-2.8/Modules/CMakeCCompilerABI.c]
  ignore line: [Linking C executable cmTryCompileExec]
  ignore line: [/usr/bin/cmake -E cmake_link_script CMakeFiles/cmTryCompileExec.dir/link.txt --verbose=1]
  ignore line: [/opt/hisi-linux/x86-arm/arm-hisiv200-linux/target/bin/arm-hisiv200-linux-gcc       -v CMakeFiles/cmTryCompileExec.dir/CMakeCCompilerABI.c.o  -o cmTryCompileExec -rdynamic  ]
  ignore line: [Using built-in specs.]
  ignore line: [Target: arm-hisiv200-linux-gnueabi]
  ignore line: [Configured with: ../gcc-4.4-2010q1/configure --host=i686-pc-linux-gnu --build=i686-pc-linux-gnu --target=arm-hisiv200-linux-gnueabi --prefix=/home/c00132816/toolchain_glibc/install/arm-hisiv200-linux --enable-threads --disable-libmudflap --disable-libssp --disable-libstdcxx-pch --with-arch=armv5te --with-gnu-as --with-gnu-ld --enable-languages=c,c++ --enable-shared --enable-lto --enable-symvers=gnu --enable-__cxa_atexit --disable-nls --enable-extra-hisi-multilibs --with-sysroot=/home/c00132816/toolchain_glibc/install/arm-hisiv200-linux/target --with-build-sysroot=/home/c00132816/toolchain_glibc/install/arm-hisiv200-linux/target --with-gmp=/home/c00132816/toolchain_glibc/install/host_lib --with-mpfr=/home/c00132816/toolchain_glibc/install/host_lib --with-ppl=/home/c00132816/toolchain_glibc/install/host_lib --with-cloog=/home/c00132816/toolchain_glibc/install/host_lib --with-libelf=/home/c00132816/toolchain_glibc/install/host_lib --with-host-libstdcxx='-static-libgcc -Wl,-Bstatic,-lstdc++,-Bstatic -lm' --enable-libgomp --enable-poison-system-directories --with-libelf=/home/c00132816/toolchain_glibc/install/host_lib --with-pkgversion='Hisilicon_v200(gcc4.4-290+glibc-2.11+eabi+nptl)' --with-bugurl=http://www.hisilicon.com/cn/service/claim.html]
  ignore line: [Thread model: posix]
  ignore line: [gcc version 4.4.1 (Hisilicon_v200(gcc4.4-290+glibc-2.11+eabi+nptl)) ]
  ignore line: [COMPILER_PATH=/opt/hisi-linux/x86-arm/arm-hisiv200-linux/bin/../libexec/gcc/arm-hisiv200-linux-gnueabi/4.4.1/:/opt/hisi-linux/x86-arm/arm-hisiv200-linux/bin/../libexec/gcc/:/opt/hisi-linux/x86-arm/arm-hisiv200-linux/bin/../lib/gcc/arm-hisiv200-linux-gnueabi/4.4.1/../../../../arm-hisiv200-linux-gnueabi/bin/]
  ignore line: [LIBRARY_PATH=/opt/hisi-linux/x86-arm/arm-hisiv200-linux/bin/../lib/gcc/arm-hisiv200-linux-gnueabi/4.4.1/:/opt/hisi-linux/x86-arm/arm-hisiv200-linux/bin/../lib/gcc/:/opt/hisi-linux/x86-arm/arm-hisiv200-linux/bin/../lib/gcc/arm-hisiv200-linux-gnueabi/4.4.1/../../../../arm-hisiv200-linux-gnueabi/lib/:/opt/hisi-linux/x86-arm/arm-hisiv200-linux/bin/../target/lib/:/opt/hisi-linux/x86-arm/arm-hisiv200-linux/bin/../target/usr/lib/]
  ignore line: [COLLECT_GCC_OPTIONS='-v' '-o' 'cmTryCompileExec' '-rdynamic' '-march=armv5te']
  link line: [ /opt/hisi-linux/x86-arm/arm-hisiv200-linux/bin/../libexec/gcc/arm-hisiv200-linux-gnueabi/4.4.1/collect2 --sysroot=/opt/hisi-linux/x86-arm/arm-hisiv200-linux/bin/../target --eh-frame-hdr -export-dynamic -dynamic-linker /lib/ld-linux.so.3 -X -m armelf_linux_eabi -o cmTryCompileExec /opt/hisi-linux/x86-arm/arm-hisiv200-linux/bin/../target/usr/lib/crt1.o /opt/hisi-linux/x86-arm/arm-hisiv200-linux/bin/../target/usr/lib/crti.o /opt/hisi-linux/x86-arm/arm-hisiv200-linux/bin/../lib/gcc/arm-hisiv200-linux-gnueabi/4.4.1/crtbegin.o -L/opt/hisi-linux/x86-arm/arm-hisiv200-linux/bin/../lib/gcc/arm-hisiv200-linux-gnueabi/4.4.1 -L/opt/hisi-linux/x86-arm/arm-hisiv200-linux/bin/../lib/gcc -L/opt/hisi-linux/x86-arm/arm-hisiv200-linux/bin/../lib/gcc/arm-hisiv200-linux-gnueabi/4.4.1/../../../../arm-hisiv200-linux-gnueabi/lib -L/opt/hisi-linux/x86-arm/arm-hisiv200-linux/bin/../target/lib -L/opt/hisi-linux/x86-arm/arm-hisiv200-linux/bin/../target/usr/lib CMakeFiles/cmTryCompileExec.dir/CMakeCCompilerABI.c.o -lgcc --as-needed -lgcc_s --no-as-needed -lc -lgcc --as-needed -lgcc_s --no-as-needed /opt/hisi-linux/x86-arm/arm-hisiv200-linux/bin/../lib/gcc/arm-hisiv200-linux-gnueabi/4.4.1/crtend.o /opt/hisi-linux/x86-arm/arm-hisiv200-linux/bin/../target/usr/lib/crtn.o]
    arg [/opt/hisi-linux/x86-arm/arm-hisiv200-linux/bin/../libexec/gcc/arm-hisiv200-linux-gnueabi/4.4.1/collect2] ==> ignore
    arg [--sysroot=/opt/hisi-linux/x86-arm/arm-hisiv200-linux/bin/../target] ==> ignore
    arg [--eh-frame-hdr] ==> ignore
    arg [-export-dynamic] ==> ignore
    arg [-dynamic-linker] ==> ignore
    arg [/lib/ld-linux.so.3] ==> ignore
    arg [-X] ==> ignore
    arg [-m] ==> ignore
    arg [armelf_linux_eabi] ==> ignore
    arg [-o] ==> ignore
    arg [cmTryCompileExec] ==> ignore
    arg [/opt/hisi-linux/x86-arm/arm-hisiv200-linux/bin/../target/usr/lib/crt1.o] ==> ignore
    arg [/opt/hisi-linux/x86-arm/arm-hisiv200-linux/bin/../target/usr/lib/crti.o] ==> ignore
    arg [/opt/hisi-linux/x86-arm/arm-hisiv200-linux/bin/../lib/gcc/arm-hisiv200-linux-gnueabi/4.4.1/crtbegin.o] ==> ignore
    arg [-L/opt/hisi-linux/x86-arm/arm-hisiv200-linux/bin/../lib/gcc/arm-hisiv200-linux-gnueabi/4.4.1] ==> dir [/opt/hisi-linux/x86-arm/arm-hisiv200-linux/bin/../lib/gcc/arm-hisiv200-linux-gnueabi/4.4.1]
    arg [-L/opt/hisi-linux/x86-arm/arm-hisiv200-linux/bin/../lib/gcc] ==> dir [/opt/hisi-linux/x86-arm/arm-hisiv200-linux/bin/../lib/gcc]
    arg [-L/opt/hisi-linux/x86-arm/arm-hisiv200-linux/bin/../lib/gcc/arm-hisiv200-linux-gnueabi/4.4.1/../../../../arm-hisiv200-linux-gnueabi/lib] ==> dir [/opt/hisi-linux/x86-arm/arm-hisiv200-linux/bin/../lib/gcc/arm-hisiv200-linux-gnueabi/4.4.1/../../../../arm-hisiv200-linux-gnueabi/lib]
    arg [-L/opt/hisi-linux/x86-arm/arm-hisiv200-linux/bin/../target/lib] ==> dir [/opt/hisi-linux/x86-arm/arm-hisiv200-linux/bin/../target/lib]
    arg [-L/opt/hisi-linux/x86-arm/arm-hisiv200-linux/bin/../target/usr/lib] ==> dir [/opt/hisi-linux/x86-arm/arm-hisiv200-linux/bin/../target/usr/lib]
    arg [CMakeFiles/cmTryCompileExec.dir/CMakeCCompilerABI.c.o] ==> ignore
    arg [-lgcc] ==> lib [gcc]
    arg [--as-needed] ==> ignore
    arg [-lgcc_s] ==> lib [gcc_s]
    arg [--no-as-needed] ==> ignore
    arg [-lc] ==> lib [c]
    arg [-lgcc] ==> lib [gcc]
    arg [--as-needed] ==> ignore
    arg [-lgcc_s] ==> lib [gcc_s]
    arg [--no-as-needed] ==> ignore
    arg [/opt/hisi-linux/x86-arm/arm-hisiv200-linux/bin/../lib/gcc/arm-hisiv200-linux-gnueabi/4.4.1/crtend.o] ==> ignore
    arg [/opt/hisi-linux/x86-arm/arm-hisiv200-linux/bin/../target/usr/lib/crtn.o] ==> ignore
  remove lib [gcc]
  remove lib [gcc_s]
  remove lib [gcc]
  remove lib [gcc_s]
  collapse dir [/opt/hisi-linux/x86-arm/arm-hisiv200-linux/bin/../lib/gcc/arm-hisiv200-linux-gnueabi/4.4.1] ==> [/opt/hisi-linux/x86-arm/arm-hisiv200-linux/lib/gcc/arm-hisiv200-linux-gnueabi/4.4.1]
  collapse dir [/opt/hisi-linux/x86-arm/arm-hisiv200-linux/bin/../lib/gcc] ==> [/opt/hisi-linux/x86-arm/arm-hisiv200-linux/lib/gcc]
  collapse dir [/opt/hisi-linux/x86-arm/arm-hisiv200-linux/bin/../lib/gcc/arm-hisiv200-linux-gnueabi/4.4.1/../../../../arm-hisiv200-linux-gnueabi/lib] ==> [/opt/hisi-linux/x86-arm/arm-hisiv200-linux/arm-hisiv200-linux-gnueabi/lib]
  collapse dir [/opt/hisi-linux/x86-arm/arm-hisiv200-linux/bin/../target/lib] ==> [/opt/hisi-linux/x86-arm/arm-hisiv200-linux/target/lib]
  collapse dir [/opt/hisi-linux/x86-arm/arm-hisiv200-linux/bin/../target/usr/lib] ==> [/opt/hisi-linux/x86-arm/arm-hisiv200-linux/target/usr/lib]
  implicit libs: [c]
  implicit dirs: [/opt/hisi-linux/x86-arm/arm-hisiv200-linux/lib/gcc/arm-hisiv200-linux-gnueabi/4.4.1;/opt/hisi-linux/x86-arm/arm-hisiv200-linux/lib/gcc;/opt/hisi-linux/x86-arm/arm-hisiv200-linux/arm-hisiv200-linux-gnueabi/lib;/opt/hisi-linux/x86-arm/arm-hisiv200-linux/target/lib;/opt/hisi-linux/x86-arm/arm-hisiv200-linux/target/usr/lib]


Determining if the function clock_gettime exists in the rt passed with the following output:
Change Dir: /home/hisisdk/histb/autelan/rootfs/libubox/CMakeFiles/CMakeTmp

Run Build Command:/usr/bin/make "cmTryCompileExec/fast"
/usr/bin/make -f CMakeFiles/cmTryCompileExec.dir/build.make CMakeFiles/cmTryCompileExec.dir/build
make[1]: Entering directory `/home/hisisdk/histb/autelan/rootfs/libubox/CMakeFiles/CMakeTmp'
/usr/bin/cmake -E cmake_progress_report /home/hisisdk/histb/autelan/rootfs/libubox/CMakeFiles/CMakeTmp/CMakeFiles 1
Building C object CMakeFiles/cmTryCompileExec.dir/CheckFunctionExists.c.o
/opt/hisi-linux/x86-arm/arm-hisiv200-linux/target/bin/arm-hisiv200-linux-gcc   -DCHECK_FUNCTION_EXISTS=clock_gettime   -o CMakeFiles/cmTryCompileExec.dir/CheckFunctionExists.c.o   -c /usr/share/cmake-2.8/Modules/CheckFunctionExists.c
Linking C executable cmTryCompileExec
/usr/bin/cmake -E cmake_link_script CMakeFiles/cmTryCompileExec.dir/link.txt --verbose=1
/opt/hisi-linux/x86-arm/arm-hisiv200-linux/target/bin/arm-hisiv200-linux-gcc     -DCHECK_FUNCTION_EXISTS=clock_gettime   CMakeFiles/cmTryCompileExec.dir/CheckFunctionExists.c.o  -o cmTryCompileExec -rdynamic -lrt 
make[1]: Leaving directory `/home/hisisdk/histb/autelan/rootfs/libubox/CMakeFiles/CMakeTmp'


