This file contains any messages produced by compilers while
running configure, to aid debugging if configure makes a mistake.

It was created by json-c configure 0.12.99, which was
generated by GNU Autoconf 2.67.  Invocation command line was

  $ ./configure --host=arm-hisiv200-linux --prefix=/home/hisisdk/histb/autelan/release --bindir=/home/hisisdk/histb/autelan/release/usr/bin --sbindir=/home/hisisdk/histb/autelan/release/usr/sbin --libexecdir=/home/hisisdk/histb/autelan/release/libexec --sysconfdir=/home/hisisdk/histb/autelan/release/etc --localstatedir=/home/hisisdk/histb/autelan/release/var --libdir=/home/hisisdk/histb/autelan/release/usr/lib --includedir=/home/hisisdk/histb/autelan/fakerelease/usr/include --datarootdir=/home/hisisdk/histb/autelan/fakerelease/usr/share --datadir=/home/hisisdk/histb/autelan/fakerelease/usr/share --infodir=/home/hisisdk/histb/autelan/fakerelease/usr/share/info --localedir=/home/hisisdk/histb/autelan/fakerelease/usr/share/local --mandir=/home/hisisdk/histb/autelan/fakerelease/usr/share/man --docdir=/home/hisisdk/histb/autelan/fakerelease/usr/share/doc/bash --htmldir=/home/hisisdk/histb/autelan/fakerelease/usr/share/doc --dvidir=/home/hisisdk/histb/autelan/fakerelease/usr/share/doc --pdfdir=/home/hisisdk/histb/autelan/fakerelease/usr/share/doc --psdir=/home/hisisdk/histb/autelan/fakerelease/usr/share/doc --disable-static host_alias=arm-hisiv200-linux CC=arm-hisiv200-linux-gcc CFLAGS= 		-O2 		-I/opt/hisi-linux/x86-arm/arm-hisiv200-linux/target/usr/include 		-I/home/hisisdk/histb/source/rootfs/usr/include -I/home/hisisdk/histb/source/rootfs/usr/local/include 		-I/home/hisisdk/histb/autelan/fakerelease/usr/include -I/home/hisisdk/histb/autelan/fakerelease/usr/local/include 		 LDFLAGS= 		-L/opt/hisi-linux/x86-arm/arm-hisiv200-linux/target/lib -L/opt/hisi-linux/x86-arm/arm-hisiv200-linux/target/usr/lib 		-L/home/hisisdk/histb/source/rootfs/lib -L/home/hisisdk/histb/source/rootfs/user/lib -L/home/hisisdk/histb/source/rootfs/user/local/lib 		 CPP=arm-hisiv200-linux-gcc -E --no-create --no-recursion

## --------- ##
## Platform. ##
## --------- ##

hostname = debian
uname -m = i686
uname -r = 2.6.32-5-686
uname -s = Linux
uname -v = #1 SMP Mon Sep 23 23:00:18 UTC 2013

/usr/bin/uname -p = unknown
/bin/uname -X     = unknown

/bin/arch              = unknown
/usr/bin/arch -k       = unknown
/usr/convex/getsysinfo = unknown
/usr/bin/hostinfo      = unknown
/bin/machine           = unknown
/usr/bin/oslevel       = unknown
/bin/universe          = unknown

PATH: /opt/hisi-linux/x86-arm/arm-hisiv200-linux/target/bin
PATH: /usr/local/bin
PATH: /usr/bin
PATH: /bin
PATH: /usr/local/games
PATH: /usr/games


## ----------- ##
## Core tests. ##
## ----------- ##

configure:2321: checking for a BSD-compatible install
configure:2389: result: /usr/bin/install -c
configure:2400: checking whether build environment is sane
configure:2450: result: yes
configure:2499: checking for arm-hisiv200-linux-strip
configure:2515: found /opt/hisi-linux/x86-arm/arm-hisiv200-linux/target/bin/arm-hisiv200-linux-strip
configure:2526: result: arm-hisiv200-linux-strip
configure:2591: checking for a thread-safe mkdir -p
configure:2630: result: /bin/mkdir -p
configure:2643: checking for gawk
configure:2659: found /usr/bin/gawk
configure:2670: result: gawk
configure:2681: checking whether make sets $(MAKE)
configure:2703: result: yes
configure:2784: checking whether make sets $(MAKE)
configure:2806: result: yes
configure:2831: result: RDRAND Hardware RNG Hash Seed disabled. Use --enable-rdrand to enable
configure:2852: checking for style of include used by make
configure:2880: result: GNU
configure:2911: checking for arm-hisiv200-linux-gcc
configure:2938: result: arm-hisiv200-linux-gcc
configure:3207: checking for C compiler version
configure:3216: arm-hisiv200-linux-gcc --version >&5
arm-hisiv200-linux-gcc (Hisilicon_v200(gcc4.4-290+glibc-2.11+eabi+nptl)) 4.4.1
Copyright (C) 2009 Free Software Foundation, Inc.
This is free software; see the source for copying conditions.  There is NO
warranty; not even for MERCHANTABILITY or FITNESS FOR A PARTICULAR PURPOSE.

configure:3227: $? = 0
configure:3216: arm-hisiv200-linux-gcc -v >&5
Using built-in specs.
Target: arm-hisiv200-linux-gnueabi
Configured with: ../gcc-4.4-2010q1/configure --host=i686-pc-linux-gnu --build=i686-pc-linux-gnu --target=arm-hisiv200-linux-gnueabi --prefix=/home/c00132816/toolchain_glibc/install/arm-hisiv200-linux --enable-threads --disable-libmudflap --disable-libssp --disable-libstdcxx-pch --with-arch=armv5te --with-gnu-as --with-gnu-ld --enable-languages=c,c++ --enable-shared --enable-lto --enable-symvers=gnu --enable-__cxa_atexit --disable-nls --enable-extra-hisi-multilibs --with-sysroot=/home/c00132816/toolchain_glibc/install/arm-hisiv200-linux/target --with-build-sysroot=/home/c00132816/toolchain_glibc/install/arm-hisiv200-linux/target --with-gmp=/home/c00132816/toolchain_glibc/install/host_lib --with-mpfr=/home/c00132816/toolchain_glibc/install/host_lib --with-ppl=/home/c00132816/toolchain_glibc/install/host_lib --with-cloog=/home/c00132816/toolchain_glibc/install/host_lib --with-libelf=/home/c00132816/toolchain_glibc/install/host_lib --with-host-libstdcxx='-static-libgcc -Wl,-Bstatic,-lstdc++,-Bstatic -lm' --enable-libgomp --enable-poison-system-directories --with-libelf=/home/c00132816/toolchain_glibc/install/host_lib --with-pkgversion='Hisilicon_v200(gcc4.4-290+glibc-2.11+eabi+nptl)' --with-bugurl=http://www.hisilicon.com/cn/service/claim.html
Thread model: posix
gcc version 4.4.1 (Hisilicon_v200(gcc4.4-290+glibc-2.11+eabi+nptl)) 
configure:3227: $? = 0
configure:3216: arm-hisiv200-linux-gcc -V >&5
arm-hisiv200-linux-gcc: '-V' option must have argument
configure:3227: $? = 1
configure:3216: arm-hisiv200-linux-gcc -qversion >&5
arm-hisiv200-linux-gcc: unrecognized option '-qversion'
arm-hisiv200-linux-gcc: no input files
configure:3227: $? = 1
configure:3247: checking whether the C compiler works
configure:3269: arm-hisiv200-linux-gcc  		-O2 		-I/opt/hisi-linux/x86-arm/arm-hisiv200-linux/target/usr/include 		-I/home/hisisdk/histb/source/rootfs/usr/include -I/home/hisisdk/histb/source/rootfs/usr/local/include 		-I/home/hisisdk/histb/autelan/fakerelease/usr/include -I/home/hisisdk/histb/autelan/fakerelease/usr/local/include 		   		-L/opt/hisi-linux/x86-arm/arm-hisiv200-linux/target/lib -L/opt/hisi-linux/x86-arm/arm-hisiv200-linux/target/usr/lib 		-L/home/hisisdk/histb/source/rootfs/lib -L/home/hisisdk/histb/source/rootfs/user/lib -L/home/hisisdk/histb/source/rootfs/user/local/lib 		 conftest.c  >&5
configure:3273: $? = 0
configure:3321: result: yes
configure:3324: checking for C compiler default output file name
configure:3326: result: a.out
configure:3332: checking for suffix of executables
configure:3339: arm-hisiv200-linux-gcc -o conftest  		-O2 		-I/opt/hisi-linux/x86-arm/arm-hisiv200-linux/target/usr/include 		-I/home/hisisdk/histb/source/rootfs/usr/include -I/home/hisisdk/histb/source/rootfs/usr/local/include 		-I/home/hisisdk/histb/autelan/fakerelease/usr/include -I/home/hisisdk/histb/autelan/fakerelease/usr/local/include 		   		-L/opt/hisi-linux/x86-arm/arm-hisiv200-linux/target/lib -L/opt/hisi-linux/x86-arm/arm-hisiv200-linux/target/usr/lib 		-L/home/hisisdk/histb/source/rootfs/lib -L/home/hisisdk/histb/source/rootfs/user/lib -L/home/hisisdk/histb/source/rootfs/user/local/lib 		 conftest.c  >&5
configure:3343: $? = 0
configure:3365: result: 
configure:3387: checking whether we are cross compiling
configure:3395: arm-hisiv200-linux-gcc -o conftest  		-O2 		-I/opt/hisi-linux/x86-arm/arm-hisiv200-linux/target/usr/include 		-I/home/hisisdk/histb/source/rootfs/usr/include -I/home/hisisdk/histb/source/rootfs/usr/local/include 		-I/home/hisisdk/histb/autelan/fakerelease/usr/include -I/home/hisisdk/histb/autelan/fakerelease/usr/local/include 		   		-L/opt/hisi-linux/x86-arm/arm-hisiv200-linux/target/lib -L/opt/hisi-linux/x86-arm/arm-hisiv200-linux/target/usr/lib 		-L/home/hisisdk/histb/source/rootfs/lib -L/home/hisisdk/histb/source/rootfs/user/lib -L/home/hisisdk/histb/source/rootfs/user/local/lib 		 conftest.c  >&5
configure:3399: $? = 0
configure:3406: ./conftest
./configure: line 3408: ./conftest: cannot execute binary file
configure:3410: $? = 126
configure:3425: result: yes
configure:3430: checking for suffix of object files
configure:3452: arm-hisiv200-linux-gcc -c  		-O2 		-I/opt/hisi-linux/x86-arm/arm-hisiv200-linux/target/usr/include 		-I/home/hisisdk/histb/source/rootfs/usr/include -I/home/hisisdk/histb/source/rootfs/usr/local/include 		-I/home/hisisdk/histb/autelan/fakerelease/usr/include -I/home/hisisdk/histb/autelan/fakerelease/usr/local/include 		  conftest.c >&5
configure:3456: $? = 0
configure:3477: result: o
configure:3481: checking whether we are using the GNU C compiler
configure:3500: arm-hisiv200-linux-gcc -c  		-O2 		-I/opt/hisi-linux/x86-arm/arm-hisiv200-linux/target/usr/include 		-I/home/hisisdk/histb/source/rootfs/usr/include -I/home/hisisdk/histb/source/rootfs/usr/local/include 		-I/home/hisisdk/histb/autelan/fakerelease/usr/include -I/home/hisisdk/histb/autelan/fakerelease/usr/local/include 		  conftest.c >&5
configure:3500: $? = 0
configure:3509: result: yes
configure:3518: checking whether arm-hisiv200-linux-gcc accepts -g
configure:3538: arm-hisiv200-linux-gcc -c -g  conftest.c >&5
configure:3538: $? = 0
configure:3579: result: yes
configure:3596: checking for arm-hisiv200-linux-gcc option to accept ISO C89
configure:3660: arm-hisiv200-linux-gcc  -c  		-O2 		-I/opt/hisi-linux/x86-arm/arm-hisiv200-linux/target/usr/include 		-I/home/hisisdk/histb/source/rootfs/usr/include -I/home/hisisdk/histb/source/rootfs/usr/local/include 		-I/home/hisisdk/histb/autelan/fakerelease/usr/include -I/home/hisisdk/histb/autelan/fakerelease/usr/local/include 		  conftest.c >&5
configure:3660: $? = 0
configure:3673: result: none needed
configure:3695: checking dependency style of arm-hisiv200-linux-gcc
configure:3806: result: gcc3
configure:3822: checking whether arm-hisiv200-linux-gcc and cc understand -c and -o together
configure:3853: arm-hisiv200-linux-gcc -c conftest.c -o conftest2.o >&5
configure:3857: $? = 0
configure:3863: arm-hisiv200-linux-gcc -c conftest.c -o conftest2.o >&5
configure:3867: $? = 0
configure:3878: cc -c conftest.c >&5
configure:3882: $? = 0
configure:3890: cc -c conftest.c -o conftest2.o >&5
configure:3894: $? = 0
configure:3900: cc -c conftest.c -o conftest2.o >&5
configure:3904: $? = 0
configure:3922: result: yes
configure:3957: checking how to run the C preprocessor
configure:4027: result: arm-hisiv200-linux-gcc -E
configure:4047: arm-hisiv200-linux-gcc -E  conftest.c
configure:4047: $? = 0
configure:4061: arm-hisiv200-linux-gcc -E  conftest.c
conftest.c:11: fatal error: ac_nonexistent.h: No such file or directory
compilation terminated.
configure:4061: $? = 1
configure: failed program was:
| /* confdefs.h */
| #define PACKAGE_NAME "json-c"
| #define PACKAGE_TARNAME "json-c"
| #define PACKAGE_VERSION "0.12.99"
| #define PACKAGE_STRING "json-c 0.12.99"
| #define PACKAGE_BUGREPORT "json-c@googlegroups.com"
| #define PACKAGE_URL ""
| #define PACKAGE "json-c"
| #define VERSION "0.12.99"
| /* end confdefs.h.  */
| #include <ac_nonexistent.h>
configure:4090: checking for grep that handles long lines and -e
configure:4148: result: /bin/grep
configure:4153: checking for egrep
configure:4215: result: /bin/grep -E
configure:4220: checking for ANSI C header files
configure:4240: arm-hisiv200-linux-gcc -c  		-O2 		-I/opt/hisi-linux/x86-arm/arm-hisiv200-linux/target/usr/include 		-I/home/hisisdk/histb/source/rootfs/usr/include -I/home/hisisdk/histb/source/rootfs/usr/local/include 		-I/home/hisisdk/histb/autelan/fakerelease/usr/include -I/home/hisisdk/histb/autelan/fakerelease/usr/local/include 		  conftest.c >&5
configure:4240: $? = 0
configure:4324: result: yes
configure:4337: checking for sys/types.h
configure:4337: arm-hisiv200-linux-gcc -c  		-O2 		-I/opt/hisi-linux/x86-arm/arm-hisiv200-linux/target/usr/include 		-I/home/hisisdk/histb/source/rootfs/usr/include -I/home/hisisdk/histb/source/rootfs/usr/local/include 		-I/home/hisisdk/histb/autelan/fakerelease/usr/include -I/home/hisisdk/histb/autelan/fakerelease/usr/local/include 		  conftest.c >&5
configure:4337: $? = 0
configure:4337: result: yes
configure:4337: checking for sys/stat.h
configure:4337: arm-hisiv200-linux-gcc -c  		-O2 		-I/opt/hisi-linux/x86-arm/arm-hisiv200-linux/target/usr/include 		-I/home/hisisdk/histb/source/rootfs/usr/include -I/home/hisisdk/histb/source/rootfs/usr/local/include 		-I/home/hisisdk/histb/autelan/fakerelease/usr/include -I/home/hisisdk/histb/autelan/fakerelease/usr/local/include 		  conftest.c >&5
configure:4337: $? = 0
configure:4337: result: yes
configure:4337: checking for stdlib.h
configure:4337: arm-hisiv200-linux-gcc -c  		-O2 		-I/opt/hisi-linux/x86-arm/arm-hisiv200-linux/target/usr/include 		-I/home/hisisdk/histb/source/rootfs/usr/include -I/home/hisisdk/histb/source/rootfs/usr/local/include 		-I/home/hisisdk/histb/autelan/fakerelease/usr/include -I/home/hisisdk/histb/autelan/fakerelease/usr/local/include 		  conftest.c >&5
configure:4337: $? = 0
configure:4337: result: yes
configure:4337: checking for string.h
configure:4337: arm-hisiv200-linux-gcc -c  		-O2 		-I/opt/hisi-linux/x86-arm/arm-hisiv200-linux/target/usr/include 		-I/home/hisisdk/histb/source/rootfs/usr/include -I/home/hisisdk/histb/source/rootfs/usr/local/include 		-I/home/hisisdk/histb/autelan/fakerelease/usr/include -I/home/hisisdk/histb/autelan/fakerelease/usr/local/include 		  conftest.c >&5
configure:4337: $? = 0
configure:4337: result: yes
configure:4337: checking for memory.h
configure:4337: arm-hisiv200-linux-gcc -c  		-O2 		-I/opt/hisi-linux/x86-arm/arm-hisiv200-linux/target/usr/include 		-I/home/hisisdk/histb/source/rootfs/usr/include -I/home/hisisdk/histb/source/rootfs/usr/local/include 		-I/home/hisisdk/histb/autelan/fakerelease/usr/include -I/home/hisisdk/histb/autelan/fakerelease/usr/local/include 		  conftest.c >&5
configure:4337: $? = 0
configure:4337: result: yes
configure:4337: checking for strings.h
configure:4337: arm-hisiv200-linux-gcc -c  		-O2 		-I/opt/hisi-linux/x86-arm/arm-hisiv200-linux/target/usr/include 		-I/home/hisisdk/histb/source/rootfs/usr/include -I/home/hisisdk/histb/source/rootfs/usr/local/include 		-I/home/hisisdk/histb/autelan/fakerelease/usr/include -I/home/hisisdk/histb/autelan/fakerelease/usr/local/include 		  conftest.c >&5
configure:4337: $? = 0
configure:4337: result: yes
configure:4337: checking for inttypes.h
configure:4337: arm-hisiv200-linux-gcc -c  		-O2 		-I/opt/hisi-linux/x86-arm/arm-hisiv200-linux/target/usr/include 		-I/home/hisisdk/histb/source/rootfs/usr/include -I/home/hisisdk/histb/source/rootfs/usr/local/include 		-I/home/hisisdk/histb/autelan/fakerelease/usr/include -I/home/hisisdk/histb/autelan/fakerelease/usr/local/include 		  conftest.c >&5
configure:4337: $? = 0
configure:4337: result: yes
configure:4337: checking for stdint.h
configure:4337: arm-hisiv200-linux-gcc -c  		-O2 		-I/opt/hisi-linux/x86-arm/arm-hisiv200-linux/target/usr/include 		-I/home/hisisdk/histb/source/rootfs/usr/include -I/home/hisisdk/histb/source/rootfs/usr/local/include 		-I/home/hisisdk/histb/autelan/fakerelease/usr/include -I/home/hisisdk/histb/autelan/fakerelease/usr/local/include 		  conftest.c >&5
configure:4337: $? = 0
configure:4337: result: yes
configure:4337: checking for unistd.h
configure:4337: arm-hisiv200-linux-gcc -c  		-O2 		-I/opt/hisi-linux/x86-arm/arm-hisiv200-linux/target/usr/include 		-I/home/hisisdk/histb/source/rootfs/usr/include -I/home/hisisdk/histb/source/rootfs/usr/local/include 		-I/home/hisisdk/histb/autelan/fakerelease/usr/include -I/home/hisisdk/histb/autelan/fakerelease/usr/local/include 		  conftest.c >&5
configure:4337: $? = 0
configure:4337: result: yes
configure:4352: checking fcntl.h usability
configure:4352: arm-hisiv200-linux-gcc -c  		-O2 		-I/opt/hisi-linux/x86-arm/arm-hisiv200-linux/target/usr/include 		-I/home/hisisdk/histb/source/rootfs/usr/include -I/home/hisisdk/histb/source/rootfs/usr/local/include 		-I/home/hisisdk/histb/autelan/fakerelease/usr/include -I/home/hisisdk/histb/autelan/fakerelease/usr/local/include 		  conftest.c >&5
configure:4352: $? = 0
configure:4352: result: yes
configure:4352: checking fcntl.h presence
configure:4352: arm-hisiv200-linux-gcc -E  conftest.c
configure:4352: $? = 0
configure:4352: result: yes
configure:4352: checking for fcntl.h
configure:4352: result: yes
configure:4352: checking limits.h usability
configure:4352: arm-hisiv200-linux-gcc -c  		-O2 		-I/opt/hisi-linux/x86-arm/arm-hisiv200-linux/target/usr/include 		-I/home/hisisdk/histb/source/rootfs/usr/include -I/home/hisisdk/histb/source/rootfs/usr/local/include 		-I/home/hisisdk/histb/autelan/fakerelease/usr/include -I/home/hisisdk/histb/autelan/fakerelease/usr/local/include 		  conftest.c >&5
configure:4352: $? = 0
configure:4352: result: yes
configure:4352: checking limits.h presence
configure:4352: arm-hisiv200-linux-gcc -E  conftest.c
configure:4352: $? = 0
configure:4352: result: yes
configure:4352: checking for limits.h
configure:4352: result: yes
configure:4352: checking for strings.h
configure:4352: result: yes
configure:4352: checking syslog.h usability
configure:4352: arm-hisiv200-linux-gcc -c  		-O2 		-I/opt/hisi-linux/x86-arm/arm-hisiv200-linux/target/usr/include 		-I/home/hisisdk/histb/source/rootfs/usr/include -I/home/hisisdk/histb/source/rootfs/usr/local/include 		-I/home/hisisdk/histb/autelan/fakerelease/usr/include -I/home/hisisdk/histb/autelan/fakerelease/usr/local/include 		  conftest.c >&5
configure:4352: $? = 0
configure:4352: result: yes
configure:4352: checking syslog.h presence
configure:4352: arm-hisiv200-linux-gcc -E  conftest.c
configure:4352: $? = 0
configure:4352: result: yes
configure:4352: checking for syslog.h
configure:4352: result: yes
configure:4352: checking for unistd.h
configure:4352: result: yes
configure:4352: checking sys/cdefs.h usability
configure:4352: arm-hisiv200-linux-gcc -c  		-O2 		-I/opt/hisi-linux/x86-arm/arm-hisiv200-linux/target/usr/include 		-I/home/hisisdk/histb/source/rootfs/usr/include -I/home/hisisdk/histb/source/rootfs/usr/local/include 		-I/home/hisisdk/histb/autelan/fakerelease/usr/include -I/home/hisisdk/histb/autelan/fakerelease/usr/local/include 		  conftest.c >&5
configure:4352: $? = 0
configure:4352: result: yes
configure:4352: checking sys/cdefs.h presence
configure:4352: arm-hisiv200-linux-gcc -E  conftest.c
configure:4352: $? = 0
configure:4352: result: yes
configure:4352: checking for sys/cdefs.h
configure:4352: result: yes
configure:4352: checking sys/param.h usability
configure:4352: arm-hisiv200-linux-gcc -c  		-O2 		-I/opt/hisi-linux/x86-arm/arm-hisiv200-linux/target/usr/include 		-I/home/hisisdk/histb/source/rootfs/usr/include -I/home/hisisdk/histb/source/rootfs/usr/local/include 		-I/home/hisisdk/histb/autelan/fakerelease/usr/include -I/home/hisisdk/histb/autelan/fakerelease/usr/local/include 		  conftest.c >&5
configure:4352: $? = 0
configure:4352: result: yes
configure:4352: checking sys/param.h presence
configure:4352: arm-hisiv200-linux-gcc -E  conftest.c
configure:4352: $? = 0
configure:4352: result: yes
configure:4352: checking for sys/param.h
configure:4352: result: yes
configure:4352: checking stdarg.h usability
configure:4352: arm-hisiv200-linux-gcc -c  		-O2 		-I/opt/hisi-linux/x86-arm/arm-hisiv200-linux/target/usr/include 		-I/home/hisisdk/histb/source/rootfs/usr/include -I/home/hisisdk/histb/source/rootfs/usr/local/include 		-I/home/hisisdk/histb/autelan/fakerelease/usr/include -I/home/hisisdk/histb/autelan/fakerelease/usr/local/include 		  conftest.c >&5
configure:4352: $? = 0
configure:4352: result: yes
configure:4352: checking stdarg.h presence
configure:4352: arm-hisiv200-linux-gcc -E  conftest.c
configure:4352: $? = 0
configure:4352: result: yes
configure:4352: checking for stdarg.h
configure:4352: result: yes
configure:4352: checking locale.h usability
configure:4352: arm-hisiv200-linux-gcc -c  		-O2 		-I/opt/hisi-linux/x86-arm/arm-hisiv200-linux/target/usr/include 		-I/home/hisisdk/histb/source/rootfs/usr/include -I/home/hisisdk/histb/source/rootfs/usr/local/include 		-I/home/hisisdk/histb/autelan/fakerelease/usr/include -I/home/hisisdk/histb/autelan/fakerelease/usr/local/include 		  conftest.c >&5
configure:4352: $? = 0
configure:4352: result: yes
configure:4352: checking locale.h presence
configure:4352: arm-hisiv200-linux-gcc -E  conftest.c
configure:4352: $? = 0
configure:4352: result: yes
configure:4352: checking for locale.h
configure:4352: result: yes
configure:4352: checking endian.h usability
configure:4352: arm-hisiv200-linux-gcc -c  		-O2 		-I/opt/hisi-linux/x86-arm/arm-hisiv200-linux/target/usr/include 		-I/home/hisisdk/histb/source/rootfs/usr/include -I/home/hisisdk/histb/source/rootfs/usr/local/include 		-I/home/hisisdk/histb/autelan/fakerelease/usr/include -I/home/hisisdk/histb/autelan/fakerelease/usr/local/include 		  conftest.c >&5
configure:4352: $? = 0
configure:4352: result: yes
configure:4352: checking endian.h presence
configure:4352: arm-hisiv200-linux-gcc -E  conftest.c
configure:4352: $? = 0
configure:4352: result: yes
configure:4352: checking for endian.h
configure:4352: result: yes
configure:4362: checking for inttypes.h
configure:4362: result: yes
configure:4372: checking for an ANSI C-conforming const
configure:4437: arm-hisiv200-linux-gcc -c  		-O2 		-I/opt/hisi-linux/x86-arm/arm-hisiv200-linux/target/usr/include 		-I/home/hisisdk/histb/source/rootfs/usr/include -I/home/hisisdk/histb/source/rootfs/usr/local/include 		-I/home/hisisdk/histb/autelan/fakerelease/usr/include -I/home/hisisdk/histb/autelan/fakerelease/usr/local/include 		  conftest.c >&5
configure:4437: $? = 0
configure:4444: result: yes
configure:4452: checking for size_t
configure:4452: arm-hisiv200-linux-gcc -c  		-O2 		-I/opt/hisi-linux/x86-arm/arm-hisiv200-linux/target/usr/include 		-I/home/hisisdk/histb/source/rootfs/usr/include -I/home/hisisdk/histb/source/rootfs/usr/local/include 		-I/home/hisisdk/histb/autelan/fakerelease/usr/include -I/home/hisisdk/histb/autelan/fakerelease/usr/local/include 		  conftest.c >&5
configure:4452: $? = 0
configure:4452: arm-hisiv200-linux-gcc -c  		-O2 		-I/opt/hisi-linux/x86-arm/arm-hisiv200-linux/target/usr/include 		-I/home/hisisdk/histb/source/rootfs/usr/include -I/home/hisisdk/histb/source/rootfs/usr/local/include 		-I/home/hisisdk/histb/autelan/fakerelease/usr/include -I/home/hisisdk/histb/autelan/fakerelease/usr/local/include 		  conftest.c >&5
conftest.c: In function 'main':
conftest.c:68: error: expected expression before ')' token
configure:4452: $? = 1
configure: failed program was:
| /* confdefs.h */
| #define PACKAGE_NAME "json-c"
| #define PACKAGE_TARNAME "json-c"
| #define PACKAGE_VERSION "0.12.99"
| #define PACKAGE_STRING "json-c 0.12.99"
| #define PACKAGE_BUGREPORT "json-c@googlegroups.com"
| #define PACKAGE_URL ""
| #define PACKAGE "json-c"
| #define VERSION "0.12.99"
| #define STDC_HEADERS 1
| #define HAVE_SYS_TYPES_H 1
| #define HAVE_SYS_STAT_H 1
| #define HAVE_STDLIB_H 1
| #define HAVE_STRING_H 1
| #define HAVE_MEMORY_H 1
| #define HAVE_STRINGS_H 1
| #define HAVE_INTTYPES_H 1
| #define HAVE_STDINT_H 1
| #define HAVE_UNISTD_H 1
| #define HAVE_FCNTL_H 1
| #define HAVE_LIMITS_H 1
| #define HAVE_STRINGS_H 1
| #define HAVE_SYSLOG_H 1
| #define HAVE_UNISTD_H 1
| #define HAVE_SYS_CDEFS_H 1
| #define HAVE_SYS_PARAM_H 1
| #define HAVE_STDARG_H 1
| #define HAVE_LOCALE_H 1
| #define HAVE_ENDIAN_H 1
| #define JSON_C_HAVE_INTTYPES_H 1
| /* end confdefs.h.  */
| #include <stdio.h>
| #ifdef HAVE_SYS_TYPES_H
| # include <sys/types.h>
| #endif
| #ifdef HAVE_SYS_STAT_H
| # include <sys/stat.h>
| #endif
| #ifdef STDC_HEADERS
| # include <stdlib.h>
| # include <stddef.h>
| #else
| # ifdef HAVE_STDLIB_H
| #  include <stdlib.h>
| # endif
| #endif
| #ifdef HAVE_STRING_H
| # if !defined STDC_HEADERS && defined HAVE_MEMORY_H
| #  include <memory.h>
| # endif
| # include <string.h>
| #endif
| #ifdef HAVE_STRINGS_H
| # include <strings.h>
| #endif
| #ifdef HAVE_INTTYPES_H
| # include <inttypes.h>
| #endif
| #ifdef HAVE_STDINT_H
| # include <stdint.h>
| #endif
| #ifdef HAVE_UNISTD_H
| # include <unistd.h>
| #endif
| int
| main ()
| {
| if (sizeof ((size_t)))
| 	    return 0;
|   ;
|   return 0;
| }
configure:4452: result: yes
configure:4467: checking for vprintf
configure:4467: arm-hisiv200-linux-gcc -o conftest  		-O2 		-I/opt/hisi-linux/x86-arm/arm-hisiv200-linux/target/usr/include 		-I/home/hisisdk/histb/source/rootfs/usr/include -I/home/hisisdk/histb/source/rootfs/usr/local/include 		-I/home/hisisdk/histb/autelan/fakerelease/usr/include -I/home/hisisdk/histb/autelan/fakerelease/usr/local/include 		   		-L/opt/hisi-linux/x86-arm/arm-hisiv200-linux/target/lib -L/opt/hisi-linux/x86-arm/arm-hisiv200-linux/target/usr/lib 		-L/home/hisisdk/histb/source/rootfs/lib -L/home/hisisdk/histb/source/rootfs/user/lib -L/home/hisisdk/histb/source/rootfs/user/local/lib 		 conftest.c  >&5
conftest.c:55: warning: conflicting types for built-in function 'vprintf'
configure:4467: $? = 0
configure:4467: result: yes
configure:4473: checking for _doprnt
configure:4473: arm-hisiv200-linux-gcc -o conftest  		-O2 		-I/opt/hisi-linux/x86-arm/arm-hisiv200-linux/target/usr/include 		-I/home/hisisdk/histb/source/rootfs/usr/include -I/home/hisisdk/histb/source/rootfs/usr/local/include 		-I/home/hisisdk/histb/autelan/fakerelease/usr/include -I/home/hisisdk/histb/autelan/fakerelease/usr/local/include 		   		-L/opt/hisi-linux/x86-arm/arm-hisiv200-linux/target/lib -L/opt/hisi-linux/x86-arm/arm-hisiv200-linux/target/usr/lib 		-L/home/hisisdk/histb/source/rootfs/lib -L/home/hisisdk/histb/source/rootfs/user/lib -L/home/hisisdk/histb/source/rootfs/user/local/lib 		 conftest.c  >&5
/tmp/ccsWozaV.o: In function `main':
conftest.c:(.text+0x4): undefined reference to `_doprnt'
collect2: ld returned 1 exit status
configure:4473: $? = 1
configure: failed program was:
| /* confdefs.h */
| #define PACKAGE_NAME "json-c"
| #define PACKAGE_TARNAME "json-c"
| #define PACKAGE_VERSION "0.12.99"
| #define PACKAGE_STRING "json-c 0.12.99"
| #define PACKAGE_BUGREPORT "json-c@googlegroups.com"
| #define PACKAGE_URL ""
| #define PACKAGE "json-c"
| #define VERSION "0.12.99"
| #define STDC_HEADERS 1
| #define HAVE_SYS_TYPES_H 1
| #define HAVE_SYS_STAT_H 1
| #define HAVE_STDLIB_H 1
| #define HAVE_STRING_H 1
| #define HAVE_MEMORY_H 1
| #define HAVE_STRINGS_H 1
| #define HAVE_INTTYPES_H 1
| #define HAVE_STDINT_H 1
| #define HAVE_UNISTD_H 1
| #define HAVE_FCNTL_H 1
| #define HAVE_LIMITS_H 1
| #define HAVE_STRINGS_H 1
| #define HAVE_SYSLOG_H 1
| #define HAVE_UNISTD_H 1
| #define HAVE_SYS_CDEFS_H 1
| #define HAVE_SYS_PARAM_H 1
| #define HAVE_STDARG_H 1
| #define HAVE_LOCALE_H 1
| #define HAVE_ENDIAN_H 1
| #define JSON_C_HAVE_INTTYPES_H 1
| #define HAVE_VPRINTF 1
| /* end confdefs.h.  */
| /* Define _doprnt to an innocuous variant, in case <limits.h> declares _doprnt.
|    For example, HP-UX 11i <limits.h> declares gettimeofday.  */
| #define _doprnt innocuous__doprnt
| 
| /* System header to define __stub macros and hopefully few prototypes,
|     which can conflict with char _doprnt (); below.
|     Prefer <limits.h> to <assert.h> if __STDC__ is defined, since
|     <limits.h> exists even on freestanding compilers.  */
| 
| #ifdef __STDC__
| # include <limits.h>
| #else
| # include <assert.h>
| #endif
| 
| #undef _doprnt
| 
| /* Override any GCC internal prototype to avoid an error.
|    Use char because int might match the return type of a GCC
|    builtin and then its argument prototype would still apply.  */
| #ifdef __cplusplus
| extern "C"
| #endif
| char _doprnt ();
| /* The GNU C library defines this for functions which it implements
|     to always fail with ENOSYS.  Some functions are actually named
|     something starting with __ and the normal name is an alias.  */
| #if defined __stub__doprnt || defined __stub____doprnt
| choke me
| #endif
| 
| int
| main ()
| {
| return _doprnt ();
|   ;
|   return 0;
| }
configure:4473: result: no
configure:4484: checking for working memcmp
configure:4537: result: no
configure:4548: checking for stdlib.h
configure:4548: result: yes
configure:4558: checking for GNU libc compatible malloc
configure:4592: result: no
configure:4615: checking for stdlib.h
configure:4615: result: yes
configure:4625: checking for GNU libc compatible realloc
configure:4659: result: no
configure:4683: checking for strcasecmp
configure:4683: arm-hisiv200-linux-gcc -o conftest  		-O2 		-I/opt/hisi-linux/x86-arm/arm-hisiv200-linux/target/usr/include 		-I/home/hisisdk/histb/source/rootfs/usr/include -I/home/hisisdk/histb/source/rootfs/usr/local/include 		-I/home/hisisdk/histb/autelan/fakerelease/usr/include -I/home/hisisdk/histb/autelan/fakerelease/usr/local/include 		   		-L/opt/hisi-linux/x86-arm/arm-hisiv200-linux/target/lib -L/opt/hisi-linux/x86-arm/arm-hisiv200-linux/target/usr/lib 		-L/home/hisisdk/histb/source/rootfs/lib -L/home/hisisdk/histb/source/rootfs/user/lib -L/home/hisisdk/histb/source/rootfs/user/local/lib 		 conftest.c  >&5
conftest.c:62: warning: conflicting types for built-in function 'strcasecmp'
configure:4683: $? = 0
configure:4683: result: yes
configure:4683: checking for strdup
configure:4683: arm-hisiv200-linux-gcc -o conftest  		-O2 		-I/opt/hisi-linux/x86-arm/arm-hisiv200-linux/target/usr/include 		-I/home/hisisdk/histb/source/rootfs/usr/include -I/home/hisisdk/histb/source/rootfs/usr/local/include 		-I/home/hisisdk/histb/autelan/fakerelease/usr/include -I/home/hisisdk/histb/autelan/fakerelease/usr/local/include 		   		-L/opt/hisi-linux/x86-arm/arm-hisiv200-linux/target/lib -L/opt/hisi-linux/x86-arm/arm-hisiv200-linux/target/usr/lib 		-L/home/hisisdk/histb/source/rootfs/lib -L/home/hisisdk/histb/source/rootfs/user/lib -L/home/hisisdk/histb/source/rootfs/user/local/lib 		 conftest.c  >&5
conftest.c:63: warning: conflicting types for built-in function 'strdup'
configure:4683: $? = 0
configure:4683: result: yes
configure:4683: checking for strerror
configure:4683: arm-hisiv200-linux-gcc -o conftest  		-O2 		-I/opt/hisi-linux/x86-arm/arm-hisiv200-linux/target/usr/include 		-I/home/hisisdk/histb/source/rootfs/usr/include -I/home/hisisdk/histb/source/rootfs/usr/local/include 		-I/home/hisisdk/histb/autelan/fakerelease/usr/include -I/home/hisisdk/histb/autelan/fakerelease/usr/local/include 		   		-L/opt/hisi-linux/x86-arm/arm-hisiv200-linux/target/lib -L/opt/hisi-linux/x86-arm/arm-hisiv200-linux/target/usr/lib 		-L/home/hisisdk/histb/source/rootfs/lib -L/home/hisisdk/histb/source/rootfs/user/lib -L/home/hisisdk/histb/source/rootfs/user/local/lib 		 conftest.c  >&5
configure:4683: $? = 0
configure:4683: result: yes
configure:4683: checking for snprintf
configure:4683: arm-hisiv200-linux-gcc -o conftest  		-O2 		-I/opt/hisi-linux/x86-arm/arm-hisiv200-linux/target/usr/include 		-I/home/hisisdk/histb/source/rootfs/usr/include -I/home/hisisdk/histb/source/rootfs/usr/local/include 		-I/home/hisisdk/histb/autelan/fakerelease/usr/include -I/home/hisisdk/histb/autelan/fakerelease/usr/local/include 		   		-L/opt/hisi-linux/x86-arm/arm-hisiv200-linux/target/lib -L/opt/hisi-linux/x86-arm/arm-hisiv200-linux/target/usr/lib 		-L/home/hisisdk/histb/source/rootfs/lib -L/home/hisisdk/histb/source/rootfs/user/lib -L/home/hisisdk/histb/source/rootfs/user/local/lib 		 conftest.c  >&5
conftest.c:65: warning: conflicting types for built-in function 'snprintf'
configure:4683: $? = 0
configure:4683: result: yes
configure:4683: checking for vsnprintf
configure:4683: arm-hisiv200-linux-gcc -o conftest  		-O2 		-I/opt/hisi-linux/x86-arm/arm-hisiv200-linux/target/usr/include 		-I/home/hisisdk/histb/source/rootfs/usr/include -I/home/hisisdk/histb/source/rootfs/usr/local/include 		-I/home/hisisdk/histb/autelan/fakerelease/usr/include -I/home/hisisdk/histb/autelan/fakerelease/usr/local/include 		   		-L/opt/hisi-linux/x86-arm/arm-hisiv200-linux/target/lib -L/opt/hisi-linux/x86-arm/arm-hisiv200-linux/target/usr/lib 		-L/home/hisisdk/histb/source/rootfs/lib -L/home/hisisdk/histb/source/rootfs/user/lib -L/home/hisisdk/histb/source/rootfs/user/local/lib 		 conftest.c  >&5
conftest.c:66: warning: conflicting types for built-in function 'vsnprintf'
configure:4683: $? = 0
configure:4683: result: yes
configure:4683: checking for vasprintf
configure:4683: arm-hisiv200-linux-gcc -o conftest  		-O2 		-I/opt/hisi-linux/x86-arm/arm-hisiv200-linux/target/usr/include 		-I/home/hisisdk/histb/source/rootfs/usr/include -I/home/hisisdk/histb/source/rootfs/usr/local/include 		-I/home/hisisdk/histb/autelan/fakerelease/usr/include -I/home/hisisdk/histb/autelan/fakerelease/usr/local/include 		   		-L/opt/hisi-linux/x86-arm/arm-hisiv200-linux/target/lib -L/opt/hisi-linux/x86-arm/arm-hisiv200-linux/target/usr/lib 		-L/home/hisisdk/histb/source/rootfs/lib -L/home/hisisdk/histb/source/rootfs/user/lib -L/home/hisisdk/histb/source/rootfs/user/local/lib 		 conftest.c  >&5
configure:4683: $? = 0
configure:4683: result: yes
configure:4683: checking for open
configure:4683: arm-hisiv200-linux-gcc -o conftest  		-O2 		-I/opt/hisi-linux/x86-arm/arm-hisiv200-linux/target/usr/include 		-I/home/hisisdk/histb/source/rootfs/usr/include -I/home/hisisdk/histb/source/rootfs/usr/local/include 		-I/home/hisisdk/histb/autelan/fakerelease/usr/include -I/home/hisisdk/histb/autelan/fakerelease/usr/local/include 		   		-L/opt/hisi-linux/x86-arm/arm-hisiv200-linux/target/lib -L/opt/hisi-linux/x86-arm/arm-hisiv200-linux/target/usr/lib 		-L/home/hisisdk/histb/source/rootfs/lib -L/home/hisisdk/histb/source/rootfs/user/lib -L/home/hisisdk/histb/source/rootfs/user/local/lib 		 conftest.c  >&5
configure:4683: $? = 0
configure:4683: result: yes
configure:4683: checking for vsyslog
configure:4683: arm-hisiv200-linux-gcc -o conftest  		-O2 		-I/opt/hisi-linux/x86-arm/arm-hisiv200-linux/target/usr/include 		-I/home/hisisdk/histb/source/rootfs/usr/include -I/home/hisisdk/histb/source/rootfs/usr/local/include 		-I/home/hisisdk/histb/autelan/fakerelease/usr/include -I/home/hisisdk/histb/autelan/fakerelease/usr/local/include 		   		-L/opt/hisi-linux/x86-arm/arm-hisiv200-linux/target/lib -L/opt/hisi-linux/x86-arm/arm-hisiv200-linux/target/usr/lib 		-L/home/hisisdk/histb/source/rootfs/lib -L/home/hisisdk/histb/source/rootfs/user/lib -L/home/hisisdk/histb/source/rootfs/user/local/lib 		 conftest.c  >&5
configure:4683: $? = 0
configure:4683: result: yes
configure:4683: checking for strncasecmp
configure:4683: arm-hisiv200-linux-gcc -o conftest  		-O2 		-I/opt/hisi-linux/x86-arm/arm-hisiv200-linux/target/usr/include 		-I/home/hisisdk/histb/source/rootfs/usr/include -I/home/hisisdk/histb/source/rootfs/usr/local/include 		-I/home/hisisdk/histb/autelan/fakerelease/usr/include -I/home/hisisdk/histb/autelan/fakerelease/usr/local/include 		   		-L/opt/hisi-linux/x86-arm/arm-hisiv200-linux/target/lib -L/opt/hisi-linux/x86-arm/arm-hisiv200-linux/target/usr/lib 		-L/home/hisisdk/histb/source/rootfs/lib -L/home/hisisdk/histb/source/rootfs/user/lib -L/home/hisisdk/histb/source/rootfs/user/local/lib 		 conftest.c  >&5
conftest.c:70: warning: conflicting types for built-in function 'strncasecmp'
configure:4683: $? = 0
configure:4683: result: yes
configure:4683: checking for setlocale
configure:4683: arm-hisiv200-linux-gcc -o conftest  		-O2 		-I/opt/hisi-linux/x86-arm/arm-hisiv200-linux/target/usr/include 		-I/home/hisisdk/histb/source/rootfs/usr/include -I/home/hisisdk/histb/source/rootfs/usr/local/include 		-I/home/hisisdk/histb/autelan/fakerelease/usr/include -I/home/hisisdk/histb/autelan/fakerelease/usr/local/include 		   		-L/opt/hisi-linux/x86-arm/arm-hisiv200-linux/target/lib -L/opt/hisi-linux/x86-arm/arm-hisiv200-linux/target/usr/lib 		-L/home/hisisdk/histb/source/rootfs/lib -L/home/hisisdk/histb/source/rootfs/user/lib -L/home/hisisdk/histb/source/rootfs/user/local/lib 		 conftest.c  >&5
configure:4683: $? = 0
configure:4683: result: yes
configure:4692: checking whether INFINITY is declared
configure:4692: arm-hisiv200-linux-gcc -c  		-O2 		-I/opt/hisi-linux/x86-arm/arm-hisiv200-linux/target/usr/include 		-I/home/hisisdk/histb/source/rootfs/usr/include -I/home/hisisdk/histb/source/rootfs/usr/local/include 		-I/home/hisisdk/histb/autelan/fakerelease/usr/include -I/home/hisisdk/histb/autelan/fakerelease/usr/local/include 		  conftest.c >&5
configure:4692: $? = 0
configure:4692: result: yes
configure:4704: checking whether nan is declared
configure:4704: arm-hisiv200-linux-gcc -c  		-O2 		-I/opt/hisi-linux/x86-arm/arm-hisiv200-linux/target/usr/include 		-I/home/hisisdk/histb/source/rootfs/usr/include -I/home/hisisdk/histb/source/rootfs/usr/local/include 		-I/home/hisisdk/histb/autelan/fakerelease/usr/include -I/home/hisisdk/histb/autelan/fakerelease/usr/local/include 		  conftest.c >&5
configure:4704: $? = 0
configure:4704: result: yes
configure:4716: checking whether isnan is declared
configure:4716: arm-hisiv200-linux-gcc -c  		-O2 		-I/opt/hisi-linux/x86-arm/arm-hisiv200-linux/target/usr/include 		-I/home/hisisdk/histb/source/rootfs/usr/include -I/home/hisisdk/histb/source/rootfs/usr/local/include 		-I/home/hisisdk/histb/autelan/fakerelease/usr/include -I/home/hisisdk/histb/autelan/fakerelease/usr/local/include 		  conftest.c >&5
configure:4716: $? = 0
configure:4716: result: yes
configure:4728: checking whether isinf is declared
configure:4728: arm-hisiv200-linux-gcc -c  		-O2 		-I/opt/hisi-linux/x86-arm/arm-hisiv200-linux/target/usr/include 		-I/home/hisisdk/histb/source/rootfs/usr/include -I/home/hisisdk/histb/source/rootfs/usr/local/include 		-I/home/hisisdk/histb/autelan/fakerelease/usr/include -I/home/hisisdk/histb/autelan/fakerelease/usr/local/include 		  conftest.c >&5
configure:4728: $? = 0
configure:4728: result: yes
configure:4740: checking whether _isnan is declared
configure:4740: arm-hisiv200-linux-gcc -c  		-O2 		-I/opt/hisi-linux/x86-arm/arm-hisiv200-linux/target/usr/include 		-I/home/hisisdk/histb/source/rootfs/usr/include -I/home/hisisdk/histb/source/rootfs/usr/local/include 		-I/home/hisisdk/histb/autelan/fakerelease/usr/include -I/home/hisisdk/histb/autelan/fakerelease/usr/local/include 		  conftest.c >&5
conftest.c: In function 'main':
conftest.c:62: error: '_isnan' undeclared (first use in this function)
conftest.c:62: error: (Each undeclared identifier is reported only once
conftest.c:62: error: for each function it appears in.)
configure:4740: $? = 1
configure: failed program was:
| /* confdefs.h */
| #define PACKAGE_NAME "json-c"
| #define PACKAGE_TARNAME "json-c"
| #define PACKAGE_VERSION "0.12.99"
| #define PACKAGE_STRING "json-c 0.12.99"
| #define PACKAGE_BUGREPORT "json-c@googlegroups.com"
| #define PACKAGE_URL ""
| #define PACKAGE "json-c"
| #define VERSION "0.12.99"
| #define STDC_HEADERS 1
| #define HAVE_SYS_TYPES_H 1
| #define HAVE_SYS_STAT_H 1
| #define HAVE_STDLIB_H 1
| #define HAVE_STRING_H 1
| #define HAVE_MEMORY_H 1
| #define HAVE_STRINGS_H 1
| #define HAVE_INTTYPES_H 1
| #define HAVE_STDINT_H 1
| #define HAVE_UNISTD_H 1
| #define HAVE_FCNTL_H 1
| #define HAVE_LIMITS_H 1
| #define HAVE_STRINGS_H 1
| #define HAVE_SYSLOG_H 1
| #define HAVE_UNISTD_H 1
| #define HAVE_SYS_CDEFS_H 1
| #define HAVE_SYS_PARAM_H 1
| #define HAVE_STDARG_H 1
| #define HAVE_LOCALE_H 1
| #define HAVE_ENDIAN_H 1
| #define JSON_C_HAVE_INTTYPES_H 1
| #define HAVE_VPRINTF 1
| #define HAVE_STDLIB_H 1
| #define HAVE_MALLOC 0
| #define malloc rpl_malloc
| #define HAVE_STDLIB_H 1
| #define HAVE_REALLOC 0
| #define realloc rpl_realloc
| #define HAVE_STRCASECMP 1
| #define HAVE_STRDUP 1
| #define HAVE_STRERROR 1
| #define HAVE_SNPRINTF 1
| #define HAVE_VSNPRINTF 1
| #define HAVE_VASPRINTF 1
| #define HAVE_OPEN 1
| #define HAVE_VSYSLOG 1
| #define HAVE_STRNCASECMP 1
| #define HAVE_SETLOCALE 1
| #define HAVE_DECL_INFINITY 1
| #define HAVE_DECL_NAN 1
| #define HAVE_DECL_ISNAN 1
| #define HAVE_DECL_ISINF 1
| /* end confdefs.h.  */
| #include <float.h>
| 
| int
| main ()
| {
| #ifndef _isnan
| #ifdef __cplusplus
|   (void) _isnan;
| #else
|   (void) _isnan;
| #endif
| #endif
| 
|   ;
|   return 0;
| }
configure:4740: result: no
configure:4752: checking whether _finite is declared
configure:4752: arm-hisiv200-linux-gcc -c  		-O2 		-I/opt/hisi-linux/x86-arm/arm-hisiv200-linux/target/usr/include 		-I/home/hisisdk/histb/source/rootfs/usr/include -I/home/hisisdk/histb/source/rootfs/usr/local/include 		-I/home/hisisdk/histb/autelan/fakerelease/usr/include -I/home/hisisdk/histb/autelan/fakerelease/usr/local/include 		  conftest.c >&5
conftest.c: In function 'main':
conftest.c:63: error: '_finite' undeclared (first use in this function)
conftest.c:63: error: (Each undeclared identifier is reported only once
conftest.c:63: error: for each function it appears in.)
configure:4752: $? = 1
configure: failed program was:
| /* confdefs.h */
| #define PACKAGE_NAME "json-c"
| #define PACKAGE_TARNAME "json-c"
| #define PACKAGE_VERSION "0.12.99"
| #define PACKAGE_STRING "json-c 0.12.99"
| #define PACKAGE_BUGREPORT "json-c@googlegroups.com"
| #define PACKAGE_URL ""
| #define PACKAGE "json-c"
| #define VERSION "0.12.99"
| #define STDC_HEADERS 1
| #define HAVE_SYS_TYPES_H 1
| #define HAVE_SYS_STAT_H 1
| #define HAVE_STDLIB_H 1
| #define HAVE_STRING_H 1
| #define HAVE_MEMORY_H 1
| #define HAVE_STRINGS_H 1
| #define HAVE_INTTYPES_H 1
| #define HAVE_STDINT_H 1
| #define HAVE_UNISTD_H 1
| #define HAVE_FCNTL_H 1
| #define HAVE_LIMITS_H 1
| #define HAVE_STRINGS_H 1
| #define HAVE_SYSLOG_H 1
| #define HAVE_UNISTD_H 1
| #define HAVE_SYS_CDEFS_H 1
| #define HAVE_SYS_PARAM_H 1
| #define HAVE_STDARG_H 1
| #define HAVE_LOCALE_H 1
| #define HAVE_ENDIAN_H 1
| #define JSON_C_HAVE_INTTYPES_H 1
| #define HAVE_VPRINTF 1
| #define HAVE_STDLIB_H 1
| #define HAVE_MALLOC 0
| #define malloc rpl_malloc
| #define HAVE_STDLIB_H 1
| #define HAVE_REALLOC 0
| #define realloc rpl_realloc
| #define HAVE_STRCASECMP 1
| #define HAVE_STRDUP 1
| #define HAVE_STRERROR 1
| #define HAVE_SNPRINTF 1
| #define HAVE_VSNPRINTF 1
| #define HAVE_VASPRINTF 1
| #define HAVE_OPEN 1
| #define HAVE_VSYSLOG 1
| #define HAVE_STRNCASECMP 1
| #define HAVE_SETLOCALE 1
| #define HAVE_DECL_INFINITY 1
| #define HAVE_DECL_NAN 1
| #define HAVE_DECL_ISNAN 1
| #define HAVE_DECL_ISINF 1
| #define HAVE_DECL__ISNAN 0
| /* end confdefs.h.  */
| #include <float.h>
| 
| int
| main ()
| {
| #ifndef _finite
| #ifdef __cplusplus
|   (void) _finite;
| #else
|   (void) _finite;
| #endif
| #endif
| 
|   ;
|   return 0;
| }
configure:4752: result: no
configure:4773: checking if .gnu.warning accepts long strings
configure:4784: arm-hisiv200-linux-gcc -o conftest  		-O2 		-I/opt/hisi-linux/x86-arm/arm-hisiv200-linux/target/usr/include 		-I/home/hisisdk/histb/source/rootfs/usr/include -I/home/hisisdk/histb/source/rootfs/usr/local/include 		-I/home/hisisdk/histb/autelan/fakerelease/usr/include -I/home/hisisdk/histb/autelan/fakerelease/usr/local/include 		   		-L/opt/hisi-linux/x86-arm/arm-hisiv200-linux/target/lib -L/opt/hisi-linux/x86-arm/arm-hisiv200-linux/target/usr/lib 		-L/home/hisisdk/histb/source/rootfs/lib -L/home/hisisdk/histb/source/rootfs/user/lib -L/home/hisisdk/histb/source/rootfs/user/local/lib 		 conftest.c  >&5
/tmp/cczIH09m.s: Assembler messages:
/tmp/cczIH09m.s:13: Error: character following name is not '#'
configure:4784: $? = 1
configure: failed program was:
| /* confdefs.h */
| #define PACKAGE_NAME "json-c"
| #define PACKAGE_TARNAME "json-c"
| #define PACKAGE_VERSION "0.12.99"
| #define PACKAGE_STRING "json-c 0.12.99"
| #define PACKAGE_BUGREPORT "json-c@googlegroups.com"
| #define PACKAGE_URL ""
| #define PACKAGE "json-c"
| #define VERSION "0.12.99"
| #define STDC_HEADERS 1
| #define HAVE_SYS_TYPES_H 1
| #define HAVE_SYS_STAT_H 1
| #define HAVE_STDLIB_H 1
| #define HAVE_STRING_H 1
| #define HAVE_MEMORY_H 1
| #define HAVE_STRINGS_H 1
| #define HAVE_INTTYPES_H 1
| #define HAVE_STDINT_H 1
| #define HAVE_UNISTD_H 1
| #define HAVE_FCNTL_H 1
| #define HAVE_LIMITS_H 1
| #define HAVE_STRINGS_H 1
| #define HAVE_SYSLOG_H 1
| #define HAVE_UNISTD_H 1
| #define HAVE_SYS_CDEFS_H 1
| #define HAVE_SYS_PARAM_H 1
| #define HAVE_STDARG_H 1
| #define HAVE_LOCALE_H 1
| #define HAVE_ENDIAN_H 1
| #define JSON_C_HAVE_INTTYPES_H 1
| #define HAVE_VPRINTF 1
| #define HAVE_STDLIB_H 1
| #define HAVE_MALLOC 0
| #define malloc rpl_malloc
| #define HAVE_STDLIB_H 1
| #define HAVE_REALLOC 0
| #define realloc rpl_realloc
| #define HAVE_STRCASECMP 1
| #define HAVE_STRDUP 1
| #define HAVE_STRERROR 1
| #define HAVE_SNPRINTF 1
| #define HAVE_VSNPRINTF 1
| #define HAVE_VASPRINTF 1
| #define HAVE_OPEN 1
| #define HAVE_VSYSLOG 1
| #define HAVE_STRNCASECMP 1
| #define HAVE_SETLOCALE 1
| #define HAVE_DECL_INFINITY 1
| #define HAVE_DECL_NAN 1
| #define HAVE_DECL_ISNAN 1
| #define HAVE_DECL_ISINF 1
| #define HAVE_DECL__ISNAN 0
| #define HAVE_DECL__FINITE 0
| /* end confdefs.h.  */
| 
| extern void json_object_get();
| __asm__(".section .gnu.json_object_get,\n\t.ascii \"Please link against libjson-c instead of libjson\"\n\t.text");
| 
| int main(int c,char* v) {return 0;}
| 
configure:4794: result: no
configure:4837: checking build system type
configure:4851: result: i686-pc-linux-gnu
configure:4871: checking host system type
configure:4884: result: arm-hisiv200-linux-gnu
configure:4925: checking how to print strings
configure:4952: result: printf
configure:4973: checking for a sed that does not truncate output
configure:5037: result: /bin/sed
configure:5055: checking for fgrep
configure:5117: result: /bin/grep -F
configure:5152: checking for ld used by arm-hisiv200-linux-gcc
configure:5219: result: /opt/hisi-linux/x86-arm/arm-hisiv200-linux/arm-hisiv200-linux-gnueabi/bin/ld
configure:5226: checking if the linker (/opt/hisi-linux/x86-arm/arm-hisiv200-linux/arm-hisiv200-linux-gnueabi/bin/ld) is GNU ld
configure:5241: result: yes
configure:5253: checking for BSD- or MS-compatible name lister (nm)
configure:5302: result: /opt/hisi-linux/x86-arm/arm-hisiv200-linux/target/bin/arm-hisiv200-linux-nm -B
configure:5432: checking the name lister (/opt/hisi-linux/x86-arm/arm-hisiv200-linux/target/bin/arm-hisiv200-linux-nm -B) interface
configure:5439: arm-hisiv200-linux-gcc -c  		-O2 		-I/opt/hisi-linux/x86-arm/arm-hisiv200-linux/target/usr/include 		-I/home/hisisdk/histb/source/rootfs/usr/include -I/home/hisisdk/histb/source/rootfs/usr/local/include 		-I/home/hisisdk/histb/autelan/fakerelease/usr/include -I/home/hisisdk/histb/autelan/fakerelease/usr/local/include 		  conftest.c >&5
configure:5442: /opt/hisi-linux/x86-arm/arm-hisiv200-linux/target/bin/arm-hisiv200-linux-nm -B "conftest.o"
configure:5445: output
00000000 B some_variable
configure:5452: result: BSD nm
configure:5455: checking whether ln -s works
configure:5459: result: yes
configure:5467: checking the maximum length of command line arguments
configure:5597: result: 805306365
configure:5614: checking whether the shell understands some XSI constructs
configure:5624: result: yes
configure:5628: checking whether the shell understands "+="
configure:5634: result: yes
configure:5669: checking how to convert i686-pc-linux-gnu file names to arm-hisiv200-linux-gnu format
configure:5709: result: func_convert_file_noop
configure:5716: checking how to convert i686-pc-linux-gnu file names to toolchain format
configure:5736: result: func_convert_file_noop
configure:5743: checking for /opt/hisi-linux/x86-arm/arm-hisiv200-linux/arm-hisiv200-linux-gnueabi/bin/ld option to reload object files
configure:5750: result: -r
configure:5784: checking for arm-hisiv200-linux-objdump
configure:5800: found /opt/hisi-linux/x86-arm/arm-hisiv200-linux/target/bin/arm-hisiv200-linux-objdump
configure:5811: result: arm-hisiv200-linux-objdump
configure:5883: checking how to recognize dependent libraries
configure:6085: result: pass_all
configure:6130: checking for arm-hisiv200-linux-dlltool
configure:6160: result: no
configure:6170: checking for dlltool
configure:6200: result: no
configure:6230: checking how to associate runtime and link libraries
configure:6257: result: printf %s\n
configure:6273: checking for arm-hisiv200-linux-ar
configure:6289: found /opt/hisi-linux/x86-arm/arm-hisiv200-linux/target/bin/arm-hisiv200-linux-ar
configure:6300: result: arm-hisiv200-linux-ar
configure:6381: checking for archiver @FILE support
configure:6398: arm-hisiv200-linux-gcc -c  		-O2 		-I/opt/hisi-linux/x86-arm/arm-hisiv200-linux/target/usr/include 		-I/home/hisisdk/histb/source/rootfs/usr/include -I/home/hisisdk/histb/source/rootfs/usr/local/include 		-I/home/hisisdk/histb/autelan/fakerelease/usr/include -I/home/hisisdk/histb/autelan/fakerelease/usr/local/include 		  conftest.c >&5
configure:6398: $? = 0
configure:6401: arm-hisiv200-linux-ar cru libconftest.a @conftest.lst >&5
configure:6404: $? = 0
configure:6409: arm-hisiv200-linux-ar cru libconftest.a @conftest.lst >&5
arm-hisiv200-linux-ar: conftest.o: No such file or directory
configure:6412: $? = 1
configure:6424: result: @
configure:6442: checking for arm-hisiv200-linux-strip
configure:6469: result: arm-hisiv200-linux-strip
configure:6541: checking for arm-hisiv200-linux-ranlib
configure:6557: found /opt/hisi-linux/x86-arm/arm-hisiv200-linux/target/bin/arm-hisiv200-linux-ranlib
configure:6568: result: arm-hisiv200-linux-ranlib
configure:6710: checking command to parse /opt/hisi-linux/x86-arm/arm-hisiv200-linux/target/bin/arm-hisiv200-linux-nm -B output from arm-hisiv200-linux-gcc object
configure:6830: arm-hisiv200-linux-gcc -c  		-O2 		-I/opt/hisi-linux/x86-arm/arm-hisiv200-linux/target/usr/include 		-I/home/hisisdk/histb/source/rootfs/usr/include -I/home/hisisdk/histb/source/rootfs/usr/local/include 		-I/home/hisisdk/histb/autelan/fakerelease/usr/include -I/home/hisisdk/histb/autelan/fakerelease/usr/local/include 		  conftest.c >&5
configure:6833: $? = 0
configure:6837: /opt/hisi-linux/x86-arm/arm-hisiv200-linux/target/bin/arm-hisiv200-linux-nm -B conftest.o \| sed -n -e 's/^.*[ ]\([ABCDGIRSTW][ABCDGIRSTW]*\)[ ][ ]*\([_A-Za-z][_A-Za-z0-9]*\)$/\1 \2 \2/p' | sed '/ __gnu_lto/d' \> conftest.nm
configure:6840: $? = 0
configure:6906: arm-hisiv200-linux-gcc -o conftest  		-O2 		-I/opt/hisi-linux/x86-arm/arm-hisiv200-linux/target/usr/include 		-I/home/hisisdk/histb/source/rootfs/usr/include -I/home/hisisdk/histb/source/rootfs/usr/local/include 		-I/home/hisisdk/histb/autelan/fakerelease/usr/include -I/home/hisisdk/histb/autelan/fakerelease/usr/local/include 		   		-L/opt/hisi-linux/x86-arm/arm-hisiv200-linux/target/lib -L/opt/hisi-linux/x86-arm/arm-hisiv200-linux/target/usr/lib 		-L/home/hisisdk/histb/source/rootfs/lib -L/home/hisisdk/histb/source/rootfs/user/lib -L/home/hisisdk/histb/source/rootfs/user/local/lib 		 conftest.c conftstm.o >&5
configure:6909: $? = 0
configure:6947: result: ok
configure:6984: checking for sysroot
configure:7014: result: no
configure:7230: checking for arm-hisiv200-linux-mt
configure:7260: result: no
configure:7270: checking for mt
configure:7286: found /bin/mt
configure:7297: result: mt
configure:7309: WARNING: using cross tools not prefixed with host triplet
configure:7320: checking if mt is a manifest tool
configure:7326: mt '-?'
configure:7334: result: no
configure:7973: checking for dlfcn.h
configure:7973: arm-hisiv200-linux-gcc -c  		-O2 		-I/opt/hisi-linux/x86-arm/arm-hisiv200-linux/target/usr/include 		-I/home/hisisdk/histb/source/rootfs/usr/include -I/home/hisisdk/histb/source/rootfs/usr/local/include 		-I/home/hisisdk/histb/autelan/fakerelease/usr/include -I/home/hisisdk/histb/autelan/fakerelease/usr/local/include 		  conftest.c >&5
configure:7973: $? = 0
configure:7973: result: yes
configure:8179: checking for objdir
configure:8194: result: .libs
configure:8461: checking if arm-hisiv200-linux-gcc supports -fno-rtti -fno-exceptions
configure:8479: arm-hisiv200-linux-gcc -c  		-O2 		-I/opt/hisi-linux/x86-arm/arm-hisiv200-linux/target/usr/include 		-I/home/hisisdk/histb/source/rootfs/usr/include -I/home/hisisdk/histb/source/rootfs/usr/local/include 		-I/home/hisisdk/histb/autelan/fakerelease/usr/include -I/home/hisisdk/histb/autelan/fakerelease/usr/local/include 		  -fno-rtti -fno-exceptions conftest.c >&5
cc1: warning: command line option "-fno-rtti" is valid for C++/ObjC++ but not for C
configure:8483: $? = 0
configure:8496: result: no
configure:8823: checking for arm-hisiv200-linux-gcc option to produce PIC
configure:8830: result: -fPIC -DPIC
configure:8838: checking if arm-hisiv200-linux-gcc PIC flag -fPIC -DPIC works
configure:8856: arm-hisiv200-linux-gcc -c  		-O2 		-I/opt/hisi-linux/x86-arm/arm-hisiv200-linux/target/usr/include 		-I/home/hisisdk/histb/source/rootfs/usr/include -I/home/hisisdk/histb/source/rootfs/usr/local/include 		-I/home/hisisdk/histb/autelan/fakerelease/usr/include -I/home/hisisdk/histb/autelan/fakerelease/usr/local/include 		  -fPIC -DPIC -DPIC conftest.c >&5
configure:8860: $? = 0
configure:8873: result: yes
configure:8902: checking if arm-hisiv200-linux-gcc static flag -static works
configure:8930: result: yes
configure:8945: checking if arm-hisiv200-linux-gcc supports -c -o file.o

## ---------------- ##
## Cache variables. ##
## ---------------- ##

ac_cv_build=i686-pc-linux-gnu
ac_cv_c_compiler_gnu=yes
ac_cv_c_const=yes
ac_cv_env_CC_set=set
ac_cv_env_CC_value=arm-hisiv200-linux-gcc
ac_cv_env_CFLAGS_set=set
ac_cv_env_CFLAGS_value=' 		-O2 		-I/opt/hisi-linux/x86-arm/arm-hisiv200-linux/target/usr/include 		-I/home/hisisdk/histb/source/rootfs/usr/include -I/home/hisisdk/histb/source/rootfs/usr/local/include 		-I/home/hisisdk/histb/autelan/fakerelease/usr/include -I/home/hisisdk/histb/autelan/fakerelease/usr/local/include 		'
ac_cv_env_CPPFLAGS_set=
ac_cv_env_CPPFLAGS_value=
ac_cv_env_CPP_set=set
ac_cv_env_CPP_value='arm-hisiv200-linux-gcc -E'
ac_cv_env_LDFLAGS_set=set
ac_cv_env_LDFLAGS_value=' 		-L/opt/hisi-linux/x86-arm/arm-hisiv200-linux/target/lib -L/opt/hisi-linux/x86-arm/arm-hisiv200-linux/target/usr/lib 		-L/home/hisisdk/histb/source/rootfs/lib -L/home/hisisdk/histb/source/rootfs/user/lib -L/home/hisisdk/histb/source/rootfs/user/local/lib 		'
ac_cv_env_LIBS_set=
ac_cv_env_LIBS_value=
ac_cv_env_build_alias_set=
ac_cv_env_build_alias_value=
ac_cv_env_host_alias_set=set
ac_cv_env_host_alias_value=arm-hisiv200-linux
ac_cv_env_target_alias_set=
ac_cv_env_target_alias_value=
ac_cv_func__doprnt=no
ac_cv_func_malloc_0_nonnull=no
ac_cv_func_memcmp_working=no
ac_cv_func_open=yes
ac_cv_func_realloc_0_nonnull=no
ac_cv_func_setlocale=yes
ac_cv_func_snprintf=yes
ac_cv_func_strcasecmp=yes
ac_cv_func_strdup=yes
ac_cv_func_strerror=yes
ac_cv_func_strncasecmp=yes
ac_cv_func_vasprintf=yes
ac_cv_func_vprintf=yes
ac_cv_func_vsnprintf=yes
ac_cv_func_vsyslog=yes
ac_cv_have_decl_INFINITY=yes
ac_cv_have_decl__finite=no
ac_cv_have_decl__isnan=no
ac_cv_have_decl_isinf=yes
ac_cv_have_decl_isnan=yes
ac_cv_have_decl_nan=yes
ac_cv_header_dlfcn_h=yes
ac_cv_header_endian_h=yes
ac_cv_header_fcntl_h=yes
ac_cv_header_inttypes_h=yes
ac_cv_header_limits_h=yes
ac_cv_header_locale_h=yes
ac_cv_header_memory_h=yes
ac_cv_header_stdarg_h=yes
ac_cv_header_stdc=yes
ac_cv_header_stdint_h=yes
ac_cv_header_stdlib_h=yes
ac_cv_header_string_h=yes
ac_cv_header_strings_h=yes
ac_cv_header_sys_cdefs_h=yes
ac_cv_header_sys_param_h=yes
ac_cv_header_sys_stat_h=yes
ac_cv_header_sys_types_h=yes
ac_cv_header_syslog_h=yes
ac_cv_header_unistd_h=yes
ac_cv_host=arm-hisiv200-linux-gnu
ac_cv_objext=o
ac_cv_path_EGREP='/bin/grep -E'
ac_cv_path_FGREP='/bin/grep -F'
ac_cv_path_GREP=/bin/grep
ac_cv_path_SED=/bin/sed
ac_cv_path_install='/usr/bin/install -c'
ac_cv_path_mkdir=/bin/mkdir
ac_cv_prog_AR=arm-hisiv200-linux-ar
ac_cv_prog_AWK=gawk
ac_cv_prog_CC=arm-hisiv200-linux-gcc
ac_cv_prog_CPP='arm-hisiv200-linux-gcc -E'
ac_cv_prog_OBJDUMP=arm-hisiv200-linux-objdump
ac_cv_prog_RANLIB=arm-hisiv200-linux-ranlib
ac_cv_prog_STRIP=arm-hisiv200-linux-strip
ac_cv_prog_ac_ct_MANIFEST_TOOL=mt
ac_cv_prog_cc_arm_hisiv200_linux_gcc_c_o=yes
ac_cv_prog_cc_c89=
ac_cv_prog_cc_g=yes
ac_cv_prog_make_make_set=yes
ac_cv_type_size_t=yes
am_cv_CC_dependencies_compiler_type=gcc3
lt_cv_ar_at_file=@
lt_cv_deplibs_check_method=pass_all
lt_cv_file_magic_cmd='$MAGIC_CMD'
lt_cv_file_magic_test_file=
lt_cv_ld_reload_flag=-r
lt_cv_nm_interface='BSD nm'
lt_cv_objdir=.libs
lt_cv_path_LD=/opt/hisi-linux/x86-arm/arm-hisiv200-linux/arm-hisiv200-linux-gnueabi/bin/ld
lt_cv_path_NM='/opt/hisi-linux/x86-arm/arm-hisiv200-linux/target/bin/arm-hisiv200-linux-nm -B'
lt_cv_path_mainfest_tool=no
lt_cv_prog_compiler_c_o=no
lt_cv_prog_compiler_pic='-fPIC -DPIC'
lt_cv_prog_compiler_pic_works=yes
lt_cv_prog_compiler_rtti_exceptions=no
lt_cv_prog_compiler_static_works=yes
lt_cv_prog_gnu_ld=yes
lt_cv_sharedlib_from_linklib_cmd='printf %s\n'
lt_cv_sys_global_symbol_pipe='sed -n -e '\''s/^.*[	 ]\([ABCDGIRSTW][ABCDGIRSTW]*\)[	 ][	 ]*\([_A-Za-z][_A-Za-z0-9]*\)$/\1 \2 \2/p'\'' | sed '\''/ __gnu_lto/d'\'''
lt_cv_sys_global_symbol_to_c_name_address='sed -n -e '\''s/^: \([^ ]*\)[ ]*$/  {\"\1\", (void *) 0},/p'\'' -e '\''s/^[ABCDGIRSTW]* \([^ ]*\) \([^ ]*\)$/  {"\2", (void *) \&\2},/p'\'''
lt_cv_sys_global_symbol_to_c_name_address_lib_prefix='sed -n -e '\''s/^: \([^ ]*\)[ ]*$/  {\"\1\", (void *) 0},/p'\'' -e '\''s/^[ABCDGIRSTW]* \([^ ]*\) \(lib[^ ]*\)$/  {"\2", (void *) \&\2},/p'\'' -e '\''s/^[ABCDGIRSTW]* \([^ ]*\) \([^ ]*\)$/  {"lib\2", (void *) \&\2},/p'\'''
lt_cv_sys_global_symbol_to_cdecl='sed -n -e '\''s/^T .* \(.*\)$/extern int \1();/p'\'' -e '\''s/^[ABCDGIRSTW]* .* \(.*\)$/extern char \1;/p'\'''
lt_cv_sys_max_cmd_len=805306365
lt_cv_to_host_file_cmd=func_convert_file_noop
lt_cv_to_tool_file_cmd=func_convert_file_noop

## ----------------- ##
## Output variables. ##
## ----------------- ##

ACLOCAL='${SHELL} /home/hisisdk/histb/autelan/rootfs/json-c/missing --run aclocal-1.11'
AMDEPBACKSLASH='\'
AMDEP_FALSE='#'
AMDEP_TRUE=''
AMTAR='$${TAR-tar}'
AR='arm-hisiv200-linux-ar'
AUTOCONF='${SHELL} /home/hisisdk/histb/autelan/rootfs/json-c/missing --run autoconf'
AUTOHEADER='${SHELL} /home/hisisdk/histb/autelan/rootfs/json-c/missing --run autoheader'
AUTOMAKE='${SHELL} /home/hisisdk/histb/autelan/rootfs/json-c/missing --run automake-1.11'
AWK='gawk'
CC='arm-hisiv200-linux-gcc'
CCDEPMODE='depmode=gcc3'
CFLAGS=' 		-O2 		-I/opt/hisi-linux/x86-arm/arm-hisiv200-linux/target/usr/include 		-I/home/hisisdk/histb/source/rootfs/usr/include -I/home/hisisdk/histb/source/rootfs/usr/local/include 		-I/home/hisisdk/histb/autelan/fakerelease/usr/include -I/home/hisisdk/histb/autelan/fakerelease/usr/local/include 		'
CPP='arm-hisiv200-linux-gcc -E'
CPPFLAGS=''
CYGPATH_W='echo'
DEFS=''
DEPDIR='.deps'
DLLTOOL='false'
DSYMUTIL=''
DUMPBIN=''
ECHO_C=''
ECHO_N='-n'
ECHO_T=''
EGREP='/bin/grep -E'
EXEEXT=''
FGREP='/bin/grep -F'
GREP='/bin/grep'
INSTALL_DATA='${INSTALL} -m 644'
INSTALL_PROGRAM='${INSTALL}'
INSTALL_SCRIPT='${INSTALL}'
INSTALL_STRIP_PROGRAM='$(install_sh) -c -s'
JSON_BSYMBOLIC_LDFLAGS=''
LD='/opt/hisi-linux/x86-arm/arm-hisiv200-linux/arm-hisiv200-linux-gnueabi/bin/ld'
LDFLAGS=' 		-L/opt/hisi-linux/x86-arm/arm-hisiv200-linux/target/lib -L/opt/hisi-linux/x86-arm/arm-hisiv200-linux/target/usr/lib 		-L/home/hisisdk/histb/source/rootfs/lib -L/home/hisisdk/histb/source/rootfs/user/lib -L/home/hisisdk/histb/source/rootfs/user/local/lib 		'
LIBOBJS=' memcmp.o malloc.o realloc.o'
LIBS=''
LIBTOOL='$(SHELL) $(top_builddir)/libtool'
LIPO=''
LN_S='ln -s'
LTLIBOBJS=''
MAKEINFO='${SHELL} /home/hisisdk/histb/autelan/rootfs/json-c/missing --run makeinfo'
MANIFEST_TOOL=':'
MKDIR_P='/bin/mkdir -p'
NM='/opt/hisi-linux/x86-arm/arm-hisiv200-linux/target/bin/arm-hisiv200-linux-nm -B'
NMEDIT=''
OBJDUMP='arm-hisiv200-linux-objdump'
OBJEXT='o'
OTOOL64=''
OTOOL=''
PACKAGE='json-c'
PACKAGE_BUGREPORT='json-c@googlegroups.com'
PACKAGE_NAME='json-c'
PACKAGE_STRING='json-c 0.12.99'
PACKAGE_TARNAME='json-c'
PACKAGE_URL=''
PACKAGE_VERSION='0.12.99'
PATH_SEPARATOR=':'
RANLIB='arm-hisiv200-linux-ranlib'
SED='/bin/sed'
SET_MAKE=''
SHELL='/bin/sh'
STRIP='arm-hisiv200-linux-strip'
VERSION='0.12.99'
ac_ct_AR=''
ac_ct_CC=''
ac_ct_DUMPBIN=''
am__EXEEXT_FALSE=''
am__EXEEXT_TRUE=''
am__fastdepCC_FALSE='#'
am__fastdepCC_TRUE=''
am__include='include'
am__isrc=''
am__leading_dot='.'
am__nodep='_no'
am__quote=''
am__tar='$${TAR-tar} chof - "$$tardir"'
am__untar='$${TAR-tar} xf -'
bindir='/home/hisisdk/histb/autelan/release/usr/bin'
build='i686-pc-linux-gnu'
build_alias=''
build_cpu='i686'
build_os='linux-gnu'
build_vendor='pc'
datadir='/home/hisisdk/histb/autelan/fakerelease/usr/share'
datarootdir='/home/hisisdk/histb/autelan/fakerelease/usr/share'
docdir='/home/hisisdk/histb/autelan/fakerelease/usr/share/doc/bash'
dvidir='/home/hisisdk/histb/autelan/fakerelease/usr/share/doc'
exec_prefix='NONE'
host='arm-hisiv200-linux-gnu'
host_alias='arm-hisiv200-linux'
host_cpu='arm'
host_os='linux-gnu'
host_vendor='hisiv200'
htmldir='/home/hisisdk/histb/autelan/fakerelease/usr/share/doc'
includedir='/home/hisisdk/histb/autelan/fakerelease/usr/include'
infodir='/home/hisisdk/histb/autelan/fakerelease/usr/share/info'
install_sh='${SHELL} /home/hisisdk/histb/autelan/rootfs/json-c/install-sh'
libdir='/home/hisisdk/histb/autelan/release/usr/lib'
libexecdir='/home/hisisdk/histb/autelan/release/libexec'
localedir='/home/hisisdk/histb/autelan/fakerelease/usr/share/local'
localstatedir='/home/hisisdk/histb/autelan/release/var'
mandir='/home/hisisdk/histb/autelan/fakerelease/usr/share/man'
mkdir_p='/bin/mkdir -p'
oldincludedir='/usr/include'
pdfdir='/home/hisisdk/histb/autelan/fakerelease/usr/share/doc'
prefix='/home/hisisdk/histb/autelan/release'
program_transform_name='s,x,x,'
psdir='/home/hisisdk/histb/autelan/fakerelease/usr/share/doc'
sbindir='/home/hisisdk/histb/autelan/release/usr/sbin'
sharedstatedir='${prefix}/com'
sysconfdir='/home/hisisdk/histb/autelan/release/etc'
target_alias=''

configure: caught signal 2
configure: exit 1
