This file contains any messages produced by compilers while
running configure, to aid debugging if configure makes a mistake.

It was created by configure, which was
generated by GNU Autoconf 2.59.  Invocation command line was

  $ ./configure --host=arm-hisiv200-linux --prefix=/home/hisisdk/histb/autelan/release --bindir=/home/hisisdk/histb/autelan/release/bin --sbindir=/home/hisisdk/histb/autelan/release/sbin --libexecdir=/home/hisisdk/histb/autelan/release/libexec --sysconfdir=/home/hisisdk/histb/autelan/release/etc --localstatedir=/home/hisisdk/histb/autelan/release/var --libdir=/home/hisisdk/histb/autelan/release/lib --includedir=/home/hisisdk/histb/autelan/fakerelease/include --infodir=/home/hisisdk/histb/autelan/fakerelease/share/info --mandir=/home/hisisdk/histb/autelan/fakerelease/share/man --without-inet6

## --------- ##
## Platform. ##
## --------- ##

hostname = ubuntu
uname -m = i686
uname -r = 3.8.0-44-generic
uname -s = Linux
uname -v = #66~precise1-Ubuntu SMP Tue Jul 15 04:04:23 UTC 2014

/usr/bin/uname -p = unknown
/bin/uname -X     = unknown

/bin/arch              = unknown
/usr/bin/arch -k       = unknown
/usr/convex/getsysinfo = unknown
hostinfo               = unknown
/bin/machine           = unknown
/usr/bin/oslevel       = unknown
/bin/universe          = unknown

PATH: /opt/hisi-linux/x86-arm/arm-hisiv200-linux/target/bin
PATH: /usr/lib/lightdm/lightdm
PATH: /usr/local/sbin
PATH: /usr/local/bin
PATH: /usr/sbin
PATH: /usr/bin
PATH: /sbin
PATH: /bin
PATH: /usr/games
PATH: /home/hisisdk/tool/golang/bin
PATH: /home/hisisdk/tool
PATH: /home/hisisdk/tool/newlisp/bin
PATH: /home/hisisdk/tool/node/bin
PATH: /home/hisisdk/tool/guile/bin
PATH: /home/hisisdk/tool/tcc/bin
PATH: /home/hisisdk/tool/redis/bin
PATH: /home/hisisdk/tool/see/bin
PATH: /home/hisisdk/tool/mujs/bin
PATH: /home/hisisdk/tool/squid/bin
PATH: /home/hisisdk/tool/squid/sbin
PATH: /home/hisisdk/tool/jq/bin
PATH: /home/hisisdk/tool/mongodb/bin
PATH: /home/hisisdk/work/libjs/build


## ----------- ##
## Core tests. ##
## ----------- ##

configure:1336: checking build system type
configure:1354: result: i686-pc-linux-gnu
configure:1362: checking host system type
configure:1376: result: arm-hisiv200-linux-gnu
configure:1384: checking target system type
configure:1398: result: arm-hisiv200-linux-gnu
configure:1421: checking for arm-hisiv200-linux-gcc
configure:1447: result: arm-hisiv200-linux-gcc
configure:1729: checking for C compiler version
configure:1732: arm-hisiv200-linux-gcc --version </dev/null >&5
arm-hisiv200-linux-gcc (Hisilicon_v200(gcc4.4-290+glibc-2.11+eabi+nptl)) 4.4.1
Copyright (C) 2009 Free Software Foundation, Inc.
This is free software; see the source for copying conditions.  There is NO
warranty; not even for MERCHANTABILITY or FITNESS FOR A PARTICULAR PURPOSE.

configure:1735: $? = 0
configure:1737: arm-hisiv200-linux-gcc -v </dev/null >&5
Using built-in specs.
Target: arm-hisiv200-linux-gnueabi
Configured with: ../gcc-4.4-2010q1/configure --host=i686-pc-linux-gnu --build=i686-pc-linux-gnu --target=arm-hisiv200-linux-gnueabi --prefix=/home/c00132816/toolchain_glibc/install/arm-hisiv200-linux --enable-threads --disable-libmudflap --disable-libssp --disable-libstdcxx-pch --with-arch=armv5te --with-gnu-as --with-gnu-ld --enable-languages=c,c++ --enable-shared --enable-lto --enable-symvers=gnu --enable-__cxa_atexit --disable-nls --enable-extra-hisi-multilibs --with-sysroot=/home/c00132816/toolchain_glibc/install/arm-hisiv200-linux/target --with-build-sysroot=/home/c00132816/toolchain_glibc/install/arm-hisiv200-linux/target --with-gmp=/home/c00132816/toolchain_glibc/install/host_lib --with-mpfr=/home/c00132816/toolchain_glibc/install/host_lib --with-ppl=/home/c00132816/toolchain_glibc/install/host_lib --with-cloog=/home/c00132816/toolchain_glibc/install/host_lib --with-libelf=/home/c00132816/toolchain_glibc/install/host_lib --with-host-libstdcxx='-static-libgcc -Wl,-Bstatic,-lstdc++,-Bstatic -lm' --enable-libgomp --enable-poison-system-directories --with-libelf=/home/c00132816/toolchain_glibc/install/host_lib --with-pkgversion='Hisilicon_v200(gcc4.4-290+glibc-2.11+eabi+nptl)' --with-bugurl=http://www.hisilicon.com/cn/service/claim.html
Thread model: posix
gcc version 4.4.1 (Hisilicon_v200(gcc4.4-290+glibc-2.11+eabi+nptl)) 
configure:1740: $? = 0
configure:1742: arm-hisiv200-linux-gcc -V </dev/null >&5
arm-hisiv200-linux-gcc: '-V' option must have argument
configure:1745: $? = 1
configure:1768: checking for C compiler default output file name
configure:1771: arm-hisiv200-linux-gcc  		-O2 		-I/opt/hisi-linux/x86-arm/arm-hisiv200-linux/target/usr/include 		-I/home/hisisdk/histb/source/rootfs/usr/include -I/home/hisisdk/histb/source/rootfs/usr/local/include 		-I/home/hisisdk/histb/autelan/fakerelease/usr/include -I/home/hisisdk/histb/autelan/fakerelease/usr/local/include 		   		-L/opt/hisi-linux/x86-arm/arm-hisiv200-linux/target/lib -L/opt/hisi-linux/x86-arm/arm-hisiv200-linux/target/usr/lib 		-L/home/hisisdk/histb/source/rootfs/lib -L/home/hisisdk/histb/source/rootfs/user/lib -L/home/hisisdk/histb/source/rootfs/user/local/lib 		 conftest.c  >&5
configure:1774: $? = 0
configure:1820: result: a.out
configure:1825: checking whether the C compiler works
configure:1831: ./a.out
./configure: line 1832: ./a.out: cannot execute binary file
configure:1834: $? = 126
configure:1851: result: yes
configure:1858: checking whether we are cross compiling
configure:1860: result: yes
configure:1863: checking for suffix of executables
configure:1865: arm-hisiv200-linux-gcc -o conftest  		-O2 		-I/opt/hisi-linux/x86-arm/arm-hisiv200-linux/target/usr/include 		-I/home/hisisdk/histb/source/rootfs/usr/include -I/home/hisisdk/histb/source/rootfs/usr/local/include 		-I/home/hisisdk/histb/autelan/fakerelease/usr/include -I/home/hisisdk/histb/autelan/fakerelease/usr/local/include 		   		-L/opt/hisi-linux/x86-arm/arm-hisiv200-linux/target/lib -L/opt/hisi-linux/x86-arm/arm-hisiv200-linux/target/usr/lib 		-L/home/hisisdk/histb/source/rootfs/lib -L/home/hisisdk/histb/source/rootfs/user/lib -L/home/hisisdk/histb/source/rootfs/user/local/lib 		 conftest.c  >&5
configure:1868: $? = 0
configure:1893: result: 
configure:1899: checking for suffix of object files
configure:1920: arm-hisiv200-linux-gcc -c  		-O2 		-I/opt/hisi-linux/x86-arm/arm-hisiv200-linux/target/usr/include 		-I/home/hisisdk/histb/source/rootfs/usr/include -I/home/hisisdk/histb/source/rootfs/usr/local/include 		-I/home/hisisdk/histb/autelan/fakerelease/usr/include -I/home/hisisdk/histb/autelan/fakerelease/usr/local/include 		  conftest.c >&5
configure:1923: $? = 0
configure:1945: result: o
configure:1949: checking whether we are using the GNU C compiler
configure:1973: arm-hisiv200-linux-gcc -c  		-O2 		-I/opt/hisi-linux/x86-arm/arm-hisiv200-linux/target/usr/include 		-I/home/hisisdk/histb/source/rootfs/usr/include -I/home/hisisdk/histb/source/rootfs/usr/local/include 		-I/home/hisisdk/histb/autelan/fakerelease/usr/include -I/home/hisisdk/histb/autelan/fakerelease/usr/local/include 		  conftest.c >&5
configure:1979: $? = 0
configure:1983: test -z 
			 || test ! -s conftest.err
configure:1986: $? = 0
configure:1989: test -s conftest.o
configure:1992: $? = 0
configure:2005: result: yes
configure:2011: checking whether arm-hisiv200-linux-gcc accepts -g
configure:2032: arm-hisiv200-linux-gcc -c -g  conftest.c >&5
configure:2038: $? = 0
configure:2042: test -z 
			 || test ! -s conftest.err
configure:2045: $? = 0
configure:2048: test -s conftest.o
configure:2051: $? = 0
configure:2062: result: yes
configure:2079: checking for arm-hisiv200-linux-gcc option to accept ANSI C
configure:2149: arm-hisiv200-linux-gcc  -c  		-O2 		-I/opt/hisi-linux/x86-arm/arm-hisiv200-linux/target/usr/include 		-I/home/hisisdk/histb/source/rootfs/usr/include -I/home/hisisdk/histb/source/rootfs/usr/local/include 		-I/home/hisisdk/histb/autelan/fakerelease/usr/include -I/home/hisisdk/histb/autelan/fakerelease/usr/local/include 		  conftest.c >&5
configure:2155: $? = 0
configure:2159: test -z 
			 || test ! -s conftest.err
configure:2162: $? = 0
configure:2165: test -s conftest.o
configure:2168: $? = 0
configure:2186: result: none needed
configure:2204: arm-hisiv200-linux-gcc -c  		-O2 		-I/opt/hisi-linux/x86-arm/arm-hisiv200-linux/target/usr/include 		-I/home/hisisdk/histb/source/rootfs/usr/include -I/home/hisisdk/histb/source/rootfs/usr/local/include 		-I/home/hisisdk/histb/autelan/fakerelease/usr/include -I/home/hisisdk/histb/autelan/fakerelease/usr/local/include 		  conftest.c >&5
conftest.c:2: error: expected '=', ',', ';', 'asm' or '__attribute__' before 'me'
configure:2210: $? = 1
configure: failed program was:
| #ifndef __cplusplus
|   choke me
| #endif
configure:2356: checking for a BSD-compatible install
configure:2411: result: /usr/bin/install -c
configure:2425: checking for arm-hisiv200-linux-ranlib
configure:2441: found /opt/hisi-linux/x86-arm/arm-hisiv200-linux/target/bin/arm-hisiv200-linux-ranlib
configure:2451: result: arm-hisiv200-linux-ranlib
configure:2505: checking for main in -lcompat
configure:2529: arm-hisiv200-linux-gcc -o conftest  		-O2 		-I/opt/hisi-linux/x86-arm/arm-hisiv200-linux/target/usr/include 		-I/home/hisisdk/histb/source/rootfs/usr/include -I/home/hisisdk/histb/source/rootfs/usr/local/include 		-I/home/hisisdk/histb/autelan/fakerelease/usr/include -I/home/hisisdk/histb/autelan/fakerelease/usr/local/include 		   		-L/opt/hisi-linux/x86-arm/arm-hisiv200-linux/target/lib -L/opt/hisi-linux/x86-arm/arm-hisiv200-linux/target/usr/lib 		-L/home/hisisdk/histb/source/rootfs/lib -L/home/hisisdk/histb/source/rootfs/user/lib -L/home/hisisdk/histb/source/rootfs/user/local/lib 		 conftest.c -lcompat   >&5
/opt/hisi-linux/x86-arm/arm-hisiv200-linux/bin/../lib/gcc/arm-hisiv200-linux-gnueabi/4.4.1/../../../../arm-hisiv200-linux-gnueabi/bin/ld: cannot find -lcompat
collect2: ld returned 1 exit status
configure:2535: $? = 1
configure: failed program was:
| /* confdefs.h.  */
| 
| #define PACKAGE_NAME ""
| #define PACKAGE_TARNAME ""
| #define PACKAGE_VERSION ""
| #define PACKAGE_STRING ""
| #define PACKAGE_BUGREPORT ""
| /* end confdefs.h.  */
| 
| 
| int
| main ()
| {
| main ();
|   ;
|   return 0;
| }
configure:2561: result: no
configure:2572: checking for library containing gethostbyname
configure:2602: arm-hisiv200-linux-gcc -o conftest  		-O2 		-I/opt/hisi-linux/x86-arm/arm-hisiv200-linux/target/usr/include 		-I/home/hisisdk/histb/source/rootfs/usr/include -I/home/hisisdk/histb/source/rootfs/usr/local/include 		-I/home/hisisdk/histb/autelan/fakerelease/usr/include -I/home/hisisdk/histb/autelan/fakerelease/usr/local/include 		   		-L/opt/hisi-linux/x86-arm/arm-hisiv200-linux/target/lib -L/opt/hisi-linux/x86-arm/arm-hisiv200-linux/target/usr/lib 		-L/home/hisisdk/histb/source/rootfs/lib -L/home/hisisdk/histb/source/rootfs/user/lib -L/home/hisisdk/histb/source/rootfs/user/local/lib 		 conftest.c  >&5
configure:2608: $? = 0
configure:2612: test -z 
			 || test ! -s conftest.err
configure:2615: $? = 0
configure:2618: test -s conftest
configure:2621: $? = 0
configure:2691: result: none required
configure:2698: checking for library containing getnameinfo
configure:2728: arm-hisiv200-linux-gcc -o conftest  		-O2 		-I/opt/hisi-linux/x86-arm/arm-hisiv200-linux/target/usr/include 		-I/home/hisisdk/histb/source/rootfs/usr/include -I/home/hisisdk/histb/source/rootfs/usr/local/include 		-I/home/hisisdk/histb/autelan/fakerelease/usr/include -I/home/hisisdk/histb/autelan/fakerelease/usr/local/include 		   		-L/opt/hisi-linux/x86-arm/arm-hisiv200-linux/target/lib -L/opt/hisi-linux/x86-arm/arm-hisiv200-linux/target/usr/lib 		-L/home/hisisdk/histb/source/rootfs/lib -L/home/hisisdk/histb/source/rootfs/user/lib -L/home/hisisdk/histb/source/rootfs/user/local/lib 		 conftest.c  >&5
configure:2734: $? = 0
configure:2738: test -z 
			 || test ! -s conftest.err
configure:2741: $? = 0
configure:2744: test -s conftest
configure:2747: $? = 0
configure:2817: result: none required
configure:2824: checking for library containing inet_ntop
configure:2854: arm-hisiv200-linux-gcc -o conftest  		-O2 		-I/opt/hisi-linux/x86-arm/arm-hisiv200-linux/target/usr/include 		-I/home/hisisdk/histb/source/rootfs/usr/include -I/home/hisisdk/histb/source/rootfs/usr/local/include 		-I/home/hisisdk/histb/autelan/fakerelease/usr/include -I/home/hisisdk/histb/autelan/fakerelease/usr/local/include 		   		-L/opt/hisi-linux/x86-arm/arm-hisiv200-linux/target/lib -L/opt/hisi-linux/x86-arm/arm-hisiv200-linux/target/usr/lib 		-L/home/hisisdk/histb/source/rootfs/lib -L/home/hisisdk/histb/source/rootfs/user/lib -L/home/hisisdk/histb/source/rootfs/user/local/lib 		 conftest.c  >&5
configure:2860: $? = 0
configure:2864: test -z 
			 || test ! -s conftest.err
configure:2867: $? = 0
configure:2870: test -s conftest
configure:2873: $? = 0
configure:2943: result: none required
configure:2955: checking for getnameinfo
configure:3012: arm-hisiv200-linux-gcc -o conftest  		-O2 		-I/opt/hisi-linux/x86-arm/arm-hisiv200-linux/target/usr/include 		-I/home/hisisdk/histb/source/rootfs/usr/include -I/home/hisisdk/histb/source/rootfs/usr/local/include 		-I/home/hisisdk/histb/autelan/fakerelease/usr/include -I/home/hisisdk/histb/autelan/fakerelease/usr/local/include 		   		-L/opt/hisi-linux/x86-arm/arm-hisiv200-linux/target/lib -L/opt/hisi-linux/x86-arm/arm-hisiv200-linux/target/usr/lib 		-L/home/hisisdk/histb/source/rootfs/lib -L/home/hisisdk/histb/source/rootfs/user/lib -L/home/hisisdk/histb/source/rootfs/user/local/lib 		 conftest.c  >&5
configure:3018: $? = 0
configure:3022: test -z 
			 || test ! -s conftest.err
configure:3025: $? = 0
configure:3028: test -s conftest
configure:3031: $? = 0
configure:3043: result: yes
configure:2955: checking for inet_ntop
configure:3012: arm-hisiv200-linux-gcc -o conftest  		-O2 		-I/opt/hisi-linux/x86-arm/arm-hisiv200-linux/target/usr/include 		-I/home/hisisdk/histb/source/rootfs/usr/include -I/home/hisisdk/histb/source/rootfs/usr/local/include 		-I/home/hisisdk/histb/autelan/fakerelease/usr/include -I/home/hisisdk/histb/autelan/fakerelease/usr/local/include 		   		-L/opt/hisi-linux/x86-arm/arm-hisiv200-linux/target/lib -L/opt/hisi-linux/x86-arm/arm-hisiv200-linux/target/usr/lib 		-L/home/hisisdk/histb/source/rootfs/lib -L/home/hisisdk/histb/source/rootfs/user/lib -L/home/hisisdk/histb/source/rootfs/user/local/lib 		 conftest.c  >&5
configure:3018: $? = 0
configure:3022: test -z 
			 || test ! -s conftest.err
configure:3025: $? = 0
configure:3028: test -s conftest
configure:3031: $? = 0
configure:3043: result: yes
configure:3057: checking for difftime
configure:3114: arm-hisiv200-linux-gcc -o conftest  		-O2 		-I/opt/hisi-linux/x86-arm/arm-hisiv200-linux/target/usr/include 		-I/home/hisisdk/histb/source/rootfs/usr/include -I/home/hisisdk/histb/source/rootfs/usr/local/include 		-I/home/hisisdk/histb/autelan/fakerelease/usr/include -I/home/hisisdk/histb/autelan/fakerelease/usr/local/include 		   		-L/opt/hisi-linux/x86-arm/arm-hisiv200-linux/target/lib -L/opt/hisi-linux/x86-arm/arm-hisiv200-linux/target/usr/lib 		-L/home/hisisdk/histb/source/rootfs/lib -L/home/hisisdk/histb/source/rootfs/user/lib -L/home/hisisdk/histb/source/rootfs/user/local/lib 		 conftest.c  >&5
configure:3120: $? = 0
configure:3124: test -z 
			 || test ! -s conftest.err
configure:3127: $? = 0
configure:3130: test -s conftest
configure:3133: $? = 0
configure:3145: result: yes
configure:3234: checking for fcvt
configure:3291: arm-hisiv200-linux-gcc -o conftest  		-O2 		-I/opt/hisi-linux/x86-arm/arm-hisiv200-linux/target/usr/include 		-I/home/hisisdk/histb/source/rootfs/usr/include -I/home/hisisdk/histb/source/rootfs/usr/local/include 		-I/home/hisisdk/histb/autelan/fakerelease/usr/include -I/home/hisisdk/histb/autelan/fakerelease/usr/local/include 		   		-L/opt/hisi-linux/x86-arm/arm-hisiv200-linux/target/lib -L/opt/hisi-linux/x86-arm/arm-hisiv200-linux/target/usr/lib 		-L/home/hisisdk/histb/source/rootfs/lib -L/home/hisisdk/histb/source/rootfs/user/lib -L/home/hisisdk/histb/source/rootfs/user/local/lib 		 conftest.c  >&5
configure:3297: $? = 0
configure:3301: test -z 
			 || test ! -s conftest.err
configure:3304: $? = 0
configure:3307: test -s conftest
configure:3310: $? = 0
configure:3322: result: yes
configure:3411: checking for ecvt
configure:3468: arm-hisiv200-linux-gcc -o conftest  		-O2 		-I/opt/hisi-linux/x86-arm/arm-hisiv200-linux/target/usr/include 		-I/home/hisisdk/histb/source/rootfs/usr/include -I/home/hisisdk/histb/source/rootfs/usr/local/include 		-I/home/hisisdk/histb/autelan/fakerelease/usr/include -I/home/hisisdk/histb/autelan/fakerelease/usr/local/include 		   		-L/opt/hisi-linux/x86-arm/arm-hisiv200-linux/target/lib -L/opt/hisi-linux/x86-arm/arm-hisiv200-linux/target/usr/lib 		-L/home/hisisdk/histb/source/rootfs/lib -L/home/hisisdk/histb/source/rootfs/user/lib -L/home/hisisdk/histb/source/rootfs/user/local/lib 		 conftest.c  >&5
configure:3474: $? = 0
configure:3478: test -z 
			 || test ! -s conftest.err
configure:3481: $? = 0
configure:3484: test -s conftest
configure:3487: $? = 0
configure:3499: result: yes
configure:3588: checking for gcvt
configure:3645: arm-hisiv200-linux-gcc -o conftest  		-O2 		-I/opt/hisi-linux/x86-arm/arm-hisiv200-linux/target/usr/include 		-I/home/hisisdk/histb/source/rootfs/usr/include -I/home/hisisdk/histb/source/rootfs/usr/local/include 		-I/home/hisisdk/histb/autelan/fakerelease/usr/include -I/home/hisisdk/histb/autelan/fakerelease/usr/local/include 		   		-L/opt/hisi-linux/x86-arm/arm-hisiv200-linux/target/lib -L/opt/hisi-linux/x86-arm/arm-hisiv200-linux/target/usr/lib 		-L/home/hisisdk/histb/source/rootfs/lib -L/home/hisisdk/histb/source/rootfs/user/lib -L/home/hisisdk/histb/source/rootfs/user/local/lib 		 conftest.c  >&5
configure:3651: $? = 0
configure:3655: test -z 
			 || test ! -s conftest.err
configure:3658: $? = 0
configure:3661: test -s conftest
configure:3664: $? = 0
configure:3676: result: yes
configure:3762: checking for strerror
configure:3819: arm-hisiv200-linux-gcc -o conftest  		-O2 		-I/opt/hisi-linux/x86-arm/arm-hisiv200-linux/target/usr/include 		-I/home/hisisdk/histb/source/rootfs/usr/include -I/home/hisisdk/histb/source/rootfs/usr/local/include 		-I/home/hisisdk/histb/autelan/fakerelease/usr/include -I/home/hisisdk/histb/autelan/fakerelease/usr/local/include 		   		-L/opt/hisi-linux/x86-arm/arm-hisiv200-linux/target/lib -L/opt/hisi-linux/x86-arm/arm-hisiv200-linux/target/usr/lib 		-L/home/hisisdk/histb/source/rootfs/lib -L/home/hisisdk/histb/source/rootfs/user/lib -L/home/hisisdk/histb/source/rootfs/user/local/lib 		 conftest.c  >&5
configure:3825: $? = 0
configure:3829: test -z 
			 || test ! -s conftest.err
configure:3832: $? = 0
configure:3835: test -s conftest
configure:3838: $? = 0
configure:3850: result: yes
configure:3859: checking for strcasecmp
configure:3916: arm-hisiv200-linux-gcc -o conftest  		-O2 		-I/opt/hisi-linux/x86-arm/arm-hisiv200-linux/target/usr/include 		-I/home/hisisdk/histb/source/rootfs/usr/include -I/home/hisisdk/histb/source/rootfs/usr/local/include 		-I/home/hisisdk/histb/autelan/fakerelease/usr/include -I/home/hisisdk/histb/autelan/fakerelease/usr/local/include 		   		-L/opt/hisi-linux/x86-arm/arm-hisiv200-linux/target/lib -L/opt/hisi-linux/x86-arm/arm-hisiv200-linux/target/usr/lib 		-L/home/hisisdk/histb/source/rootfs/lib -L/home/hisisdk/histb/source/rootfs/user/lib -L/home/hisisdk/histb/source/rootfs/user/local/lib 		 conftest.c  >&5
conftest.c:40: warning: conflicting types for built-in function 'strcasecmp'
configure:3922: $? = 0
configure:3926: test -z 
			 || test ! -s conftest.err
configure:3929: $? = 0
configure:3932: test -s conftest
configure:3935: $? = 0
configure:3947: result: yes
configure:3956: checking for socket
configure:4013: arm-hisiv200-linux-gcc -o conftest  		-O2 		-I/opt/hisi-linux/x86-arm/arm-hisiv200-linux/target/usr/include 		-I/home/hisisdk/histb/source/rootfs/usr/include -I/home/hisisdk/histb/source/rootfs/usr/local/include 		-I/home/hisisdk/histb/autelan/fakerelease/usr/include -I/home/hisisdk/histb/autelan/fakerelease/usr/local/include 		   		-L/opt/hisi-linux/x86-arm/arm-hisiv200-linux/target/lib -L/opt/hisi-linux/x86-arm/arm-hisiv200-linux/target/usr/lib 		-L/home/hisisdk/histb/source/rootfs/lib -L/home/hisisdk/histb/source/rootfs/user/lib -L/home/hisisdk/histb/source/rootfs/user/local/lib 		 conftest.c  >&5
configure:4019: $? = 0
configure:4023: test -z 
			 || test ! -s conftest.err
configure:4026: $? = 0
configure:4029: test -s conftest
configure:4032: $? = 0
configure:4044: result: yes
configure:4200: checking for inet_aton
configure:4257: arm-hisiv200-linux-gcc -o conftest  		-O2 		-I/opt/hisi-linux/x86-arm/arm-hisiv200-linux/target/usr/include 		-I/home/hisisdk/histb/source/rootfs/usr/include -I/home/hisisdk/histb/source/rootfs/usr/local/include 		-I/home/hisisdk/histb/autelan/fakerelease/usr/include -I/home/hisisdk/histb/autelan/fakerelease/usr/local/include 		   		-L/opt/hisi-linux/x86-arm/arm-hisiv200-linux/target/lib -L/opt/hisi-linux/x86-arm/arm-hisiv200-linux/target/usr/lib 		-L/home/hisisdk/histb/source/rootfs/lib -L/home/hisisdk/histb/source/rootfs/user/lib -L/home/hisisdk/histb/source/rootfs/user/local/lib 		 conftest.c  >&5
configure:4263: $? = 0
configure:4267: test -z 
			 || test ! -s conftest.err
configure:4270: $? = 0
configure:4273: test -s conftest
configure:4276: $? = 0
configure:4288: result: yes
configure:4524: checking for setenv
configure:4581: arm-hisiv200-linux-gcc -o conftest  		-O2 		-I/opt/hisi-linux/x86-arm/arm-hisiv200-linux/target/usr/include 		-I/home/hisisdk/histb/source/rootfs/usr/include -I/home/hisisdk/histb/source/rootfs/usr/local/include 		-I/home/hisisdk/histb/autelan/fakerelease/usr/include -I/home/hisisdk/histb/autelan/fakerelease/usr/local/include 		   		-L/opt/hisi-linux/x86-arm/arm-hisiv200-linux/target/lib -L/opt/hisi-linux/x86-arm/arm-hisiv200-linux/target/usr/lib 		-L/home/hisisdk/histb/source/rootfs/lib -L/home/hisisdk/histb/source/rootfs/user/lib -L/home/hisisdk/histb/source/rootfs/user/local/lib 		 conftest.c  >&5
configure:4587: $? = 0
configure:4591: test -z 
			 || test ! -s conftest.err
configure:4594: $? = 0
configure:4597: test -s conftest
configure:4600: $? = 0
configure:4612: result: yes
configure:4621: checking for strsignal
configure:4678: arm-hisiv200-linux-gcc -o conftest  		-O2 		-I/opt/hisi-linux/x86-arm/arm-hisiv200-linux/target/usr/include 		-I/home/hisisdk/histb/source/rootfs/usr/include -I/home/hisisdk/histb/source/rootfs/usr/local/include 		-I/home/hisisdk/histb/autelan/fakerelease/usr/include -I/home/hisisdk/histb/autelan/fakerelease/usr/local/include 		   		-L/opt/hisi-linux/x86-arm/arm-hisiv200-linux/target/lib -L/opt/hisi-linux/x86-arm/arm-hisiv200-linux/target/usr/lib 		-L/home/hisisdk/histb/source/rootfs/lib -L/home/hisisdk/histb/source/rootfs/user/lib -L/home/hisisdk/histb/source/rootfs/user/local/lib 		 conftest.c  >&5
configure:4684: $? = 0
configure:4688: test -z 
			 || test ! -s conftest.err
configure:4691: $? = 0
configure:4694: test -s conftest
configure:4697: $? = 0
configure:4709: result: yes
configure:4718: checking for sys_siglist in -lc
configure:4748: arm-hisiv200-linux-gcc -o conftest  		-O2 		-I/opt/hisi-linux/x86-arm/arm-hisiv200-linux/target/usr/include 		-I/home/hisisdk/histb/source/rootfs/usr/include -I/home/hisisdk/histb/source/rootfs/usr/local/include 		-I/home/hisisdk/histb/autelan/fakerelease/usr/include -I/home/hisisdk/histb/autelan/fakerelease/usr/local/include 		   		-L/opt/hisi-linux/x86-arm/arm-hisiv200-linux/target/lib -L/opt/hisi-linux/x86-arm/arm-hisiv200-linux/target/usr/lib 		-L/home/hisisdk/histb/source/rootfs/lib -L/home/hisisdk/histb/source/rootfs/user/lib -L/home/hisisdk/histb/source/rootfs/user/local/lib 		 conftest.c -lc   >&5
configure:4754: $? = 0
configure:4758: test -z 
			 || test ! -s conftest.err
configure:4761: $? = 0
configure:4764: test -s conftest
configure:4767: $? = 0
configure:4780: result: yes
configure:4789: checking for gai_strerror
configure:4846: arm-hisiv200-linux-gcc -o conftest  		-O2 		-I/opt/hisi-linux/x86-arm/arm-hisiv200-linux/target/usr/include 		-I/home/hisisdk/histb/source/rootfs/usr/include -I/home/hisisdk/histb/source/rootfs/usr/local/include 		-I/home/hisisdk/histb/autelan/fakerelease/usr/include -I/home/hisisdk/histb/autelan/fakerelease/usr/local/include 		   		-L/opt/hisi-linux/x86-arm/arm-hisiv200-linux/target/lib -L/opt/hisi-linux/x86-arm/arm-hisiv200-linux/target/usr/lib 		-L/home/hisisdk/histb/source/rootfs/lib -L/home/hisisdk/histb/source/rootfs/user/lib -L/home/hisisdk/histb/source/rootfs/user/local/lib 		 conftest.c  >&5
configure:4852: $? = 0
configure:4856: test -z 
			 || test ! -s conftest.err
configure:4859: $? = 0
configure:4862: test -s conftest
configure:4865: $? = 0
configure:4877: result: yes
configure:4886: checking for freeaddrinfo
configure:4943: arm-hisiv200-linux-gcc -o conftest  		-O2 		-I/opt/hisi-linux/x86-arm/arm-hisiv200-linux/target/usr/include 		-I/home/hisisdk/histb/source/rootfs/usr/include -I/home/hisisdk/histb/source/rootfs/usr/local/include 		-I/home/hisisdk/histb/autelan/fakerelease/usr/include -I/home/hisisdk/histb/autelan/fakerelease/usr/local/include 		   		-L/opt/hisi-linux/x86-arm/arm-hisiv200-linux/target/lib -L/opt/hisi-linux/x86-arm/arm-hisiv200-linux/target/usr/lib 		-L/home/hisisdk/histb/source/rootfs/lib -L/home/hisisdk/histb/source/rootfs/user/lib -L/home/hisisdk/histb/source/rootfs/user/local/lib 		 conftest.c  >&5
configure:4949: $? = 0
configure:4953: test -z 
			 || test ! -s conftest.err
configure:4956: $? = 0
configure:4959: test -s conftest
configure:4962: $? = 0
configure:4974: result: yes
configure:4983: checking for getaddrinfo
configure:5040: arm-hisiv200-linux-gcc -o conftest  		-O2 		-I/opt/hisi-linux/x86-arm/arm-hisiv200-linux/target/usr/include 		-I/home/hisisdk/histb/source/rootfs/usr/include -I/home/hisisdk/histb/source/rootfs/usr/local/include 		-I/home/hisisdk/histb/autelan/fakerelease/usr/include -I/home/hisisdk/histb/autelan/fakerelease/usr/local/include 		   		-L/opt/hisi-linux/x86-arm/arm-hisiv200-linux/target/lib -L/opt/hisi-linux/x86-arm/arm-hisiv200-linux/target/usr/lib 		-L/home/hisisdk/histb/source/rootfs/lib -L/home/hisisdk/histb/source/rootfs/user/lib -L/home/hisisdk/histb/source/rootfs/user/local/lib 		 conftest.c  >&5
configure:5046: $? = 0
configure:5050: test -z 
			 || test ! -s conftest.err
configure:5053: $? = 0
configure:5056: test -s conftest
configure:5059: $? = 0
configure:5071: result: yes
configure:5086: checking how to run the C preprocessor
configure:5121: arm-hisiv200-linux-gcc -E  conftest.c
configure:5127: $? = 0
configure:5159: arm-hisiv200-linux-gcc -E  conftest.c
conftest.c:23: fatal error: ac_nonexistent.h: No such file or directory
compilation terminated.
configure:5165: $? = 1
configure: failed program was:
| /* confdefs.h.  */
| 
| #define PACKAGE_NAME ""
| #define PACKAGE_TARNAME ""
| #define PACKAGE_VERSION ""
| #define PACKAGE_STRING ""
| #define PACKAGE_BUGREPORT ""
| #define HAVE_GETNAMEINFO 1
| #define HAVE_INET_NTOP 1
| #define HAVE_DIFFTIME 1
| #define HAVE_FCVT 1
| #define HAVE_ECVT 1
| #define HAVE_GCVT 1
| #define HAVE_STRERROR 1
| #define HAVE_STRCASECMP 1
| #define HAVE_SETENV 1
| #define HAVE_STRSIGNAL 1
| #define HAVE_SYS_SIGLIST 1
| #define HAVE_GAI_STRERROR 1
| #define HAVE_FREEADDRINFO 1
| #define HAVE_GETADDRINFO 1
| /* end confdefs.h.  */
| #include <ac_nonexistent.h>
configure:5204: result: arm-hisiv200-linux-gcc -E
configure:5228: arm-hisiv200-linux-gcc -E  conftest.c
configure:5234: $? = 0
configure:5266: arm-hisiv200-linux-gcc -E  conftest.c
conftest.c:23: fatal error: ac_nonexistent.h: No such file or directory
compilation terminated.
configure:5272: $? = 1
configure: failed program was:
| /* confdefs.h.  */
| 
| #define PACKAGE_NAME ""
| #define PACKAGE_TARNAME ""
| #define PACKAGE_VERSION ""
| #define PACKAGE_STRING ""
| #define PACKAGE_BUGREPORT ""
| #define HAVE_GETNAMEINFO 1
| #define HAVE_INET_NTOP 1
| #define HAVE_DIFFTIME 1
| #define HAVE_FCVT 1
| #define HAVE_ECVT 1
| #define HAVE_GCVT 1
| #define HAVE_STRERROR 1
| #define HAVE_STRCASECMP 1
| #define HAVE_SETENV 1
| #define HAVE_STRSIGNAL 1
| #define HAVE_SYS_SIGLIST 1
| #define HAVE_GAI_STRERROR 1
| #define HAVE_FREEADDRINFO 1
| #define HAVE_GETADDRINFO 1
| /* end confdefs.h.  */
| #include <ac_nonexistent.h>
configure:5316: checking for egrep
configure:5326: result: grep -E
configure:5331: checking for ANSI C header files
configure:5356: arm-hisiv200-linux-gcc -c  		-O2 		-I/opt/hisi-linux/x86-arm/arm-hisiv200-linux/target/usr/include 		-I/home/hisisdk/histb/source/rootfs/usr/include -I/home/hisisdk/histb/source/rootfs/usr/local/include 		-I/home/hisisdk/histb/autelan/fakerelease/usr/include -I/home/hisisdk/histb/autelan/fakerelease/usr/local/include 		  conftest.c >&5
configure:5362: $? = 0
configure:5366: test -z 
			 || test ! -s conftest.err
configure:5369: $? = 0
configure:5372: test -s conftest.o
configure:5375: $? = 0
configure:5487: result: yes
configure:5511: checking for sys/types.h
configure:5527: arm-hisiv200-linux-gcc -c  		-O2 		-I/opt/hisi-linux/x86-arm/arm-hisiv200-linux/target/usr/include 		-I/home/hisisdk/histb/source/rootfs/usr/include -I/home/hisisdk/histb/source/rootfs/usr/local/include 		-I/home/hisisdk/histb/autelan/fakerelease/usr/include -I/home/hisisdk/histb/autelan/fakerelease/usr/local/include 		  conftest.c >&5
configure:5533: $? = 0
configure:5537: test -z 
			 || test ! -s conftest.err
configure:5540: $? = 0
configure:5543: test -s conftest.o
configure:5546: $? = 0
configure:5557: result: yes
configure:5511: checking for sys/stat.h
configure:5527: arm-hisiv200-linux-gcc -c  		-O2 		-I/opt/hisi-linux/x86-arm/arm-hisiv200-linux/target/usr/include 		-I/home/hisisdk/histb/source/rootfs/usr/include -I/home/hisisdk/histb/source/rootfs/usr/local/include 		-I/home/hisisdk/histb/autelan/fakerelease/usr/include -I/home/hisisdk/histb/autelan/fakerelease/usr/local/include 		  conftest.c >&5
configure:5533: $? = 0
configure:5537: test -z 
			 || test ! -s conftest.err
configure:5540: $? = 0
configure:5543: test -s conftest.o
configure:5546: $? = 0
configure:5557: result: yes
configure:5511: checking for stdlib.h
configure:5527: arm-hisiv200-linux-gcc -c  		-O2 		-I/opt/hisi-linux/x86-arm/arm-hisiv200-linux/target/usr/include 		-I/home/hisisdk/histb/source/rootfs/usr/include -I/home/hisisdk/histb/source/rootfs/usr/local/include 		-I/home/hisisdk/histb/autelan/fakerelease/usr/include -I/home/hisisdk/histb/autelan/fakerelease/usr/local/include 		  conftest.c >&5
configure:5533: $? = 0
configure:5537: test -z 
			 || test ! -s conftest.err
configure:5540: $? = 0
configure:5543: test -s conftest.o
configure:5546: $? = 0
configure:5557: result: yes
configure:5511: checking for string.h
configure:5527: arm-hisiv200-linux-gcc -c  		-O2 		-I/opt/hisi-linux/x86-arm/arm-hisiv200-linux/target/usr/include 		-I/home/hisisdk/histb/source/rootfs/usr/include -I/home/hisisdk/histb/source/rootfs/usr/local/include 		-I/home/hisisdk/histb/autelan/fakerelease/usr/include -I/home/hisisdk/histb/autelan/fakerelease/usr/local/include 		  conftest.c >&5
configure:5533: $? = 0
configure:5537: test -z 
			 || test ! -s conftest.err
configure:5540: $? = 0
configure:5543: test -s conftest.o
configure:5546: $? = 0
configure:5557: result: yes
configure:5511: checking for memory.h
configure:5527: arm-hisiv200-linux-gcc -c  		-O2 		-I/opt/hisi-linux/x86-arm/arm-hisiv200-linux/target/usr/include 		-I/home/hisisdk/histb/source/rootfs/usr/include -I/home/hisisdk/histb/source/rootfs/usr/local/include 		-I/home/hisisdk/histb/autelan/fakerelease/usr/include -I/home/hisisdk/histb/autelan/fakerelease/usr/local/include 		  conftest.c >&5
configure:5533: $? = 0
configure:5537: test -z 
			 || test ! -s conftest.err
configure:5540: $? = 0
configure:5543: test -s conftest.o
configure:5546: $? = 0
configure:5557: result: yes
configure:5511: checking for strings.h
configure:5527: arm-hisiv200-linux-gcc -c  		-O2 		-I/opt/hisi-linux/x86-arm/arm-hisiv200-linux/target/usr/include 		-I/home/hisisdk/histb/source/rootfs/usr/include -I/home/hisisdk/histb/source/rootfs/usr/local/include 		-I/home/hisisdk/histb/autelan/fakerelease/usr/include -I/home/hisisdk/histb/autelan/fakerelease/usr/local/include 		  conftest.c >&5
configure:5533: $? = 0
configure:5537: test -z 
			 || test ! -s conftest.err
configure:5540: $? = 0
configure:5543: test -s conftest.o
configure:5546: $? = 0
configure:5557: result: yes
configure:5511: checking for inttypes.h
configure:5527: arm-hisiv200-linux-gcc -c  		-O2 		-I/opt/hisi-linux/x86-arm/arm-hisiv200-linux/target/usr/include 		-I/home/hisisdk/histb/source/rootfs/usr/include -I/home/hisisdk/histb/source/rootfs/usr/local/include 		-I/home/hisisdk/histb/autelan/fakerelease/usr/include -I/home/hisisdk/histb/autelan/fakerelease/usr/local/include 		  conftest.c >&5
configure:5533: $? = 0
configure:5537: test -z 
			 || test ! -s conftest.err
configure:5540: $? = 0
configure:5543: test -s conftest.o
configure:5546: $? = 0
configure:5557: result: yes
configure:5511: checking for stdint.h
configure:5527: arm-hisiv200-linux-gcc -c  		-O2 		-I/opt/hisi-linux/x86-arm/arm-hisiv200-linux/target/usr/include 		-I/home/hisisdk/histb/source/rootfs/usr/include -I/home/hisisdk/histb/source/rootfs/usr/local/include 		-I/home/hisisdk/histb/autelan/fakerelease/usr/include -I/home/hisisdk/histb/autelan/fakerelease/usr/local/include 		  conftest.c >&5
configure:5533: $? = 0
configure:5537: test -z 
			 || test ! -s conftest.err
configure:5540: $? = 0
configure:5543: test -s conftest.o
configure:5546: $? = 0
configure:5557: result: yes
configure:5511: checking for unistd.h
configure:5527: arm-hisiv200-linux-gcc -c  		-O2 		-I/opt/hisi-linux/x86-arm/arm-hisiv200-linux/target/usr/include 		-I/home/hisisdk/histb/source/rootfs/usr/include -I/home/hisisdk/histb/source/rootfs/usr/local/include 		-I/home/hisisdk/histb/autelan/fakerelease/usr/include -I/home/hisisdk/histb/autelan/fakerelease/usr/local/include 		  conftest.c >&5
configure:5533: $? = 0
configure:5537: test -z 
			 || test ! -s conftest.err
configure:5540: $? = 0
configure:5543: test -s conftest.o
configure:5546: $? = 0
configure:5557: result: yes
configure:5584: checking for sys/types.h
configure:5589: result: yes
configure:5593: checking sys/termios.h usability
configure:5605: arm-hisiv200-linux-gcc -c  		-O2 		-I/opt/hisi-linux/x86-arm/arm-hisiv200-linux/target/usr/include 		-I/home/hisisdk/histb/source/rootfs/usr/include -I/home/hisisdk/histb/source/rootfs/usr/local/include 		-I/home/hisisdk/histb/autelan/fakerelease/usr/include -I/home/hisisdk/histb/autelan/fakerelease/usr/local/include 		  conftest.c >&5
configure:5611: $? = 0
configure:5615: test -z 
			 || test ! -s conftest.err
configure:5618: $? = 0
configure:5621: test -s conftest.o
configure:5624: $? = 0
configure:5634: result: yes
configure:5638: checking sys/termios.h presence
configure:5648: arm-hisiv200-linux-gcc -E  conftest.c
configure:5654: $? = 0
configure:5674: result: yes
configure:5709: checking for sys/termios.h
configure:5716: result: yes
configure:5593: checking termios.h usability
configure:5605: arm-hisiv200-linux-gcc -c  		-O2 		-I/opt/hisi-linux/x86-arm/arm-hisiv200-linux/target/usr/include 		-I/home/hisisdk/histb/source/rootfs/usr/include -I/home/hisisdk/histb/source/rootfs/usr/local/include 		-I/home/hisisdk/histb/autelan/fakerelease/usr/include -I/home/hisisdk/histb/autelan/fakerelease/usr/local/include 		  conftest.c >&5
configure:5611: $? = 0
configure:5615: test -z 
			 || test ! -s conftest.err
configure:5618: $? = 0
configure:5621: test -s conftest.o
configure:5624: $? = 0
configure:5634: result: yes
configure:5638: checking termios.h presence
configure:5648: arm-hisiv200-linux-gcc -E  conftest.c
configure:5654: $? = 0
configure:5674: result: yes
configure:5709: checking for termios.h
configure:5716: result: yes
configure:5593: checking sys/ioctl.h usability
configure:5605: arm-hisiv200-linux-gcc -c  		-O2 		-I/opt/hisi-linux/x86-arm/arm-hisiv200-linux/target/usr/include 		-I/home/hisisdk/histb/source/rootfs/usr/include -I/home/hisisdk/histb/source/rootfs/usr/local/include 		-I/home/hisisdk/histb/autelan/fakerelease/usr/include -I/home/hisisdk/histb/autelan/fakerelease/usr/local/include 		  conftest.c >&5
configure:5611: $? = 0
configure:5615: test -z 
			 || test ! -s conftest.err
configure:5618: $? = 0
configure:5621: test -s conftest.o
configure:5624: $? = 0
configure:5634: result: yes
configure:5638: checking sys/ioctl.h presence
configure:5648: arm-hisiv200-linux-gcc -E  conftest.c
configure:5654: $? = 0
configure:5674: result: yes
configure:5709: checking for sys/ioctl.h
configure:5716: result: yes
configure:5593: checking sys/select.h usability
configure:5605: arm-hisiv200-linux-gcc -c  		-O2 		-I/opt/hisi-linux/x86-arm/arm-hisiv200-linux/target/usr/include 		-I/home/hisisdk/histb/source/rootfs/usr/include -I/home/hisisdk/histb/source/rootfs/usr/local/include 		-I/home/hisisdk/histb/autelan/fakerelease/usr/include -I/home/hisisdk/histb/autelan/fakerelease/usr/local/include 		  conftest.c >&5
configure:5611: $? = 0
configure:5615: test -z 
			 || test ! -s conftest.err
configure:5618: $? = 0
configure:5621: test -s conftest.o
configure:5624: $? = 0
configure:5634: result: yes
configure:5638: checking sys/select.h presence
configure:5648: arm-hisiv200-linux-gcc -E  conftest.c
configure:5654: $? = 0
configure:5674: result: yes
configure:5709: checking for sys/select.h
configure:5716: result: yes
configure:5593: checking rpc/rpc.h usability
configure:5605: arm-hisiv200-linux-gcc -c  		-O2 		-I/opt/hisi-linux/x86-arm/arm-hisiv200-linux/target/usr/include 		-I/home/hisisdk/histb/source/rootfs/usr/include -I/home/hisisdk/histb/source/rootfs/usr/local/include 		-I/home/hisisdk/histb/autelan/fakerelease/usr/include -I/home/hisisdk/histb/autelan/fakerelease/usr/local/include 		  conftest.c >&5
configure:5611: $? = 0
configure:5615: test -z 
			 || test ! -s conftest.err
configure:5618: $? = 0
configure:5621: test -s conftest.o
configure:5624: $? = 0
configure:5634: result: yes
configure:5638: checking rpc/rpc.h presence
configure:5648: arm-hisiv200-linux-gcc -E  conftest.c
configure:5654: $? = 0
configure:5674: result: yes
configure:5709: checking for rpc/rpc.h
configure:5716: result: yes
configure:5593: checking rpc/rpcent.h usability
configure:5605: arm-hisiv200-linux-gcc -c  		-O2 		-I/opt/hisi-linux/x86-arm/arm-hisiv200-linux/target/usr/include 		-I/home/hisisdk/histb/source/rootfs/usr/include -I/home/hisisdk/histb/source/rootfs/usr/local/include 		-I/home/hisisdk/histb/autelan/fakerelease/usr/include -I/home/hisisdk/histb/autelan/fakerelease/usr/local/include 		  conftest.c >&5
conftest.c:73: fatal error: rpc/rpcent.h: No such file or directory
compilation terminated.
configure:5611: $? = 1
configure: failed program was:
| /* confdefs.h.  */
| 
| #define PACKAGE_NAME ""
| #define PACKAGE_TARNAME ""
| #define PACKAGE_VERSION ""
| #define PACKAGE_STRING ""
| #define PACKAGE_BUGREPORT ""
| #define HAVE_GETNAMEINFO 1
| #define HAVE_INET_NTOP 1
| #define HAVE_DIFFTIME 1
| #define HAVE_FCVT 1
| #define HAVE_ECVT 1
| #define HAVE_GCVT 1
| #define HAVE_STRERROR 1
| #define HAVE_STRCASECMP 1
| #define HAVE_SETENV 1
| #define HAVE_STRSIGNAL 1
| #define HAVE_SYS_SIGLIST 1
| #define HAVE_GAI_STRERROR 1
| #define HAVE_FREEADDRINFO 1
| #define HAVE_GETADDRINFO 1
| #define STDC_HEADERS 1
| #define HAVE_SYS_TYPES_H 1
| #define HAVE_SYS_STAT_H 1
| #define HAVE_STDLIB_H 1
| #define HAVE_STRING_H 1
| #define HAVE_MEMORY_H 1
| #define HAVE_STRINGS_H 1
| #define HAVE_INTTYPES_H 1
| #define HAVE_STDINT_H 1
| #define HAVE_UNISTD_H 1
| #define HAVE_SYS_TYPES_H 1
| #define HAVE_SYS_TERMIOS_H 1
| #define HAVE_TERMIOS_H 1
| #define HAVE_SYS_IOCTL_H 1
| #define HAVE_SYS_SELECT_H 1
| #define HAVE_RPC_RPC_H 1
| /* end confdefs.h.  */
| #include <stdio.h>
| #if HAVE_SYS_TYPES_H
| # include <sys/types.h>
| #endif
| #if HAVE_SYS_STAT_H
| # include <sys/stat.h>
| #endif
| #if STDC_HEADERS
| # include <stdlib.h>
| # include <stddef.h>
| #else
| # if HAVE_STDLIB_H
| #  include <stdlib.h>
| # endif
| #endif
| #if HAVE_STRING_H
| # if !STDC_HEADERS && HAVE_MEMORY_H
| #  include <memory.h>
| # endif
| # include <string.h>
| #endif
| #if HAVE_STRINGS_H
| # include <strings.h>
| #endif
| #if HAVE_INTTYPES_H
| # include <inttypes.h>
| #else
| # if HAVE_STDINT_H
| #  include <stdint.h>
| # endif
| #endif
| #if HAVE_UNISTD_H
| # include <unistd.h>
| #endif
| #include <rpc/rpcent.h>
configure:5634: result: no
configure:5638: checking rpc/rpcent.h presence
configure:5648: arm-hisiv200-linux-gcc -E  conftest.c
conftest.c:39: fatal error: rpc/rpcent.h: No such file or directory
compilation terminated.
configure:5654: $? = 1
configure: failed program was:
| /* confdefs.h.  */
| 
| #define PACKAGE_NAME ""
| #define PACKAGE_TARNAME ""
| #define PACKAGE_VERSION ""
| #define PACKAGE_STRING ""
| #define PACKAGE_BUGREPORT ""
| #define HAVE_GETNAMEINFO 1
| #define HAVE_INET_NTOP 1
| #define HAVE_DIFFTIME 1
| #define HAVE_FCVT 1
| #define HAVE_ECVT 1
| #define HAVE_GCVT 1
| #define HAVE_STRERROR 1
| #define HAVE_STRCASECMP 1
| #define HAVE_SETENV 1
| #define HAVE_STRSIGNAL 1
| #define HAVE_SYS_SIGLIST 1
| #define HAVE_GAI_STRERROR 1
| #define HAVE_FREEADDRINFO 1
| #define HAVE_GETADDRINFO 1
| #define STDC_HEADERS 1
| #define HAVE_SYS_TYPES_H 1
| #define HAVE_SYS_STAT_H 1
| #define HAVE_STDLIB_H 1
| #define HAVE_STRING_H 1
| #define HAVE_MEMORY_H 1
| #define HAVE_STRINGS_H 1
| #define HAVE_INTTYPES_H 1
| #define HAVE_STDINT_H 1
| #define HAVE_UNISTD_H 1
| #define HAVE_SYS_TYPES_H 1
| #define HAVE_SYS_TERMIOS_H 1
| #define HAVE_TERMIOS_H 1
| #define HAVE_SYS_IOCTL_H 1
| #define HAVE_SYS_SELECT_H 1
| #define HAVE_RPC_RPC_H 1
| /* end confdefs.h.  */
| #include <rpc/rpcent.h>
configure:5674: result: no
configure:5709: checking for rpc/rpcent.h
configure:5716: result: no
configure:5593: checking sys/file.h usability
configure:5605: arm-hisiv200-linux-gcc -c  		-O2 		-I/opt/hisi-linux/x86-arm/arm-hisiv200-linux/target/usr/include 		-I/home/hisisdk/histb/source/rootfs/usr/include -I/home/hisisdk/histb/source/rootfs/usr/local/include 		-I/home/hisisdk/histb/autelan/fakerelease/usr/include -I/home/hisisdk/histb/autelan/fakerelease/usr/local/include 		  conftest.c >&5
configure:5611: $? = 0
configure:5615: test -z 
			 || test ! -s conftest.err
configure:5618: $? = 0
configure:5621: test -s conftest.o
configure:5624: $? = 0
configure:5634: result: yes
configure:5638: checking sys/file.h presence
configure:5648: arm-hisiv200-linux-gcc -E  conftest.c
configure:5654: $? = 0
configure:5674: result: yes
configure:5709: checking for sys/file.h
configure:5716: result: yes
configure:5593: checking ftw.h usability
configure:5605: arm-hisiv200-linux-gcc -c  		-O2 		-I/opt/hisi-linux/x86-arm/arm-hisiv200-linux/target/usr/include 		-I/home/hisisdk/histb/source/rootfs/usr/include -I/home/hisisdk/histb/source/rootfs/usr/local/include 		-I/home/hisisdk/histb/autelan/fakerelease/usr/include -I/home/hisisdk/histb/autelan/fakerelease/usr/local/include 		  conftest.c >&5
configure:5611: $? = 0
configure:5615: test -z 
			 || test ! -s conftest.err
configure:5618: $? = 0
configure:5621: test -s conftest.o
configure:5624: $? = 0
configure:5634: result: yes
configure:5638: checking ftw.h presence
configure:5648: arm-hisiv200-linux-gcc -E  conftest.c
configure:5654: $? = 0
configure:5674: result: yes
configure:5709: checking for ftw.h
configure:5716: result: yes
configure:5593: checking machine/reg.h usability
configure:5605: arm-hisiv200-linux-gcc -c  		-O2 		-I/opt/hisi-linux/x86-arm/arm-hisiv200-linux/target/usr/include 		-I/home/hisisdk/histb/source/rootfs/usr/include -I/home/hisisdk/histb/source/rootfs/usr/local/include 		-I/home/hisisdk/histb/autelan/fakerelease/usr/include -I/home/hisisdk/histb/autelan/fakerelease/usr/local/include 		  conftest.c >&5
conftest.c:75: fatal error: machine/reg.h: No such file or directory
compilation terminated.
configure:5611: $? = 1
configure: failed program was:
| /* confdefs.h.  */
| 
| #define PACKAGE_NAME ""
| #define PACKAGE_TARNAME ""
| #define PACKAGE_VERSION ""
| #define PACKAGE_STRING ""
| #define PACKAGE_BUGREPORT ""
| #define HAVE_GETNAMEINFO 1
| #define HAVE_INET_NTOP 1
| #define HAVE_DIFFTIME 1
| #define HAVE_FCVT 1
| #define HAVE_ECVT 1
| #define HAVE_GCVT 1
| #define HAVE_STRERROR 1
| #define HAVE_STRCASECMP 1
| #define HAVE_SETENV 1
| #define HAVE_STRSIGNAL 1
| #define HAVE_SYS_SIGLIST 1
| #define HAVE_GAI_STRERROR 1
| #define HAVE_FREEADDRINFO 1
| #define HAVE_GETADDRINFO 1
| #define STDC_HEADERS 1
| #define HAVE_SYS_TYPES_H 1
| #define HAVE_SYS_STAT_H 1
| #define HAVE_STDLIB_H 1
| #define HAVE_STRING_H 1
| #define HAVE_MEMORY_H 1
| #define HAVE_STRINGS_H 1
| #define HAVE_INTTYPES_H 1
| #define HAVE_STDINT_H 1
| #define HAVE_UNISTD_H 1
| #define HAVE_SYS_TYPES_H 1
| #define HAVE_SYS_TERMIOS_H 1
| #define HAVE_TERMIOS_H 1
| #define HAVE_SYS_IOCTL_H 1
| #define HAVE_SYS_SELECT_H 1
| #define HAVE_RPC_RPC_H 1
| #define HAVE_SYS_FILE_H 1
| #define HAVE_FTW_H 1
| /* end confdefs.h.  */
| #include <stdio.h>
| #if HAVE_SYS_TYPES_H
| # include <sys/types.h>
| #endif
| #if HAVE_SYS_STAT_H
| # include <sys/stat.h>
| #endif
| #if STDC_HEADERS
| # include <stdlib.h>
| # include <stddef.h>
| #else
| # if HAVE_STDLIB_H
| #  include <stdlib.h>
| # endif
| #endif
| #if HAVE_STRING_H
| # if !STDC_HEADERS && HAVE_MEMORY_H
| #  include <memory.h>
| # endif
| # include <string.h>
| #endif
| #if HAVE_STRINGS_H
| # include <strings.h>
| #endif
| #if HAVE_INTTYPES_H
| # include <inttypes.h>
| #else
| # if HAVE_STDINT_H
| #  include <stdint.h>
| # endif
| #endif
| #if HAVE_UNISTD_H
| # include <unistd.h>
| #endif
| #include <machine/reg.h>
configure:5634: result: no
configure:5638: checking machine/reg.h presence
configure:5648: arm-hisiv200-linux-gcc -E  conftest.c
conftest.c:41: fatal error: machine/reg.h: No such file or directory
compilation terminated.
configure:5654: $? = 1
configure: failed program was:
| /* confdefs.h.  */
| 
| #define PACKAGE_NAME ""
| #define PACKAGE_TARNAME ""
| #define PACKAGE_VERSION ""
| #define PACKAGE_STRING ""
| #define PACKAGE_BUGREPORT ""
| #define HAVE_GETNAMEINFO 1
| #define HAVE_INET_NTOP 1
| #define HAVE_DIFFTIME 1
| #define HAVE_FCVT 1
| #define HAVE_ECVT 1
| #define HAVE_GCVT 1
| #define HAVE_STRERROR 1
| #define HAVE_STRCASECMP 1
| #define HAVE_SETENV 1
| #define HAVE_STRSIGNAL 1
| #define HAVE_SYS_SIGLIST 1
| #define HAVE_GAI_STRERROR 1
| #define HAVE_FREEADDRINFO 1
| #define HAVE_GETADDRINFO 1
| #define STDC_HEADERS 1
| #define HAVE_SYS_TYPES_H 1
| #define HAVE_SYS_STAT_H 1
| #define HAVE_STDLIB_H 1
| #define HAVE_STRING_H 1
| #define HAVE_MEMORY_H 1
| #define HAVE_STRINGS_H 1
| #define HAVE_INTTYPES_H 1
| #define HAVE_STDINT_H 1
| #define HAVE_UNISTD_H 1
| #define HAVE_SYS_TYPES_H 1
| #define HAVE_SYS_TERMIOS_H 1
| #define HAVE_TERMIOS_H 1
| #define HAVE_SYS_IOCTL_H 1
| #define HAVE_SYS_SELECT_H 1
| #define HAVE_RPC_RPC_H 1
| #define HAVE_SYS_FILE_H 1
| #define HAVE_FTW_H 1
| /* end confdefs.h.  */
| #include <machine/reg.h>
configure:5674: result: no
configure:5709: checking for machine/reg.h
configure:5716: result: no
configure:5593: checking netdb.h usability
configure:5605: arm-hisiv200-linux-gcc -c  		-O2 		-I/opt/hisi-linux/x86-arm/arm-hisiv200-linux/target/usr/include 		-I/home/hisisdk/histb/source/rootfs/usr/include -I/home/hisisdk/histb/source/rootfs/usr/local/include 		-I/home/hisisdk/histb/autelan/fakerelease/usr/include -I/home/hisisdk/histb/autelan/fakerelease/usr/local/include 		  conftest.c >&5
configure:5611: $? = 0
configure:5615: test -z 
			 || test ! -s conftest.err
configure:5618: $? = 0
configure:5621: test -s conftest.o
configure:5624: $? = 0
configure:5634: result: yes
configure:5638: checking netdb.h presence
configure:5648: arm-hisiv200-linux-gcc -E  conftest.c
configure:5654: $? = 0
configure:5674: result: yes
configure:5709: checking for netdb.h
configure:5716: result: yes
configure:5739: checking sys/resource.h usability
configure:5751: arm-hisiv200-linux-gcc -c  		-O2 		-I/opt/hisi-linux/x86-arm/arm-hisiv200-linux/target/usr/include 		-I/home/hisisdk/histb/source/rootfs/usr/include -I/home/hisisdk/histb/source/rootfs/usr/local/include 		-I/home/hisisdk/histb/autelan/fakerelease/usr/include -I/home/hisisdk/histb/autelan/fakerelease/usr/local/include 		  conftest.c >&5
configure:5757: $? = 0
configure:5761: test -z 
			 || test ! -s conftest.err
configure:5764: $? = 0
configure:5767: test -s conftest.o
configure:5770: $? = 0
configure:5780: result: yes
configure:5784: checking sys/resource.h presence
configure:5794: arm-hisiv200-linux-gcc -E  conftest.c
configure:5800: $? = 0
configure:5820: result: yes
configure:5855: checking for sys/resource.h
configure:5862: result: yes
configure:5884: checking arpa/inet.h usability
configure:5896: arm-hisiv200-linux-gcc -c  		-O2 		-I/opt/hisi-linux/x86-arm/arm-hisiv200-linux/target/usr/include 		-I/home/hisisdk/histb/source/rootfs/usr/include -I/home/hisisdk/histb/source/rootfs/usr/local/include 		-I/home/hisisdk/histb/autelan/fakerelease/usr/include -I/home/hisisdk/histb/autelan/fakerelease/usr/local/include 		  conftest.c >&5
configure:5902: $? = 0
configure:5906: test -z 
			 || test ! -s conftest.err
configure:5909: $? = 0
configure:5912: test -s conftest.o
configure:5915: $? = 0
configure:5925: result: yes
configure:5929: checking arpa/inet.h presence
configure:5939: arm-hisiv200-linux-gcc -E  conftest.c
configure:5945: $? = 0
configure:5965: result: yes
configure:6000: checking for arpa/inet.h
configure:6007: result: yes
configure:6029: checking grp.h usability
configure:6041: arm-hisiv200-linux-gcc -c  		-O2 		-I/opt/hisi-linux/x86-arm/arm-hisiv200-linux/target/usr/include 		-I/home/hisisdk/histb/source/rootfs/usr/include -I/home/hisisdk/histb/source/rootfs/usr/local/include 		-I/home/hisisdk/histb/autelan/fakerelease/usr/include -I/home/hisisdk/histb/autelan/fakerelease/usr/local/include 		  conftest.c >&5
configure:6047: $? = 0
configure:6051: test -z 
			 || test ! -s conftest.err
configure:6054: $? = 0
configure:6057: test -s conftest.o
configure:6060: $? = 0
configure:6070: result: yes
configure:6074: checking grp.h presence
configure:6084: arm-hisiv200-linux-gcc -E  conftest.c
configure:6090: $? = 0
configure:6110: result: yes
configure:6145: checking for grp.h
configure:6152: result: yes
configure:6174: checking rpc/pmap_clnt.h usability
configure:6186: arm-hisiv200-linux-gcc -c  		-O2 		-I/opt/hisi-linux/x86-arm/arm-hisiv200-linux/target/usr/include 		-I/home/hisisdk/histb/source/rootfs/usr/include -I/home/hisisdk/histb/source/rootfs/usr/local/include 		-I/home/hisisdk/histb/autelan/fakerelease/usr/include -I/home/hisisdk/histb/autelan/fakerelease/usr/local/include 		  conftest.c >&5
configure:6192: $? = 0
configure:6196: test -z 
			 || test ! -s conftest.err
configure:6199: $? = 0
configure:6202: test -s conftest.o
configure:6205: $? = 0
configure:6215: result: yes
configure:6219: checking rpc/pmap_clnt.h presence
configure:6229: arm-hisiv200-linux-gcc -E  conftest.c
configure:6235: $? = 0
configure:6255: result: yes
configure:6290: checking for rpc/pmap_clnt.h
configure:6297: result: yes
configure:6319: checking sys/socket.h usability
configure:6331: arm-hisiv200-linux-gcc -c  		-O2 		-I/opt/hisi-linux/x86-arm/arm-hisiv200-linux/target/usr/include 		-I/home/hisisdk/histb/source/rootfs/usr/include -I/home/hisisdk/histb/source/rootfs/usr/local/include 		-I/home/hisisdk/histb/autelan/fakerelease/usr/include -I/home/hisisdk/histb/autelan/fakerelease/usr/local/include 		  conftest.c >&5
configure:6337: $? = 0
configure:6341: test -z 
			 || test ! -s conftest.err
configure:6344: $? = 0
configure:6347: test -s conftest.o
configure:6350: $? = 0
configure:6360: result: yes
configure:6364: checking sys/socket.h presence
configure:6374: arm-hisiv200-linux-gcc -E  conftest.c
configure:6380: $? = 0
configure:6400: result: yes
configure:6435: checking for sys/socket.h
configure:6442: result: yes
configure:6464: checking sys/signal.h usability
configure:6476: arm-hisiv200-linux-gcc -c  		-O2 		-I/opt/hisi-linux/x86-arm/arm-hisiv200-linux/target/usr/include 		-I/home/hisisdk/histb/source/rootfs/usr/include -I/home/hisisdk/histb/source/rootfs/usr/local/include 		-I/home/hisisdk/histb/autelan/fakerelease/usr/include -I/home/hisisdk/histb/autelan/fakerelease/usr/local/include 		  conftest.c >&5
configure:6482: $? = 0
configure:6486: test -z 
			 || test ! -s conftest.err
configure:6489: $? = 0
configure:6492: test -s conftest.o
configure:6495: $? = 0
configure:6505: result: yes
configure:6509: checking sys/signal.h presence
configure:6519: arm-hisiv200-linux-gcc -E  conftest.c
configure:6525: $? = 0
configure:6545: result: yes
configure:6580: checking for sys/signal.h
configure:6587: result: yes
configure:6609: checking crypt.h usability
configure:6621: arm-hisiv200-linux-gcc -c  		-O2 		-I/opt/hisi-linux/x86-arm/arm-hisiv200-linux/target/usr/include 		-I/home/hisisdk/histb/source/rootfs/usr/include -I/home/hisisdk/histb/source/rootfs/usr/local/include 		-I/home/hisisdk/histb/autelan/fakerelease/usr/include -I/home/hisisdk/histb/autelan/fakerelease/usr/local/include 		  conftest.c >&5
configure:6627: $? = 0
configure:6631: test -z 
			 || test ! -s conftest.err
configure:6634: $? = 0
configure:6637: test -s conftest.o
configure:6640: $? = 0
configure:6650: result: yes
configure:6654: checking crypt.h presence
configure:6664: arm-hisiv200-linux-gcc -E  conftest.c
configure:6670: $? = 0
configure:6690: result: yes
configure:6725: checking for crypt.h
configure:6732: result: yes
configure:6745: checking for stdint.h
configure:6750: result: yes
configure:6899: checking stdbool.h usability
configure:6911: arm-hisiv200-linux-gcc -c  		-O2 		-I/opt/hisi-linux/x86-arm/arm-hisiv200-linux/target/usr/include 		-I/home/hisisdk/histb/source/rootfs/usr/include -I/home/hisisdk/histb/source/rootfs/usr/local/include 		-I/home/hisisdk/histb/autelan/fakerelease/usr/include -I/home/hisisdk/histb/autelan/fakerelease/usr/local/include 		  conftest.c >&5
configure:6917: $? = 0
configure:6921: test -z 
			 || test ! -s conftest.err
configure:6924: $? = 0
configure:6927: test -s conftest.o
configure:6930: $? = 0
configure:6940: result: yes
configure:6944: checking stdbool.h presence
configure:6954: arm-hisiv200-linux-gcc -E  conftest.c
configure:6960: $? = 0
configure:6980: result: yes
configure:7015: checking for stdbool.h
configure:7022: result: yes
configure:7044: checking sys/filio.h usability
configure:7056: arm-hisiv200-linux-gcc -c  		-O2 		-I/opt/hisi-linux/x86-arm/arm-hisiv200-linux/target/usr/include 		-I/home/hisisdk/histb/source/rootfs/usr/include -I/home/hisisdk/histb/source/rootfs/usr/local/include 		-I/home/hisisdk/histb/autelan/fakerelease/usr/include -I/home/hisisdk/histb/autelan/fakerelease/usr/local/include 		  conftest.c >&5
conftest.c:85: fatal error: sys/filio.h: No such file or directory
compilation terminated.
configure:7062: $? = 1
configure: failed program was:
| /* confdefs.h.  */
| 
| #define PACKAGE_NAME ""
| #define PACKAGE_TARNAME ""
| #define PACKAGE_VERSION ""
| #define PACKAGE_STRING ""
| #define PACKAGE_BUGREPORT ""
| #define HAVE_GETNAMEINFO 1
| #define HAVE_INET_NTOP 1
| #define HAVE_DIFFTIME 1
| #define HAVE_FCVT 1
| #define HAVE_ECVT 1
| #define HAVE_GCVT 1
| #define HAVE_STRERROR 1
| #define HAVE_STRCASECMP 1
| #define HAVE_SETENV 1
| #define HAVE_STRSIGNAL 1
| #define HAVE_SYS_SIGLIST 1
| #define HAVE_GAI_STRERROR 1
| #define HAVE_FREEADDRINFO 1
| #define HAVE_GETADDRINFO 1
| #define STDC_HEADERS 1
| #define HAVE_SYS_TYPES_H 1
| #define HAVE_SYS_STAT_H 1
| #define HAVE_STDLIB_H 1
| #define HAVE_STRING_H 1
| #define HAVE_MEMORY_H 1
| #define HAVE_STRINGS_H 1
| #define HAVE_INTTYPES_H 1
| #define HAVE_STDINT_H 1
| #define HAVE_UNISTD_H 1
| #define HAVE_SYS_TYPES_H 1
| #define HAVE_SYS_TERMIOS_H 1
| #define HAVE_TERMIOS_H 1
| #define HAVE_SYS_IOCTL_H 1
| #define HAVE_SYS_SELECT_H 1
| #define HAVE_RPC_RPC_H 1
| #define HAVE_SYS_FILE_H 1
| #define HAVE_FTW_H 1
| #define HAVE_NETDB_H 1
| #define HAVE_SYS_RESOURCE_H 1
| #define HAVE_ARPA_INET_H 1
| #define HAVE_GRP_H 1
| #define HAVE_RPC_PMAP_CLNT_H 1
| #define HAVE_SYS_SOCKET_H 1
| #define HAVE_SYS_SIGNAL_H 1
| #define HAVE_CRYPT_H 1
| #define HAVE_STDINT_H 1
| #define HAVE_STDBOOL_H 1
| /* end confdefs.h.  */
| #include <stdio.h>
| #if HAVE_SYS_TYPES_H
| # include <sys/types.h>
| #endif
| #if HAVE_SYS_STAT_H
| # include <sys/stat.h>
| #endif
| #if STDC_HEADERS
| # include <stdlib.h>
| # include <stddef.h>
| #else
| # if HAVE_STDLIB_H
| #  include <stdlib.h>
| # endif
| #endif
| #if HAVE_STRING_H
| # if !STDC_HEADERS && HAVE_MEMORY_H
| #  include <memory.h>
| # endif
| # include <string.h>
| #endif
| #if HAVE_STRINGS_H
| # include <strings.h>
| #endif
| #if HAVE_INTTYPES_H
| # include <inttypes.h>
| #else
| # if HAVE_STDINT_H
| #  include <stdint.h>
| # endif
| #endif
| #if HAVE_UNISTD_H
| # include <unistd.h>
| #endif
| #include <sys/filio.h>
configure:7085: result: no
configure:7089: checking sys/filio.h presence
configure:7099: arm-hisiv200-linux-gcc -E  conftest.c
conftest.c:51: fatal error: sys/filio.h: No such file or directory
compilation terminated.
configure:7105: $? = 1
configure: failed program was:
| /* confdefs.h.  */
| 
| #define PACKAGE_NAME ""
| #define PACKAGE_TARNAME ""
| #define PACKAGE_VERSION ""
| #define PACKAGE_STRING ""
| #define PACKAGE_BUGREPORT ""
| #define HAVE_GETNAMEINFO 1
| #define HAVE_INET_NTOP 1
| #define HAVE_DIFFTIME 1
| #define HAVE_FCVT 1
| #define HAVE_ECVT 1
| #define HAVE_GCVT 1
| #define HAVE_STRERROR 1
| #define HAVE_STRCASECMP 1
| #define HAVE_SETENV 1
| #define HAVE_STRSIGNAL 1
| #define HAVE_SYS_SIGLIST 1
| #define HAVE_GAI_STRERROR 1
| #define HAVE_FREEADDRINFO 1
| #define HAVE_GETADDRINFO 1
| #define STDC_HEADERS 1
| #define HAVE_SYS_TYPES_H 1
| #define HAVE_SYS_STAT_H 1
| #define HAVE_STDLIB_H 1
| #define HAVE_STRING_H 1
| #define HAVE_MEMORY_H 1
| #define HAVE_STRINGS_H 1
| #define HAVE_INTTYPES_H 1
| #define HAVE_STDINT_H 1
| #define HAVE_UNISTD_H 1
| #define HAVE_SYS_TYPES_H 1
| #define HAVE_SYS_TERMIOS_H 1
| #define HAVE_TERMIOS_H 1
| #define HAVE_SYS_IOCTL_H 1
| #define HAVE_SYS_SELECT_H 1
| #define HAVE_RPC_RPC_H 1
| #define HAVE_SYS_FILE_H 1
| #define HAVE_FTW_H 1
| #define HAVE_NETDB_H 1
| #define HAVE_SYS_RESOURCE_H 1
| #define HAVE_ARPA_INET_H 1
| #define HAVE_GRP_H 1
| #define HAVE_RPC_PMAP_CLNT_H 1
| #define HAVE_SYS_SOCKET_H 1
| #define HAVE_SYS_SIGNAL_H 1
| #define HAVE_CRYPT_H 1
| #define HAVE_STDINT_H 1
| #define HAVE_STDBOOL_H 1
| /* end confdefs.h.  */
| #include <sys/filio.h>
configure:7125: result: no
configure:7160: checking for sys/filio.h
configure:7167: result: no
configure:7189: checking DNSServiceDiscovery/DNSServiceDiscovery.h usability
configure:7201: arm-hisiv200-linux-gcc -c  		-O2 		-I/opt/hisi-linux/x86-arm/arm-hisiv200-linux/target/usr/include 		-I/home/hisisdk/histb/source/rootfs/usr/include -I/home/hisisdk/histb/source/rootfs/usr/local/include 		-I/home/hisisdk/histb/autelan/fakerelease/usr/include -I/home/hisisdk/histb/autelan/fakerelease/usr/local/include 		  conftest.c >&5
conftest.c:85: fatal error: DNSServiceDiscovery/DNSServiceDiscovery.h: No such file or directory
compilation terminated.
configure:7207: $? = 1
configure: failed program was:
| /* confdefs.h.  */
| 
| #define PACKAGE_NAME ""
| #define PACKAGE_TARNAME ""
| #define PACKAGE_VERSION ""
| #define PACKAGE_STRING ""
| #define PACKAGE_BUGREPORT ""
| #define HAVE_GETNAMEINFO 1
| #define HAVE_INET_NTOP 1
| #define HAVE_DIFFTIME 1
| #define HAVE_FCVT 1
| #define HAVE_ECVT 1
| #define HAVE_GCVT 1
| #define HAVE_STRERROR 1
| #define HAVE_STRCASECMP 1
| #define HAVE_SETENV 1
| #define HAVE_STRSIGNAL 1
| #define HAVE_SYS_SIGLIST 1
| #define HAVE_GAI_STRERROR 1
| #define HAVE_FREEADDRINFO 1
| #define HAVE_GETADDRINFO 1
| #define STDC_HEADERS 1
| #define HAVE_SYS_TYPES_H 1
| #define HAVE_SYS_STAT_H 1
| #define HAVE_STDLIB_H 1
| #define HAVE_STRING_H 1
| #define HAVE_MEMORY_H 1
| #define HAVE_STRINGS_H 1
| #define HAVE_INTTYPES_H 1
| #define HAVE_STDINT_H 1
| #define HAVE_UNISTD_H 1
| #define HAVE_SYS_TYPES_H 1
| #define HAVE_SYS_TERMIOS_H 1
| #define HAVE_TERMIOS_H 1
| #define HAVE_SYS_IOCTL_H 1
| #define HAVE_SYS_SELECT_H 1
| #define HAVE_RPC_RPC_H 1
| #define HAVE_SYS_FILE_H 1
| #define HAVE_FTW_H 1
| #define HAVE_NETDB_H 1
| #define HAVE_SYS_RESOURCE_H 1
| #define HAVE_ARPA_INET_H 1
| #define HAVE_GRP_H 1
| #define HAVE_RPC_PMAP_CLNT_H 1
| #define HAVE_SYS_SOCKET_H 1
| #define HAVE_SYS_SIGNAL_H 1
| #define HAVE_CRYPT_H 1
| #define HAVE_STDINT_H 1
| #define HAVE_STDBOOL_H 1
| /* end confdefs.h.  */
| #include <stdio.h>
| #if HAVE_SYS_TYPES_H
| # include <sys/types.h>
| #endif
| #if HAVE_SYS_STAT_H
| # include <sys/stat.h>
| #endif
| #if STDC_HEADERS
| # include <stdlib.h>
| # include <stddef.h>
| #else
| # if HAVE_STDLIB_H
| #  include <stdlib.h>
| # endif
| #endif
| #if HAVE_STRING_H
| # if !STDC_HEADERS && HAVE_MEMORY_H
| #  include <memory.h>
| # endif
| # include <string.h>
| #endif
| #if HAVE_STRINGS_H
| # include <strings.h>
| #endif
| #if HAVE_INTTYPES_H
| # include <inttypes.h>
| #else
| # if HAVE_STDINT_H
| #  include <stdint.h>
| # endif
| #endif
| #if HAVE_UNISTD_H
| # include <unistd.h>
| #endif
| #include <DNSServiceDiscovery/DNSServiceDiscovery.h>
configure:7230: result: no
configure:7234: checking DNSServiceDiscovery/DNSServiceDiscovery.h presence
configure:7244: arm-hisiv200-linux-gcc -E  conftest.c
conftest.c:51: fatal error: DNSServiceDiscovery/DNSServiceDiscovery.h: No such file or directory
compilation terminated.
configure:7250: $? = 1
configure: failed program was:
| /* confdefs.h.  */
| 
| #define PACKAGE_NAME ""
| #define PACKAGE_TARNAME ""
| #define PACKAGE_VERSION ""
| #define PACKAGE_STRING ""
| #define PACKAGE_BUGREPORT ""
| #define HAVE_GETNAMEINFO 1
| #define HAVE_INET_NTOP 1
| #define HAVE_DIFFTIME 1
| #define HAVE_FCVT 1
| #define HAVE_ECVT 1
| #define HAVE_GCVT 1
| #define HAVE_STRERROR 1
| #define HAVE_STRCASECMP 1
| #define HAVE_SETENV 1
| #define HAVE_STRSIGNAL 1
| #define HAVE_SYS_SIGLIST 1
| #define HAVE_GAI_STRERROR 1
| #define HAVE_FREEADDRINFO 1
| #define HAVE_GETADDRINFO 1
| #define STDC_HEADERS 1
| #define HAVE_SYS_TYPES_H 1
| #define HAVE_SYS_STAT_H 1
| #define HAVE_STDLIB_H 1
| #define HAVE_STRING_H 1
| #define HAVE_MEMORY_H 1
| #define HAVE_STRINGS_H 1
| #define HAVE_INTTYPES_H 1
| #define HAVE_STDINT_H 1
| #define HAVE_UNISTD_H 1
| #define HAVE_SYS_TYPES_H 1
| #define HAVE_SYS_TERMIOS_H 1
| #define HAVE_TERMIOS_H 1
| #define HAVE_SYS_IOCTL_H 1
| #define HAVE_SYS_SELECT_H 1
| #define HAVE_RPC_RPC_H 1
| #define HAVE_SYS_FILE_H 1
| #define HAVE_FTW_H 1
| #define HAVE_NETDB_H 1
| #define HAVE_SYS_RESOURCE_H 1
| #define HAVE_ARPA_INET_H 1
| #define HAVE_GRP_H 1
| #define HAVE_RPC_PMAP_CLNT_H 1
| #define HAVE_SYS_SOCKET_H 1
| #define HAVE_SYS_SIGNAL_H 1
| #define HAVE_CRYPT_H 1
| #define HAVE_STDINT_H 1
| #define HAVE_STDBOOL_H 1
| /* end confdefs.h.  */
| #include <DNSServiceDiscovery/DNSServiceDiscovery.h>
configure:7270: result: no
configure:7305: checking for DNSServiceDiscovery/DNSServiceDiscovery.h
configure:7312: result: no
configure:7625: checking for uint16_t
configure:7662: result: yes
configure:7671: checking for uint32_t
configure:7708: result: yes
configure:7717: checking for uint64_t
configure:7754: result: yes
configure:7763: checking for uid_t
configure:7800: result: yes
configure:7809: checking for gid_t
configure:7846: result: yes
configure:7855: checking for socklen_t
configure:7892: result: yes
configure:7901: checking for rlim_t
configure:7938: result: yes
configure:7948: checking for struct addrinfo
configure:7976: arm-hisiv200-linux-gcc -c  		-O2 		-I/opt/hisi-linux/x86-arm/arm-hisiv200-linux/target/usr/include 		-I/home/hisisdk/histb/source/rootfs/usr/include -I/home/hisisdk/histb/source/rootfs/usr/local/include 		-I/home/hisisdk/histb/autelan/fakerelease/usr/include -I/home/hisisdk/histb/autelan/fakerelease/usr/local/include 		  conftest.c >&5
configure:7982: $? = 0
configure:7986: test -z 
			 || test ! -s conftest.err
configure:7989: $? = 0
configure:7992: test -s conftest.o
configure:7995: $? = 0
configure:8008: result: yes
configure:8017: checking for struct in6_addr
configure:8042: arm-hisiv200-linux-gcc -c  		-O2 		-I/opt/hisi-linux/x86-arm/arm-hisiv200-linux/target/usr/include 		-I/home/hisisdk/histb/source/rootfs/usr/include -I/home/hisisdk/histb/source/rootfs/usr/local/include 		-I/home/hisisdk/histb/autelan/fakerelease/usr/include -I/home/hisisdk/histb/autelan/fakerelease/usr/local/include 		  conftest.c >&5
configure:8048: $? = 0
configure:8052: test -z 
			 || test ! -s conftest.err
configure:8055: $? = 0
configure:8058: test -s conftest.o
configure:8061: $? = 0
configure:8074: result: yes
configure:8083: checking for struct sockaddr_in6
configure:8108: arm-hisiv200-linux-gcc -c  		-O2 		-I/opt/hisi-linux/x86-arm/arm-hisiv200-linux/target/usr/include 		-I/home/hisisdk/histb/source/rootfs/usr/include -I/home/hisisdk/histb/source/rootfs/usr/local/include 		-I/home/hisisdk/histb/autelan/fakerelease/usr/include -I/home/hisisdk/histb/autelan/fakerelease/usr/local/include 		  conftest.c >&5
configure:8114: $? = 0
configure:8118: test -z 
			 || test ! -s conftest.err
configure:8121: $? = 0
configure:8124: test -s conftest.o
configure:8127: $? = 0
configure:8140: result: yes
configure:8149: checking for struct sockaddr_storage
configure:8174: arm-hisiv200-linux-gcc -c  		-O2 		-I/opt/hisi-linux/x86-arm/arm-hisiv200-linux/target/usr/include 		-I/home/hisisdk/histb/source/rootfs/usr/include -I/home/hisisdk/histb/source/rootfs/usr/local/include 		-I/home/hisisdk/histb/autelan/fakerelease/usr/include -I/home/hisisdk/histb/autelan/fakerelease/usr/local/include 		  conftest.c >&5
configure:8180: $? = 0
configure:8184: test -z 
			 || test ! -s conftest.err
configure:8187: $? = 0
configure:8190: test -s conftest.o
configure:8193: $? = 0
configure:8206: result: yes
configure:8511: checking for main in -lcrypt
configure:8535: arm-hisiv200-linux-gcc -o conftest  		-O2 		-I/opt/hisi-linux/x86-arm/arm-hisiv200-linux/target/usr/include 		-I/home/hisisdk/histb/source/rootfs/usr/include -I/home/hisisdk/histb/source/rootfs/usr/local/include 		-I/home/hisisdk/histb/autelan/fakerelease/usr/include -I/home/hisisdk/histb/autelan/fakerelease/usr/local/include 		   		-L/opt/hisi-linux/x86-arm/arm-hisiv200-linux/target/lib -L/opt/hisi-linux/x86-arm/arm-hisiv200-linux/target/usr/lib 		-L/home/hisisdk/histb/source/rootfs/lib -L/home/hisisdk/histb/source/rootfs/user/lib -L/home/hisisdk/histb/source/rootfs/user/local/lib 		 conftest.c -lcrypt   >&5
configure:8541: $? = 0
configure:8545: test -z 
			 || test ! -s conftest.err
configure:8548: $? = 0
configure:8551: test -s conftest
configure:8554: $? = 0
configure:8567: result: yes
configure:8579: checking whether to compile in loadavg
configure:8608: result: no
configure:8698: checking for crypt in -lc
configure:8728: arm-hisiv200-linux-gcc -o conftest  		-O2 		-I/opt/hisi-linux/x86-arm/arm-hisiv200-linux/target/usr/include 		-I/home/hisisdk/histb/source/rootfs/usr/include -I/home/hisisdk/histb/source/rootfs/usr/local/include 		-I/home/hisisdk/histb/autelan/fakerelease/usr/include -I/home/hisisdk/histb/autelan/fakerelease/usr/local/include 		   		-L/opt/hisi-linux/x86-arm/arm-hisiv200-linux/target/lib -L/opt/hisi-linux/x86-arm/arm-hisiv200-linux/target/usr/lib 		-L/home/hisisdk/histb/source/rootfs/lib -L/home/hisisdk/histb/source/rootfs/user/lib -L/home/hisisdk/histb/source/rootfs/user/local/lib 		 conftest.c -lc  -lcrypt  >&5
configure:8734: $? = 0
configure:8738: test -z 
			 || test ! -s conftest.err
configure:8741: $? = 0
configure:8744: test -s conftest
configure:8747: $? = 0
configure:8760: result: yes
configure:8842: checking for log10 in -lm
configure:8872: arm-hisiv200-linux-gcc -o conftest  		-O2 		-I/opt/hisi-linux/x86-arm/arm-hisiv200-linux/target/usr/include 		-I/home/hisisdk/histb/source/rootfs/usr/include -I/home/hisisdk/histb/source/rootfs/usr/local/include 		-I/home/hisisdk/histb/autelan/fakerelease/usr/include -I/home/hisisdk/histb/autelan/fakerelease/usr/local/include 		   		-L/opt/hisi-linux/x86-arm/arm-hisiv200-linux/target/lib -L/opt/hisi-linux/x86-arm/arm-hisiv200-linux/target/usr/lib 		-L/home/hisisdk/histb/source/rootfs/lib -L/home/hisisdk/histb/source/rootfs/user/lib -L/home/hisisdk/histb/source/rootfs/user/local/lib 		 conftest.c -lm  -lcrypt  >&5
conftest.c:63: warning: conflicting types for built-in function 'log10'
configure:8878: $? = 0
configure:8882: test -z 
			 || test ! -s conftest.err
configure:8885: $? = 0
configure:8888: test -s conftest
configure:8891: $? = 0
configure:8904: result: yes
configure:8911: checking whether to default to ipv6
configure:8917: result: ignored
configure:8924: checking whether to use libwrap
configure:9220: result: no
configure:9225: checking whether to use labeled-networking
configure:9330: result: no
configure:9341: checking for stdlib.h
configure:9346: result: yes
configure:9341: checking for unistd.h
configure:9346: result: yes
configure:9490: checking for getpagesize
configure:9547: arm-hisiv200-linux-gcc -o conftest  		-O2 		-I/opt/hisi-linux/x86-arm/arm-hisiv200-linux/target/usr/include 		-I/home/hisisdk/histb/source/rootfs/usr/include -I/home/hisisdk/histb/source/rootfs/usr/local/include 		-I/home/hisisdk/histb/autelan/fakerelease/usr/include -I/home/hisisdk/histb/autelan/fakerelease/usr/local/include 		   		-L/opt/hisi-linux/x86-arm/arm-hisiv200-linux/target/lib -L/opt/hisi-linux/x86-arm/arm-hisiv200-linux/target/usr/lib 		-L/home/hisisdk/histb/source/rootfs/lib -L/home/hisisdk/histb/source/rootfs/user/lib -L/home/hisisdk/histb/source/rootfs/user/local/lib 		 conftest.c -lm -lcrypt  >&5
configure:9553: $? = 0
configure:9557: test -z 
			 || test ! -s conftest.err
configure:9560: $? = 0
configure:9563: test -s conftest
configure:9566: $? = 0
configure:9578: result: yes
configure:9588: checking for working mmap
configure:9752: result: no
configure:9768: checking for isatty
configure:9825: arm-hisiv200-linux-gcc -o conftest  		-O2 		-I/opt/hisi-linux/x86-arm/arm-hisiv200-linux/target/usr/include 		-I/home/hisisdk/histb/source/rootfs/usr/include -I/home/hisisdk/histb/source/rootfs/usr/local/include 		-I/home/hisisdk/histb/autelan/fakerelease/usr/include -I/home/hisisdk/histb/autelan/fakerelease/usr/local/include 		   		-L/opt/hisi-linux/x86-arm/arm-hisiv200-linux/target/lib -L/opt/hisi-linux/x86-arm/arm-hisiv200-linux/target/usr/lib 		-L/home/hisisdk/histb/source/rootfs/lib -L/home/hisisdk/histb/source/rootfs/user/lib -L/home/hisisdk/histb/source/rootfs/user/local/lib 		 conftest.c -lm -lcrypt  >&5
configure:9831: $? = 0
configure:9835: test -z 
			 || test ! -s conftest.err
configure:9838: $? = 0
configure:9841: test -s conftest
configure:9844: $? = 0
configure:9856: result: yes
configure:9870: checking for memcpy
configure:9927: arm-hisiv200-linux-gcc -o conftest  		-O2 		-I/opt/hisi-linux/x86-arm/arm-hisiv200-linux/target/usr/include 		-I/home/hisisdk/histb/source/rootfs/usr/include -I/home/hisisdk/histb/source/rootfs/usr/local/include 		-I/home/hisisdk/histb/autelan/fakerelease/usr/include -I/home/hisisdk/histb/autelan/fakerelease/usr/local/include 		   		-L/opt/hisi-linux/x86-arm/arm-hisiv200-linux/target/lib -L/opt/hisi-linux/x86-arm/arm-hisiv200-linux/target/usr/lib 		-L/home/hisisdk/histb/source/rootfs/lib -L/home/hisisdk/histb/source/rootfs/user/lib -L/home/hisisdk/histb/source/rootfs/user/local/lib 		 conftest.c -lm -lcrypt  >&5
conftest.c:84: warning: conflicting types for built-in function 'memcpy'
configure:9933: $? = 0
configure:9937: test -z 
			 || test ! -s conftest.err
configure:9940: $? = 0
configure:9943: test -s conftest
configure:9946: $? = 0
configure:9958: result: yes
configure:9972: checking for waitpid
configure:10029: arm-hisiv200-linux-gcc -o conftest  		-O2 		-I/opt/hisi-linux/x86-arm/arm-hisiv200-linux/target/usr/include 		-I/home/hisisdk/histb/source/rootfs/usr/include -I/home/hisisdk/histb/source/rootfs/usr/local/include 		-I/home/hisisdk/histb/autelan/fakerelease/usr/include -I/home/hisisdk/histb/autelan/fakerelease/usr/local/include 		   		-L/opt/hisi-linux/x86-arm/arm-hisiv200-linux/target/lib -L/opt/hisi-linux/x86-arm/arm-hisiv200-linux/target/usr/lib 		-L/home/hisisdk/histb/source/rootfs/lib -L/home/hisisdk/histb/source/rootfs/user/lib -L/home/hisisdk/histb/source/rootfs/user/local/lib 		 conftest.c -lm -lcrypt  >&5
configure:10035: $? = 0
configure:10039: test -z 
			 || test ! -s conftest.err
configure:10042: $? = 0
configure:10045: test -s conftest
configure:10048: $? = 0
configure:10060: result: yes
configure:10074: checking for sigvec
configure:10131: arm-hisiv200-linux-gcc -o conftest  		-O2 		-I/opt/hisi-linux/x86-arm/arm-hisiv200-linux/target/usr/include 		-I/home/hisisdk/histb/source/rootfs/usr/include -I/home/hisisdk/histb/source/rootfs/usr/local/include 		-I/home/hisisdk/histb/autelan/fakerelease/usr/include -I/home/hisisdk/histb/autelan/fakerelease/usr/local/include 		   		-L/opt/hisi-linux/x86-arm/arm-hisiv200-linux/target/lib -L/opt/hisi-linux/x86-arm/arm-hisiv200-linux/target/usr/lib 		-L/home/hisisdk/histb/source/rootfs/lib -L/home/hisisdk/histb/source/rootfs/user/lib -L/home/hisisdk/histb/source/rootfs/user/local/lib 		 conftest.c -lm -lcrypt  >&5
configure:10137: $? = 0
configure:10141: test -z 
			 || test ! -s conftest.err
configure:10144: $? = 0
configure:10147: test -s conftest
configure:10150: $? = 0
configure:10162: result: yes
configure:10176: checking for setsid
configure:10233: arm-hisiv200-linux-gcc -o conftest  		-O2 		-I/opt/hisi-linux/x86-arm/arm-hisiv200-linux/target/usr/include 		-I/home/hisisdk/histb/source/rootfs/usr/include -I/home/hisisdk/histb/source/rootfs/usr/local/include 		-I/home/hisisdk/histb/autelan/fakerelease/usr/include -I/home/hisisdk/histb/autelan/fakerelease/usr/local/include 		   		-L/opt/hisi-linux/x86-arm/arm-hisiv200-linux/target/lib -L/opt/hisi-linux/x86-arm/arm-hisiv200-linux/target/usr/lib 		-L/home/hisisdk/histb/source/rootfs/lib -L/home/hisisdk/histb/source/rootfs/user/lib -L/home/hisisdk/histb/source/rootfs/user/local/lib 		 conftest.c -lm -lcrypt  >&5
configure:10239: $? = 0
configure:10243: test -z 
			 || test ! -s conftest.err
configure:10246: $? = 0
configure:10249: test -s conftest
configure:10252: $? = 0
configure:10264: result: yes
configure:10278: checking for strftime
configure:10335: arm-hisiv200-linux-gcc -o conftest  		-O2 		-I/opt/hisi-linux/x86-arm/arm-hisiv200-linux/target/usr/include 		-I/home/hisisdk/histb/source/rootfs/usr/include -I/home/hisisdk/histb/source/rootfs/usr/local/include 		-I/home/hisisdk/histb/autelan/fakerelease/usr/include -I/home/hisisdk/histb/autelan/fakerelease/usr/local/include 		   		-L/opt/hisi-linux/x86-arm/arm-hisiv200-linux/target/lib -L/opt/hisi-linux/x86-arm/arm-hisiv200-linux/target/usr/lib 		-L/home/hisisdk/histb/source/rootfs/lib -L/home/hisisdk/histb/source/rootfs/user/lib -L/home/hisisdk/histb/source/rootfs/user/local/lib 		 conftest.c -lm -lcrypt  >&5
conftest.c:88: warning: conflicting types for built-in function 'strftime'
configure:10341: $? = 0
configure:10345: test -z 
			 || test ! -s conftest.err
configure:10348: $? = 0
configure:10351: test -s conftest
configure:10354: $? = 0
configure:10366: result: yes
configure:10487: creating ./config.status

## ---------------------- ##
## Running config.status. ##
## ---------------------- ##

This file was extended by config.status, which was
generated by GNU Autoconf 2.59.  Invocation command line was

  CONFIG_FILES    = 
  CONFIG_HEADERS  = 
  CONFIG_LINKS    = 
  CONFIG_COMMANDS = 
  $ ./config.status 

on ubuntu

config.status:670: creating Makefile
config.status:670: creating libs/src/misc/Makefile
config.status:670: creating libs/src/pset/Makefile
config.status:670: creating libs/src/sio/Makefile
config.status:670: creating libs/src/str/Makefile
config.status:670: creating libs/src/xlog/Makefile
config.status:670: creating libs/src/portable/Makefile
config.status:670: creating xinetd/Makefile
config.status:774: creating config.h
config.status:986: config.h is unchanged

## ---------------- ##
## Cache variables. ##
## ---------------- ##

ac_cv_build=i686-pc-linux-gnu
ac_cv_build_alias=i686-pc-linux-gnu
ac_cv_c_compiler_gnu=yes
ac_cv_env_CC_set=set
ac_cv_env_CC_value=arm-hisiv200-linux-gcc
ac_cv_env_CFLAGS_set=set
ac_cv_env_CFLAGS_value=' 		-O2 		-I/opt/hisi-linux/x86-arm/arm-hisiv200-linux/target/usr/include 		-I/home/hisisdk/histb/source/rootfs/usr/include -I/home/hisisdk/histb/source/rootfs/usr/local/include 		-I/home/hisisdk/histb/autelan/fakerelease/usr/include -I/home/hisisdk/histb/autelan/fakerelease/usr/local/include 		'
ac_cv_env_CPPFLAGS_set=
ac_cv_env_CPPFLAGS_value=
ac_cv_env_CPP_set=
ac_cv_env_CPP_value=
ac_cv_env_LDFLAGS_set=set
ac_cv_env_LDFLAGS_value=' 		-L/opt/hisi-linux/x86-arm/arm-hisiv200-linux/target/lib -L/opt/hisi-linux/x86-arm/arm-hisiv200-linux/target/usr/lib 		-L/home/hisisdk/histb/source/rootfs/lib -L/home/hisisdk/histb/source/rootfs/user/lib -L/home/hisisdk/histb/source/rootfs/user/local/lib 		'
ac_cv_env_build_alias_set=
ac_cv_env_build_alias_value=
ac_cv_env_host_alias_set=set
ac_cv_env_host_alias_value=arm-hisiv200-linux
ac_cv_env_target_alias_set=
ac_cv_env_target_alias_value=
ac_cv_exeext=
ac_cv_func_difftime=yes
ac_cv_func_ecvt=yes
ac_cv_func_fcvt=yes
ac_cv_func_freeaddrinfo=yes
ac_cv_func_gai_strerror=yes
ac_cv_func_gcvt=yes
ac_cv_func_getaddrinfo=yes
ac_cv_func_getnameinfo=yes
ac_cv_func_getpagesize=yes
ac_cv_func_inet_aton=yes
ac_cv_func_inet_ntop=yes
ac_cv_func_isatty=yes
ac_cv_func_memcpy=yes
ac_cv_func_mmap_fixed_mapped=no
ac_cv_func_setenv=yes
ac_cv_func_setsid=yes
ac_cv_func_sigvec=yes
ac_cv_func_socket=yes
ac_cv_func_strcasecmp=yes
ac_cv_func_strerror=yes
ac_cv_func_strftime=yes
ac_cv_func_strsignal=yes
ac_cv_func_waitpid=yes
ac_cv_have_struct_addrinfo=yes
ac_cv_have_struct_in6_addr=yes
ac_cv_have_struct_sockaddr_in6=yes
ac_cv_have_struct_sockaddr_storage=yes
ac_cv_header_DNSServiceDiscovery_DNSServiceDiscovery_h=no
ac_cv_header_arpa_inet_h=yes
ac_cv_header_crypt_h=yes
ac_cv_header_ftw_h=yes
ac_cv_header_grp_h=yes
ac_cv_header_inttypes_h=yes
ac_cv_header_machine_reg_h=no
ac_cv_header_memory_h=yes
ac_cv_header_netdb_h=yes
ac_cv_header_rpc_pmap_clnt_h=yes
ac_cv_header_rpc_rpc_h=yes
ac_cv_header_rpc_rpcent_h=no
ac_cv_header_stdbool_h=yes
ac_cv_header_stdc=yes
ac_cv_header_stdint_h=yes
ac_cv_header_stdlib_h=yes
ac_cv_header_string_h=yes
ac_cv_header_strings_h=yes
ac_cv_header_sys_file_h=yes
ac_cv_header_sys_filio_h=no
ac_cv_header_sys_ioctl_h=yes
ac_cv_header_sys_resource_h=yes
ac_cv_header_sys_select_h=yes
ac_cv_header_sys_signal_h=yes
ac_cv_header_sys_socket_h=yes
ac_cv_header_sys_stat_h=yes
ac_cv_header_sys_termios_h=yes
ac_cv_header_sys_types_h=yes
ac_cv_header_termios_h=yes
ac_cv_header_unistd_h=yes
ac_cv_host=arm-hisiv200-linux-gnu
ac_cv_host_alias=arm-hisiv200-linux
ac_cv_lib_c_crypt=yes
ac_cv_lib_c_sys_siglist=yes
ac_cv_lib_compat_main=no
ac_cv_lib_crypt_main=yes
ac_cv_lib_m_log10=yes
ac_cv_objext=o
ac_cv_path_install='/usr/bin/install -c'
ac_cv_prog_CC=arm-hisiv200-linux-gcc
ac_cv_prog_CPP='arm-hisiv200-linux-gcc -E'
ac_cv_prog_RANLIB=arm-hisiv200-linux-ranlib
ac_cv_prog_cc_g=yes
ac_cv_prog_cc_stdc=
ac_cv_prog_egrep='grep -E'
ac_cv_search_gethostbyname='none required'
ac_cv_search_getnameinfo='none required'
ac_cv_search_inet_ntop='none required'
ac_cv_target=arm-hisiv200-linux-gnu
ac_cv_target_alias=arm-hisiv200-linux
xinetd_cv_type_gid_t=yes
xinetd_cv_type_rlim_t=yes
xinetd_cv_type_socklen_t=yes
xinetd_cv_type_uid_t=yes
xinetd_cv_type_uint16_t=yes
xinetd_cv_type_uint32_t=yes
xinetd_cv_type_uint64_t=yes

## ----------------- ##
## Output variables. ##
## ----------------- ##

CC='arm-hisiv200-linux-gcc'
CFLAGS=' 		-O2 		-I/opt/hisi-linux/x86-arm/arm-hisiv200-linux/target/usr/include 		-I/home/hisisdk/histb/source/rootfs/usr/include -I/home/hisisdk/histb/source/rootfs/usr/local/include 		-I/home/hisisdk/histb/autelan/fakerelease/usr/include -I/home/hisisdk/histb/autelan/fakerelease/usr/local/include 		'
CPP='arm-hisiv200-linux-gcc -E'
CPPFLAGS=''
DEFS='-DHAVE_CONFIG_H'
ECHO_C=''
ECHO_N='-n'
ECHO_T=''
EGREP='grep -E'
EXEEXT=''
INSTALL_DATA='${INSTALL} -m 644'
INSTALL_PROGRAM='${INSTALL}'
INSTALL_SCRIPT='${INSTALL}'
LDFLAGS=' 		-L/opt/hisi-linux/x86-arm/arm-hisiv200-linux/target/lib -L/opt/hisi-linux/x86-arm/arm-hisiv200-linux/target/usr/lib 		-L/home/hisisdk/histb/source/rootfs/lib -L/home/hisisdk/histb/source/rootfs/user/lib -L/home/hisisdk/histb/source/rootfs/user/local/lib 		'
LIBOBJS=''
LIBS='-lm -lcrypt '
LTLIBOBJS=''
OBJEXT='o'
PACKAGE_BUGREPORT=''
PACKAGE_NAME=''
PACKAGE_STRING=''
PACKAGE_TARNAME=''
PACKAGE_VERSION=''
PATH_SEPARATOR=':'
RANLIB='arm-hisiv200-linux-ranlib'
SHELL='/bin/sh'
ac_ct_CC=''
ac_ct_RANLIB=''
bindir='/home/hisisdk/histb/autelan/release/bin'
build='i686-pc-linux-gnu'
build_alias=''
build_cpu='i686'
build_os='linux-gnu'
build_vendor='pc'
datadir='${prefix}/share'
exec_prefix='${prefix}'
host='arm-hisiv200-linux-gnu'
host_alias='arm-hisiv200-linux'
host_cpu='arm'
host_os='linux-gnu'
host_vendor='hisiv200'
includedir='/home/hisisdk/histb/autelan/fakerelease/include'
infodir='/home/hisisdk/histb/autelan/fakerelease/share/info'
libdir='/home/hisisdk/histb/autelan/release/lib'
libexecdir='/home/hisisdk/histb/autelan/release/libexec'
localstatedir='/home/hisisdk/histb/autelan/release/var'
mandir='/home/hisisdk/histb/autelan/fakerelease/share/man'
oldincludedir='/usr/include'
prefix='/home/hisisdk/histb/autelan/release'
program_transform_name='s,x,x,'
sbindir='/home/hisisdk/histb/autelan/release/sbin'
sharedstatedir='${prefix}/com'
sysconfdir='/home/hisisdk/histb/autelan/release/etc'
target='arm-hisiv200-linux-gnu'
target_alias=''
target_cpu='arm'
target_os='linux-gnu'
target_vendor='hisiv200'

## ----------- ##
## confdefs.h. ##
## ----------- ##

#define HAVE_ARPA_INET_H 1
#define HAVE_CRYPT_H 1
#define HAVE_DIFFTIME 1
#define HAVE_ECVT 1
#define HAVE_FCVT 1
#define HAVE_FREEADDRINFO 1
#define HAVE_FTW_H 1
#define HAVE_GAI_STRERROR 1
#define HAVE_GCVT 1
#define HAVE_GETADDRINFO 1
#define HAVE_GETNAMEINFO 1
#define HAVE_GETPAGESIZE 1
#define HAVE_GRP_H 1
#define HAVE_INET_NTOP 1
#define HAVE_INTTYPES_H 1
#define HAVE_ISATTY 1
#define HAVE_LIBCRYPT 1
#define HAVE_MEMCPY 1
#define HAVE_MEMORY_H 1
#define HAVE_NETDB_H 1
#define HAVE_RPC_PMAP_CLNT_H 1
#define HAVE_RPC_RPC_H 1
#define HAVE_SETENV 1
#define HAVE_SETSID 1
#define HAVE_SIGVEC 1
#define HAVE_STDBOOL_H 1
#define HAVE_STDINT_H 1
#define HAVE_STDINT_H 1
#define HAVE_STDLIB_H 1
#define HAVE_STDLIB_H 1
#define HAVE_STRCASECMP 1
#define HAVE_STRERROR 1
#define HAVE_STRFTIME 1
#define HAVE_STRINGS_H 1
#define HAVE_STRING_H 1
#define HAVE_STRSIGNAL 1
#define HAVE_STRUCT_ADDRINFO 1
#define HAVE_STRUCT_IN6_ADDR 1
#define HAVE_STRUCT_SOCKADDR_IN6 1
#define HAVE_STRUCT_SOCKADDR_STORAGE 1
#define HAVE_SYS_FILE_H 1
#define HAVE_SYS_IOCTL_H 1
#define HAVE_SYS_RESOURCE_H 1
#define HAVE_SYS_SELECT_H 1
#define HAVE_SYS_SIGLIST 1
#define HAVE_SYS_SIGNAL_H 1
#define HAVE_SYS_SOCKET_H 1
#define HAVE_SYS_STAT_H 1
#define HAVE_SYS_TERMIOS_H 1
#define HAVE_SYS_TYPES_H 1
#define HAVE_SYS_TYPES_H 1
#define HAVE_TERMIOS_H 1
#define HAVE_UNISTD_H 1
#define HAVE_UNISTD_H 1
#define HAVE_WAITPID 1
#define PACKAGE_BUGREPORT ""
#define PACKAGE_NAME ""
#define PACKAGE_STRING ""
#define PACKAGE_TARNAME ""
#define PACKAGE_VERSION ""
#define STDC_HEADERS 1

configure: exit 0
