This file contains any messages produced by compilers while
running configure, to aid debugging if configure makes a mistake.

It was created by configure, which was
generated by GNU Autoconf 2.69.  Invocation command line was

  $ ./configure --host=arm-hisiv200-linux --prefix=/home/hisisdk/histb/autelan/release/usr --bindir=/home/hisisdk/histb/autelan/release/usr/bin --sbindir=/home/hisisdk/histb/autelan/release/usr/sbin --libexecdir=/home/hisisdk/histb/autelan/release/usr/libexec --sysconfdir=/home/hisisdk/histb/autelan/release/usr/etc --localstatedir=/home/hisisdk/histb/autelan/release/usr/var --libdir=/home/hisisdk/histb/autelan/release/usr/lib --includedir=/home/hisisdk/histb/autelan/fakerelease/usr/include --datarootdir=/home/hisisdk/histb/autelan/fakerelease/usr/share --datadir=/home/hisisdk/histb/autelan/fakerelease/usr/share --infodir=/home/hisisdk/histb/autelan/fakerelease/usr/share/info --localedir=/home/hisisdk/histb/autelan/fakerelease/usr/share/local --mandir=/home/hisisdk/histb/autelan/fakerelease/usr/share/man --docdir=/home/hisisdk/histb/autelan/fakerelease/usr/share/doc/bash --htmldir=/home/hisisdk/histb/autelan/fakerelease/usr/share/doc --dvidir=/home/hisisdk/histb/autelan/fakerelease/usr/share/doc --pdfdir=/home/hisisdk/histb/autelan/fakerelease/usr/share/doc --psdir=/home/hisisdk/histb/autelan/fakerelease/usr/share/doc --disable-doxygen --disable-dot --disable-html-docs --disable-latex-docs --disable-static --disable-maintainer-mode

## --------- ##
## Platform. ##
## --------- ##

hostname = debian6
uname -m = i686
uname -r = 2.6.32-5-686
uname -s = Linux
uname -v = #1 SMP Sun May 6 04:01:19 UTC 2012

/usr/bin/uname -p = unknown
/bin/uname -X     = unknown

/bin/arch              = unknown
/usr/bin/arch -k       = unknown
/usr/convex/getsysinfo = unknown
/usr/bin/hostinfo      = unknown
/bin/machine           = unknown
/usr/bin/oslevel       = unknown
/bin/universe          = unknown

PATH: /opt/hisi-linux/x86-arm/arm-hisiv200-linux/target/bin
PATH: /usr/local/bin
PATH: /usr/bin
PATH: /bin
PATH: /usr/local/games
PATH: /usr/games


## ----------- ##
## Core tests. ##
## ----------- ##

configure:2522: checking for arm-hisiv200-linux-gcc
configure:2549: result: arm-hisiv200-linux-gcc
configure:2818: checking for C compiler version
configure:2827: arm-hisiv200-linux-gcc --version >&5
arm-hisiv200-linux-gcc (Hisilicon_v200(gcc4.4-290+glibc-2.11+eabi+nptl)) 4.4.1
Copyright (C) 2009 Free Software Foundation, Inc.
This is free software; see the source for copying conditions.  There is NO
warranty; not even for MERCHANTABILITY or FITNESS FOR A PARTICULAR PURPOSE.

configure:2838: $? = 0
configure:2827: arm-hisiv200-linux-gcc -v >&5
Using built-in specs.
Target: arm-hisiv200-linux-gnueabi
Configured with: ../gcc-4.4-2010q1/configure --host=i686-pc-linux-gnu --build=i686-pc-linux-gnu --target=arm-hisiv200-linux-gnueabi --prefix=/home/c00132816/toolchain_glibc/install/arm-hisiv200-linux --enable-threads --disable-libmudflap --disable-libssp --disable-libstdcxx-pch --with-arch=armv5te --with-gnu-as --with-gnu-ld --enable-languages=c,c++ --enable-shared --enable-lto --enable-symvers=gnu --enable-__cxa_atexit --disable-nls --enable-extra-hisi-multilibs --with-sysroot=/home/c00132816/toolchain_glibc/install/arm-hisiv200-linux/target --with-build-sysroot=/home/c00132816/toolchain_glibc/install/arm-hisiv200-linux/target --with-gmp=/home/c00132816/toolchain_glibc/install/host_lib --with-mpfr=/home/c00132816/toolchain_glibc/install/host_lib --with-ppl=/home/c00132816/toolchain_glibc/install/host_lib --with-cloog=/home/c00132816/toolchain_glibc/install/host_lib --with-libelf=/home/c00132816/toolchain_glibc/install/host_lib --with-host-libstdcxx='-static-libgcc -Wl,-Bstatic,-lstdc++,-Bstatic -lm' --enable-libgomp --enable-poison-system-directories --with-libelf=/home/c00132816/toolchain_glibc/install/host_lib --with-pkgversion='Hisilicon_v200(gcc4.4-290+glibc-2.11+eabi+nptl)' --with-bugurl=http://www.hisilicon.com/cn/service/claim.html
Thread model: posix
gcc version 4.4.1 (Hisilicon_v200(gcc4.4-290+glibc-2.11+eabi+nptl)) 
configure:2838: $? = 0
configure:2827: arm-hisiv200-linux-gcc -V >&5
arm-hisiv200-linux-gcc: '-V' option must have argument
configure:2838: $? = 1
configure:2827: arm-hisiv200-linux-gcc -qversion >&5
arm-hisiv200-linux-gcc: unrecognized option '-qversion'
arm-hisiv200-linux-gcc: no input files
configure:2838: $? = 1
configure:2858: checking whether the C compiler works
configure:2880: arm-hisiv200-linux-gcc  		-O2 		-I/opt/hisi-linux/x86-arm/arm-hisiv200-linux/target/usr/include 		-I/home/hisisdk/histb/autelan/fakerelease/usr/include -I/home/hisisdk/histb/autelan/fakerelease/usr/local/include 		   		-L/opt/hisi-linux/x86-arm/arm-hisiv200-linux/target/lib -L/opt/hisi-linux/x86-arm/arm-hisiv200-linux/target/usr/lib 		-L/home/hisisdk/histb/autelan/release/lib -L/home/hisisdk/histb/autelan/release/usr/lib -L/home/hisisdk/histb/autelan/release/usr/local/lib 		 conftest.c  >&5
configure:2884: $? = 0
configure:2932: result: yes
configure:2935: checking for C compiler default output file name
configure:2937: result: a.out
configure:2943: checking for suffix of executables
configure:2950: arm-hisiv200-linux-gcc -o conftest  		-O2 		-I/opt/hisi-linux/x86-arm/arm-hisiv200-linux/target/usr/include 		-I/home/hisisdk/histb/autelan/fakerelease/usr/include -I/home/hisisdk/histb/autelan/fakerelease/usr/local/include 		   		-L/opt/hisi-linux/x86-arm/arm-hisiv200-linux/target/lib -L/opt/hisi-linux/x86-arm/arm-hisiv200-linux/target/usr/lib 		-L/home/hisisdk/histb/autelan/release/lib -L/home/hisisdk/histb/autelan/release/usr/lib -L/home/hisisdk/histb/autelan/release/usr/local/lib 		 conftest.c  >&5
configure:2954: $? = 0
configure:2976: result: 
configure:2998: checking whether we are cross compiling
configure:3006: arm-hisiv200-linux-gcc -o conftest  		-O2 		-I/opt/hisi-linux/x86-arm/arm-hisiv200-linux/target/usr/include 		-I/home/hisisdk/histb/autelan/fakerelease/usr/include -I/home/hisisdk/histb/autelan/fakerelease/usr/local/include 		   		-L/opt/hisi-linux/x86-arm/arm-hisiv200-linux/target/lib -L/opt/hisi-linux/x86-arm/arm-hisiv200-linux/target/usr/lib 		-L/home/hisisdk/histb/autelan/release/lib -L/home/hisisdk/histb/autelan/release/usr/lib -L/home/hisisdk/histb/autelan/release/usr/local/lib 		 conftest.c  >&5
configure:3010: $? = 0
configure:3017: ./conftest
./configure: line 3019: ./conftest: cannot execute binary file
configure:3021: $? = 126
configure:3036: result: yes
configure:3041: checking for suffix of object files
configure:3063: arm-hisiv200-linux-gcc -c  		-O2 		-I/opt/hisi-linux/x86-arm/arm-hisiv200-linux/target/usr/include 		-I/home/hisisdk/histb/autelan/fakerelease/usr/include -I/home/hisisdk/histb/autelan/fakerelease/usr/local/include 		  conftest.c >&5
configure:3067: $? = 0
configure:3088: result: o
configure:3092: checking whether we are using the GNU C compiler
configure:3111: arm-hisiv200-linux-gcc -c  		-O2 		-I/opt/hisi-linux/x86-arm/arm-hisiv200-linux/target/usr/include 		-I/home/hisisdk/histb/autelan/fakerelease/usr/include -I/home/hisisdk/histb/autelan/fakerelease/usr/local/include 		  conftest.c >&5
configure:3111: $? = 0
configure:3120: result: yes
configure:3129: checking whether arm-hisiv200-linux-gcc accepts -g
configure:3149: arm-hisiv200-linux-gcc -c -g  conftest.c >&5
configure:3149: $? = 0
configure:3190: result: yes
configure:3207: checking for arm-hisiv200-linux-gcc option to accept ISO C89
configure:3270: arm-hisiv200-linux-gcc  -c  		-O2 		-I/opt/hisi-linux/x86-arm/arm-hisiv200-linux/target/usr/include 		-I/home/hisisdk/histb/autelan/fakerelease/usr/include -I/home/hisisdk/histb/autelan/fakerelease/usr/local/include 		  conftest.c >&5
configure:3270: $? = 0
configure:3283: result: none needed
configure:3415: checking for C++ compiler version
configure:3424: arm-hisiv200-linux-g++ --version >&5
arm-hisiv200-linux-g++ (Hisilicon_v200(gcc4.4-290+glibc-2.11+eabi+nptl)) 4.4.1
Copyright (C) 2009 Free Software Foundation, Inc.
This is free software; see the source for copying conditions.  There is NO
warranty; not even for MERCHANTABILITY or FITNESS FOR A PARTICULAR PURPOSE.

configure:3435: $? = 0
configure:3424: arm-hisiv200-linux-g++ -v >&5
Using built-in specs.
Target: arm-hisiv200-linux-gnueabi
Configured with: ../gcc-4.4-2010q1/configure --host=i686-pc-linux-gnu --build=i686-pc-linux-gnu --target=arm-hisiv200-linux-gnueabi --prefix=/home/c00132816/toolchain_glibc/install/arm-hisiv200-linux --enable-threads --disable-libmudflap --disable-libssp --disable-libstdcxx-pch --with-arch=armv5te --with-gnu-as --with-gnu-ld --enable-languages=c,c++ --enable-shared --enable-lto --enable-symvers=gnu --enable-__cxa_atexit --disable-nls --enable-extra-hisi-multilibs --with-sysroot=/home/c00132816/toolchain_glibc/install/arm-hisiv200-linux/target --with-build-sysroot=/home/c00132816/toolchain_glibc/install/arm-hisiv200-linux/target --with-gmp=/home/c00132816/toolchain_glibc/install/host_lib --with-mpfr=/home/c00132816/toolchain_glibc/install/host_lib --with-ppl=/home/c00132816/toolchain_glibc/install/host_lib --with-cloog=/home/c00132816/toolchain_glibc/install/host_lib --with-libelf=/home/c00132816/toolchain_glibc/install/host_lib --with-host-libstdcxx='-static-libgcc -Wl,-Bstatic,-lstdc++,-Bstatic -lm' --enable-libgomp --enable-poison-system-directories --with-libelf=/home/c00132816/toolchain_glibc/install/host_lib --with-pkgversion='Hisilicon_v200(gcc4.4-290+glibc-2.11+eabi+nptl)' --with-bugurl=http://www.hisilicon.com/cn/service/claim.html
Thread model: posix
gcc version 4.4.1 (Hisilicon_v200(gcc4.4-290+glibc-2.11+eabi+nptl)) 
configure:3435: $? = 0
configure:3424: arm-hisiv200-linux-g++ -V >&5
arm-hisiv200-linux-g++: '-V' option must have argument
configure:3435: $? = 1
configure:3424: arm-hisiv200-linux-g++ -qversion >&5
arm-hisiv200-linux-g++: unrecognized option '-qversion'
arm-hisiv200-linux-g++: no input files
configure:3435: $? = 1
configure:3439: checking whether we are using the GNU C++ compiler
configure:3458: arm-hisiv200-linux-g++ -c   conftest.cpp >&5
configure:3458: $? = 0
configure:3467: result: yes
configure:3476: checking whether arm-hisiv200-linux-g++ accepts -g
configure:3496: arm-hisiv200-linux-g++ -c -g  conftest.cpp >&5
configure:3496: $? = 0
configure:3537: result: yes
configure:3589: checking for a BSD-compatible install
configure:3657: result: /usr/bin/install -c
configure:3668: checking whether build environment is sane
configure:3718: result: yes
configure:3767: checking for arm-hisiv200-linux-strip
configure:3783: found /opt/hisi-linux/x86-arm/arm-hisiv200-linux/target/bin/arm-hisiv200-linux-strip
configure:3794: result: arm-hisiv200-linux-strip
configure:3859: checking for a thread-safe mkdir -p
configure:3898: result: /bin/mkdir -p
configure:3911: checking for gawk
configure:3927: found /usr/bin/gawk
configure:3938: result: gawk
configure:3949: checking whether make sets $(MAKE)
configure:3971: result: yes
configure:4001: checking for style of include used by make
configure:4029: result: GNU
configure:4114: checking dependency style of arm-hisiv200-linux-gcc
configure:4224: result: gcc3
configure:4241: checking dependency style of arm-hisiv200-linux-g++
configure:4351: result: gcc3
configure:4370: checking whether to enable maintainer-specific portions of Makefiles
configure:4379: result: no
configure:4428: checking build system type
configure:4442: result: i686-pc-linux-gnu
configure:4462: checking host system type
configure:4475: result: arm-hisiv200-linux-gnu
configure:4495: checking for a sed that does not truncate output
configure:4559: result: /bin/sed
configure:4577: checking for grep that handles long lines and -e
configure:4635: result: /bin/grep
configure:4640: checking for egrep
configure:4702: result: /bin/grep -E
configure:4707: checking for fgrep
configure:4769: result: /bin/grep -F
configure:4804: checking for ld used by arm-hisiv200-linux-gcc
configure:4871: result: /opt/hisi-linux/x86-arm/arm-hisiv200-linux/arm-hisiv200-linux-gnueabi/bin/ld
configure:4878: checking if the linker (/opt/hisi-linux/x86-arm/arm-hisiv200-linux/arm-hisiv200-linux-gnueabi/bin/ld) is GNU ld
configure:4893: result: yes
configure:4905: checking for BSD- or MS-compatible name lister (nm)
configure:4954: result: /opt/hisi-linux/x86-arm/arm-hisiv200-linux/target/bin/arm-hisiv200-linux-nm -B
configure:5072: checking the name lister (/opt/hisi-linux/x86-arm/arm-hisiv200-linux/target/bin/arm-hisiv200-linux-nm -B) interface
configure:5079: arm-hisiv200-linux-gcc -c  		-O2 		-I/opt/hisi-linux/x86-arm/arm-hisiv200-linux/target/usr/include 		-I/home/hisisdk/histb/autelan/fakerelease/usr/include -I/home/hisisdk/histb/autelan/fakerelease/usr/local/include 		  conftest.c >&5
configure:5082: /opt/hisi-linux/x86-arm/arm-hisiv200-linux/target/bin/arm-hisiv200-linux-nm -B "conftest.o"
configure:5085: output
00000000 B some_variable
configure:5092: result: BSD nm
configure:5095: checking whether ln -s works
configure:5099: result: yes
configure:5107: checking the maximum length of command line arguments
configure:5227: result: 1572864
configure:5244: checking whether the shell understands some XSI constructs
configure:5254: result: yes
configure:5258: checking whether the shell understands "+="
configure:5264: result: yes
configure:5299: checking for /opt/hisi-linux/x86-arm/arm-hisiv200-linux/arm-hisiv200-linux-gnueabi/bin/ld option to reload object files
configure:5306: result: -r
configure:5335: checking for arm-hisiv200-linux-objdump
configure:5351: found /opt/hisi-linux/x86-arm/arm-hisiv200-linux/target/bin/arm-hisiv200-linux-objdump
configure:5362: result: arm-hisiv200-linux-objdump
configure:5434: checking how to recognize dependent libraries
configure:5630: result: pass_all
configure:5650: checking for arm-hisiv200-linux-ar
configure:5666: found /opt/hisi-linux/x86-arm/arm-hisiv200-linux/target/bin/arm-hisiv200-linux-ar
configure:5677: result: arm-hisiv200-linux-ar
configure:5755: checking for arm-hisiv200-linux-strip
configure:5782: result: arm-hisiv200-linux-strip
configure:5854: checking for arm-hisiv200-linux-ranlib
configure:5870: found /opt/hisi-linux/x86-arm/arm-hisiv200-linux/target/bin/arm-hisiv200-linux-ranlib
configure:5881: result: arm-hisiv200-linux-ranlib
configure:6011: checking command to parse /opt/hisi-linux/x86-arm/arm-hisiv200-linux/target/bin/arm-hisiv200-linux-nm -B output from arm-hisiv200-linux-gcc object
configure:6129: arm-hisiv200-linux-gcc -c  		-O2 		-I/opt/hisi-linux/x86-arm/arm-hisiv200-linux/target/usr/include 		-I/home/hisisdk/histb/autelan/fakerelease/usr/include -I/home/hisisdk/histb/autelan/fakerelease/usr/local/include 		  conftest.c >&5
configure:6132: $? = 0
configure:6136: /opt/hisi-linux/x86-arm/arm-hisiv200-linux/target/bin/arm-hisiv200-linux-nm -B conftest.o \| sed -n -e 's/^.*[	 ]\([ABCDGIRSTW][ABCDGIRSTW]*\)[	 ][	 ]*\([_A-Za-z][_A-Za-z0-9]*\)$/\1 \2 \2/p' \> conftest.nm
configure:6139: $? = 0
configure:6193: arm-hisiv200-linux-gcc -o conftest  		-O2 		-I/opt/hisi-linux/x86-arm/arm-hisiv200-linux/target/usr/include 		-I/home/hisisdk/histb/autelan/fakerelease/usr/include -I/home/hisisdk/histb/autelan/fakerelease/usr/local/include 		   		-L/opt/hisi-linux/x86-arm/arm-hisiv200-linux/target/lib -L/opt/hisi-linux/x86-arm/arm-hisiv200-linux/target/usr/lib 		-L/home/hisisdk/histb/autelan/release/lib -L/home/hisisdk/histb/autelan/release/usr/lib -L/home/hisisdk/histb/autelan/release/usr/local/lib 		 conftest.c conftstm.o >&5
configure:6196: $? = 0
configure:6234: result: ok
configure:7043: checking how to run the C preprocessor
configure:7074: arm-hisiv200-linux-gcc -E  conftest.c
configure:7074: $? = 0
configure:7088: arm-hisiv200-linux-gcc -E  conftest.c
conftest.c:11: fatal error: ac_nonexistent.h: No such file or directory
compilation terminated.
configure:7088: $? = 1
configure: failed program was:
| /* confdefs.h */
| #define PACKAGE_NAME ""
| #define PACKAGE_TARNAME ""
| #define PACKAGE_VERSION ""
| #define PACKAGE_STRING ""
| #define PACKAGE_BUGREPORT ""
| #define PACKAGE_URL ""
| #define PACKAGE "wifidog"
| #define VERSION "20130917"
| /* end confdefs.h.  */
| #include <ac_nonexistent.h>
configure:7113: result: arm-hisiv200-linux-gcc -E
configure:7133: arm-hisiv200-linux-gcc -E  conftest.c
configure:7133: $? = 0
configure:7147: arm-hisiv200-linux-gcc -E  conftest.c
conftest.c:11: fatal error: ac_nonexistent.h: No such file or directory
compilation terminated.
configure:7147: $? = 1
configure: failed program was:
| /* confdefs.h */
| #define PACKAGE_NAME ""
| #define PACKAGE_TARNAME ""
| #define PACKAGE_VERSION ""
| #define PACKAGE_STRING ""
| #define PACKAGE_BUGREPORT ""
| #define PACKAGE_URL ""
| #define PACKAGE "wifidog"
| #define VERSION "20130917"
| /* end confdefs.h.  */
| #include <ac_nonexistent.h>
configure:7176: checking for ANSI C header files
configure:7196: arm-hisiv200-linux-gcc -c  		-O2 		-I/opt/hisi-linux/x86-arm/arm-hisiv200-linux/target/usr/include 		-I/home/hisisdk/histb/autelan/fakerelease/usr/include -I/home/hisisdk/histb/autelan/fakerelease/usr/local/include 		  conftest.c >&5
configure:7196: $? = 0
configure:7280: result: yes
configure:7293: checking for sys/types.h
configure:7293: arm-hisiv200-linux-gcc -c  		-O2 		-I/opt/hisi-linux/x86-arm/arm-hisiv200-linux/target/usr/include 		-I/home/hisisdk/histb/autelan/fakerelease/usr/include -I/home/hisisdk/histb/autelan/fakerelease/usr/local/include 		  conftest.c >&5
configure:7293: $? = 0
configure:7293: result: yes
configure:7293: checking for sys/stat.h
configure:7293: arm-hisiv200-linux-gcc -c  		-O2 		-I/opt/hisi-linux/x86-arm/arm-hisiv200-linux/target/usr/include 		-I/home/hisisdk/histb/autelan/fakerelease/usr/include -I/home/hisisdk/histb/autelan/fakerelease/usr/local/include 		  conftest.c >&5
configure:7293: $? = 0
configure:7293: result: yes
configure:7293: checking for stdlib.h
configure:7293: arm-hisiv200-linux-gcc -c  		-O2 		-I/opt/hisi-linux/x86-arm/arm-hisiv200-linux/target/usr/include 		-I/home/hisisdk/histb/autelan/fakerelease/usr/include -I/home/hisisdk/histb/autelan/fakerelease/usr/local/include 		  conftest.c >&5
configure:7293: $? = 0
configure:7293: result: yes
configure:7293: checking for string.h
configure:7293: arm-hisiv200-linux-gcc -c  		-O2 		-I/opt/hisi-linux/x86-arm/arm-hisiv200-linux/target/usr/include 		-I/home/hisisdk/histb/autelan/fakerelease/usr/include -I/home/hisisdk/histb/autelan/fakerelease/usr/local/include 		  conftest.c >&5
configure:7293: $? = 0
configure:7293: result: yes
configure:7293: checking for memory.h
configure:7293: arm-hisiv200-linux-gcc -c  		-O2 		-I/opt/hisi-linux/x86-arm/arm-hisiv200-linux/target/usr/include 		-I/home/hisisdk/histb/autelan/fakerelease/usr/include -I/home/hisisdk/histb/autelan/fakerelease/usr/local/include 		  conftest.c >&5
configure:7293: $? = 0
configure:7293: result: yes
configure:7293: checking for strings.h
configure:7293: arm-hisiv200-linux-gcc -c  		-O2 		-I/opt/hisi-linux/x86-arm/arm-hisiv200-linux/target/usr/include 		-I/home/hisisdk/histb/autelan/fakerelease/usr/include -I/home/hisisdk/histb/autelan/fakerelease/usr/local/include 		  conftest.c >&5
configure:7293: $? = 0
configure:7293: result: yes
configure:7293: checking for inttypes.h
configure:7293: arm-hisiv200-linux-gcc -c  		-O2 		-I/opt/hisi-linux/x86-arm/arm-hisiv200-linux/target/usr/include 		-I/home/hisisdk/histb/autelan/fakerelease/usr/include -I/home/hisisdk/histb/autelan/fakerelease/usr/local/include 		  conftest.c >&5
configure:7293: $? = 0
configure:7293: result: yes
configure:7293: checking for stdint.h
configure:7293: arm-hisiv200-linux-gcc -c  		-O2 		-I/opt/hisi-linux/x86-arm/arm-hisiv200-linux/target/usr/include 		-I/home/hisisdk/histb/autelan/fakerelease/usr/include -I/home/hisisdk/histb/autelan/fakerelease/usr/local/include 		  conftest.c >&5
configure:7293: $? = 0
configure:7293: result: yes
configure:7293: checking for unistd.h
configure:7293: arm-hisiv200-linux-gcc -c  		-O2 		-I/opt/hisi-linux/x86-arm/arm-hisiv200-linux/target/usr/include 		-I/home/hisisdk/histb/autelan/fakerelease/usr/include -I/home/hisisdk/histb/autelan/fakerelease/usr/local/include 		  conftest.c >&5
configure:7293: $? = 0
configure:7293: result: yes
configure:7307: checking for dlfcn.h
configure:7307: arm-hisiv200-linux-gcc -c  		-O2 		-I/opt/hisi-linux/x86-arm/arm-hisiv200-linux/target/usr/include 		-I/home/hisisdk/histb/autelan/fakerelease/usr/include -I/home/hisisdk/histb/autelan/fakerelease/usr/local/include 		  conftest.c >&5
configure:7307: $? = 0
configure:7307: result: yes
configure:7432: checking for C++ compiler version
configure:7441: arm-hisiv200-linux-g++ --version >&5
arm-hisiv200-linux-g++ (Hisilicon_v200(gcc4.4-290+glibc-2.11+eabi+nptl)) 4.4.1
Copyright (C) 2009 Free Software Foundation, Inc.
This is free software; see the source for copying conditions.  There is NO
warranty; not even for MERCHANTABILITY or FITNESS FOR A PARTICULAR PURPOSE.

configure:7452: $? = 0
configure:7441: arm-hisiv200-linux-g++ -v >&5
Using built-in specs.
Target: arm-hisiv200-linux-gnueabi
Configured with: ../gcc-4.4-2010q1/configure --host=i686-pc-linux-gnu --build=i686-pc-linux-gnu --target=arm-hisiv200-linux-gnueabi --prefix=/home/c00132816/toolchain_glibc/install/arm-hisiv200-linux --enable-threads --disable-libmudflap --disable-libssp --disable-libstdcxx-pch --with-arch=armv5te --with-gnu-as --with-gnu-ld --enable-languages=c,c++ --enable-shared --enable-lto --enable-symvers=gnu --enable-__cxa_atexit --disable-nls --enable-extra-hisi-multilibs --with-sysroot=/home/c00132816/toolchain_glibc/install/arm-hisiv200-linux/target --with-build-sysroot=/home/c00132816/toolchain_glibc/install/arm-hisiv200-linux/target --with-gmp=/home/c00132816/toolchain_glibc/install/host_lib --with-mpfr=/home/c00132816/toolchain_glibc/install/host_lib --with-ppl=/home/c00132816/toolchain_glibc/install/host_lib --with-cloog=/home/c00132816/toolchain_glibc/install/host_lib --with-libelf=/home/c00132816/toolchain_glibc/install/host_lib --with-host-libstdcxx='-static-libgcc -Wl,-Bstatic,-lstdc++,-Bstatic -lm' --enable-libgomp --enable-poison-system-directories --with-libelf=/home/c00132816/toolchain_glibc/install/host_lib --with-pkgversion='Hisilicon_v200(gcc4.4-290+glibc-2.11+eabi+nptl)' --with-bugurl=http://www.hisilicon.com/cn/service/claim.html
Thread model: posix
gcc version 4.4.1 (Hisilicon_v200(gcc4.4-290+glibc-2.11+eabi+nptl)) 
configure:7452: $? = 0
configure:7441: arm-hisiv200-linux-g++ -V >&5
arm-hisiv200-linux-g++: '-V' option must have argument
configure:7452: $? = 1
configure:7441: arm-hisiv200-linux-g++ -qversion >&5
arm-hisiv200-linux-g++: unrecognized option '-qversion'
arm-hisiv200-linux-g++: no input files
configure:7452: $? = 1
configure:7456: checking whether we are using the GNU C++ compiler
configure:7484: result: yes
configure:7493: checking whether arm-hisiv200-linux-g++ accepts -g
configure:7554: result: yes
configure:7585: checking how to run the C++ preprocessor
configure:7612: arm-hisiv200-linux-g++ -E  conftest.cpp
configure:7612: $? = 0
configure:7626: arm-hisiv200-linux-g++ -E  conftest.cpp
conftest.cpp:22: fatal error: ac_nonexistent.h: No such file or directory
compilation terminated.
configure:7626: $? = 1
configure: failed program was:
| /* confdefs.h */
| #define PACKAGE_NAME ""
| #define PACKAGE_TARNAME ""
| #define PACKAGE_VERSION ""
| #define PACKAGE_STRING ""
| #define PACKAGE_BUGREPORT ""
| #define PACKAGE_URL ""
| #define PACKAGE "wifidog"
| #define VERSION "20130917"
| #define STDC_HEADERS 1
| #define HAVE_SYS_TYPES_H 1
| #define HAVE_SYS_STAT_H 1
| #define HAVE_STDLIB_H 1
| #define HAVE_STRING_H 1
| #define HAVE_MEMORY_H 1
| #define HAVE_STRINGS_H 1
| #define HAVE_INTTYPES_H 1
| #define HAVE_STDINT_H 1
| #define HAVE_UNISTD_H 1
| #define HAVE_DLFCN_H 1
| /* end confdefs.h.  */
| #include <ac_nonexistent.h>
configure:7651: result: arm-hisiv200-linux-g++ -E
configure:7671: arm-hisiv200-linux-g++ -E  conftest.cpp
configure:7671: $? = 0
configure:7685: arm-hisiv200-linux-g++ -E  conftest.cpp
conftest.cpp:22: fatal error: ac_nonexistent.h: No such file or directory
compilation terminated.
configure:7685: $? = 1
configure: failed program was:
| /* confdefs.h */
| #define PACKAGE_NAME ""
| #define PACKAGE_TARNAME ""
| #define PACKAGE_VERSION ""
| #define PACKAGE_STRING ""
| #define PACKAGE_BUGREPORT ""
| #define PACKAGE_URL ""
| #define PACKAGE "wifidog"
| #define VERSION "20130917"
| #define STDC_HEADERS 1
| #define HAVE_SYS_TYPES_H 1
| #define HAVE_SYS_STAT_H 1
| #define HAVE_STDLIB_H 1
| #define HAVE_STRING_H 1
| #define HAVE_MEMORY_H 1
| #define HAVE_STRINGS_H 1
| #define HAVE_INTTYPES_H 1
| #define HAVE_STDINT_H 1
| #define HAVE_UNISTD_H 1
| #define HAVE_DLFCN_H 1
| /* end confdefs.h.  */
| #include <ac_nonexistent.h>
configure:7889: checking for objdir
configure:7904: result: .libs
configure:8196: checking if arm-hisiv200-linux-gcc supports -fno-rtti -fno-exceptions
configure:8214: arm-hisiv200-linux-gcc -c  		-O2 		-I/opt/hisi-linux/x86-arm/arm-hisiv200-linux/target/usr/include 		-I/home/hisisdk/histb/autelan/fakerelease/usr/include -I/home/hisisdk/histb/autelan/fakerelease/usr/local/include 		  -fno-rtti -fno-exceptions conftest.c >&5
cc1: warning: command line option "-fno-rtti" is valid for C++/ObjC++ but not for C
configure:8218: $? = 0
configure:8231: result: no
configure:8251: checking for arm-hisiv200-linux-gcc option to produce PIC
configure:8523: result: -fPIC -DPIC
configure:8535: checking if arm-hisiv200-linux-gcc PIC flag -fPIC -DPIC works
configure:8553: arm-hisiv200-linux-gcc -c  		-O2 		-I/opt/hisi-linux/x86-arm/arm-hisiv200-linux/target/usr/include 		-I/home/hisisdk/histb/autelan/fakerelease/usr/include -I/home/hisisdk/histb/autelan/fakerelease/usr/local/include 		  -fPIC -DPIC -DPIC conftest.c >&5
configure:8557: $? = 0
configure:8570: result: yes
configure:8594: checking if arm-hisiv200-linux-gcc static flag -static works
configure:8622: result: yes
configure:8637: checking if arm-hisiv200-linux-gcc supports -c -o file.o
configure:8658: arm-hisiv200-linux-gcc -c  		-O2 		-I/opt/hisi-linux/x86-arm/arm-hisiv200-linux/target/usr/include 		-I/home/hisisdk/histb/autelan/fakerelease/usr/include -I/home/hisisdk/histb/autelan/fakerelease/usr/local/include 		  -o out/conftest2.o conftest.c >&5
configure:8662: $? = 0
configure:8684: result: yes
configure:8692: checking if arm-hisiv200-linux-gcc supports -c -o file.o
configure:8739: result: yes
configure:8772: checking whether the arm-hisiv200-linux-gcc linker (/opt/hisi-linux/x86-arm/arm-hisiv200-linux/arm-hisiv200-linux-gnueabi/bin/ld) supports shared libraries
configure:9763: result: yes
configure:9800: checking whether -lc should be explicitly linked in
configure:9805: arm-hisiv200-linux-gcc -c  		-O2 		-I/opt/hisi-linux/x86-arm/arm-hisiv200-linux/target/usr/include 		-I/home/hisisdk/histb/autelan/fakerelease/usr/include -I/home/hisisdk/histb/autelan/fakerelease/usr/local/include 		  conftest.c >&5
configure:9808: $? = 0
configure:9823: arm-hisiv200-linux-gcc -shared conftest.o  -v -Wl,-soname -Wl,conftest -o conftest 2\>\&1 \| /bin/grep  -lc  \>/dev/null 2\>\&1
configure:9826: $? = 0
configure:9838: result: no
configure:10002: checking dynamic linker characteristics
configure:10435: arm-hisiv200-linux-gcc -o conftest  		-O2 		-I/opt/hisi-linux/x86-arm/arm-hisiv200-linux/target/usr/include 		-I/home/hisisdk/histb/autelan/fakerelease/usr/include -I/home/hisisdk/histb/autelan/fakerelease/usr/local/include 		   		-L/opt/hisi-linux/x86-arm/arm-hisiv200-linux/target/lib -L/opt/hisi-linux/x86-arm/arm-hisiv200-linux/target/usr/lib 		-L/home/hisisdk/histb/autelan/release/lib -L/home/hisisdk/histb/autelan/release/usr/lib -L/home/hisisdk/histb/autelan/release/usr/local/lib 		 -Wl,-rpath -Wl,/foo conftest.c  >&5
configure:10435: $? = 0
configure:10665: result: GNU/Linux ld.so
configure:10767: checking how to hardcode library paths into programs
configure:10792: result: immediate
configure:10886: checking for shl_load
configure:10886: arm-hisiv200-linux-gcc -o conftest  		-O2 		-I/opt/hisi-linux/x86-arm/arm-hisiv200-linux/target/usr/include 		-I/home/hisisdk/histb/autelan/fakerelease/usr/include -I/home/hisisdk/histb/autelan/fakerelease/usr/local/include 		   		-L/opt/hisi-linux/x86-arm/arm-hisiv200-linux/target/lib -L/opt/hisi-linux/x86-arm/arm-hisiv200-linux/target/usr/lib 		-L/home/hisisdk/histb/autelan/release/lib -L/home/hisisdk/histb/autelan/release/usr/lib -L/home/hisisdk/histb/autelan/release/usr/local/lib 		 conftest.c  >&5
/tmp/cc6nYK7c.o: In function `main':
conftest.c:(.text+0x4): undefined reference to `shl_load'
collect2: ld returned 1 exit status
configure:10886: $? = 1
configure: failed program was:
| /* confdefs.h */
| #define PACKAGE_NAME ""
| #define PACKAGE_TARNAME ""
| #define PACKAGE_VERSION ""
| #define PACKAGE_STRING ""
| #define PACKAGE_BUGREPORT ""
| #define PACKAGE_URL ""
| #define PACKAGE "wifidog"
| #define VERSION "20130917"
| #define STDC_HEADERS 1
| #define HAVE_SYS_TYPES_H 1
| #define HAVE_SYS_STAT_H 1
| #define HAVE_STDLIB_H 1
| #define HAVE_STRING_H 1
| #define HAVE_MEMORY_H 1
| #define HAVE_STRINGS_H 1
| #define HAVE_INTTYPES_H 1
| #define HAVE_STDINT_H 1
| #define HAVE_UNISTD_H 1
| #define HAVE_DLFCN_H 1
| #define LT_OBJDIR ".libs/"
| /* end confdefs.h.  */
| /* Define shl_load to an innocuous variant, in case <limits.h> declares shl_load.
|    For example, HP-UX 11i <limits.h> declares gettimeofday.  */
| #define shl_load innocuous_shl_load
| 
| /* System header to define __stub macros and hopefully few prototypes,
|     which can conflict with char shl_load (); below.
|     Prefer <limits.h> to <assert.h> if __STDC__ is defined, since
|     <limits.h> exists even on freestanding compilers.  */
| 
| #ifdef __STDC__
| # include <limits.h>
| #else
| # include <assert.h>
| #endif
| 
| #undef shl_load
| 
| /* Override any GCC internal prototype to avoid an error.
|    Use char because int might match the return type of a GCC
|    builtin and then its argument prototype would still apply.  */
| #ifdef __cplusplus
| extern "C"
| #endif
| char shl_load ();
| /* The GNU C library defines this for functions which it implements
|     to always fail with ENOSYS.  Some functions are actually named
|     something starting with __ and the normal name is an alias.  */
| #if defined __stub_shl_load || defined __stub___shl_load
| choke me
| #endif
| 
| int
| main ()
| {
| return shl_load ();
|   ;
|   return 0;
| }
configure:10886: result: no
configure:10890: checking for shl_load in -ldld
configure:10915: arm-hisiv200-linux-gcc -o conftest  		-O2 		-I/opt/hisi-linux/x86-arm/arm-hisiv200-linux/target/usr/include 		-I/home/hisisdk/histb/autelan/fakerelease/usr/include -I/home/hisisdk/histb/autelan/fakerelease/usr/local/include 		   		-L/opt/hisi-linux/x86-arm/arm-hisiv200-linux/target/lib -L/opt/hisi-linux/x86-arm/arm-hisiv200-linux/target/usr/lib 		-L/home/hisisdk/histb/autelan/release/lib -L/home/hisisdk/histb/autelan/release/usr/lib -L/home/hisisdk/histb/autelan/release/usr/local/lib 		 conftest.c -ldld   >&5
/opt/hisi-linux/x86-arm/arm-hisiv200-linux/bin/../lib/gcc/arm-hisiv200-linux-gnueabi/4.4.1/../../../../arm-hisiv200-linux-gnueabi/bin/ld: cannot find -ldld
collect2: ld returned 1 exit status
configure:10915: $? = 1
configure: failed program was:
| /* confdefs.h */
| #define PACKAGE_NAME ""
| #define PACKAGE_TARNAME ""
| #define PACKAGE_VERSION ""
| #define PACKAGE_STRING ""
| #define PACKAGE_BUGREPORT ""
| #define PACKAGE_URL ""
| #define PACKAGE "wifidog"
| #define VERSION "20130917"
| #define STDC_HEADERS 1
| #define HAVE_SYS_TYPES_H 1
| #define HAVE_SYS_STAT_H 1
| #define HAVE_STDLIB_H 1
| #define HAVE_STRING_H 1
| #define HAVE_MEMORY_H 1
| #define HAVE_STRINGS_H 1
| #define HAVE_INTTYPES_H 1
| #define HAVE_STDINT_H 1
| #define HAVE_UNISTD_H 1
| #define HAVE_DLFCN_H 1
| #define LT_OBJDIR ".libs/"
| /* end confdefs.h.  */
| 
| /* Override any GCC internal prototype to avoid an error.
|    Use char because int might match the return type of a GCC
|    builtin and then its argument prototype would still apply.  */
| #ifdef __cplusplus
| extern "C"
| #endif
| char shl_load ();
| int
| main ()
| {
| return shl_load ();
|   ;
|   return 0;
| }
configure:10924: result: no
configure:10929: checking for dlopen
configure:10929: arm-hisiv200-linux-gcc -o conftest  		-O2 		-I/opt/hisi-linux/x86-arm/arm-hisiv200-linux/target/usr/include 		-I/home/hisisdk/histb/autelan/fakerelease/usr/include -I/home/hisisdk/histb/autelan/fakerelease/usr/local/include 		   		-L/opt/hisi-linux/x86-arm/arm-hisiv200-linux/target/lib -L/opt/hisi-linux/x86-arm/arm-hisiv200-linux/target/usr/lib 		-L/home/hisisdk/histb/autelan/release/lib -L/home/hisisdk/histb/autelan/release/usr/lib -L/home/hisisdk/histb/autelan/release/usr/local/lib 		 conftest.c  >&5
/tmp/cc42tVXi.o: In function `main':
conftest.c:(.text+0x4): undefined reference to `dlopen'
collect2: ld returned 1 exit status
configure:10929: $? = 1
configure: failed program was:
| /* confdefs.h */
| #define PACKAGE_NAME ""
| #define PACKAGE_TARNAME ""
| #define PACKAGE_VERSION ""
| #define PACKAGE_STRING ""
| #define PACKAGE_BUGREPORT ""
| #define PACKAGE_URL ""
| #define PACKAGE "wifidog"
| #define VERSION "20130917"
| #define STDC_HEADERS 1
| #define HAVE_SYS_TYPES_H 1
| #define HAVE_SYS_STAT_H 1
| #define HAVE_STDLIB_H 1
| #define HAVE_STRING_H 1
| #define HAVE_MEMORY_H 1
| #define HAVE_STRINGS_H 1
| #define HAVE_INTTYPES_H 1
| #define HAVE_STDINT_H 1
| #define HAVE_UNISTD_H 1
| #define HAVE_DLFCN_H 1
| #define LT_OBJDIR ".libs/"
| /* end confdefs.h.  */
| /* Define dlopen to an innocuous variant, in case <limits.h> declares dlopen.
|    For example, HP-UX 11i <limits.h> declares gettimeofday.  */
| #define dlopen innocuous_dlopen
| 
| /* System header to define __stub macros and hopefully few prototypes,
|     which can conflict with char dlopen (); below.
|     Prefer <limits.h> to <assert.h> if __STDC__ is defined, since
|     <limits.h> exists even on freestanding compilers.  */
| 
| #ifdef __STDC__
| # include <limits.h>
| #else
| # include <assert.h>
| #endif
| 
| #undef dlopen
| 
| /* Override any GCC internal prototype to avoid an error.
|    Use char because int might match the return type of a GCC
|    builtin and then its argument prototype would still apply.  */
| #ifdef __cplusplus
| extern "C"
| #endif
| char dlopen ();
| /* The GNU C library defines this for functions which it implements
|     to always fail with ENOSYS.  Some functions are actually named
|     something starting with __ and the normal name is an alias.  */
| #if defined __stub_dlopen || defined __stub___dlopen
| choke me
| #endif
| 
| int
| main ()
| {
| return dlopen ();
|   ;
|   return 0;
| }
configure:10929: result: no
configure:10933: checking for dlopen in -ldl
configure:10958: arm-hisiv200-linux-gcc -o conftest  		-O2 		-I/opt/hisi-linux/x86-arm/arm-hisiv200-linux/target/usr/include 		-I/home/hisisdk/histb/autelan/fakerelease/usr/include -I/home/hisisdk/histb/autelan/fakerelease/usr/local/include 		   		-L/opt/hisi-linux/x86-arm/arm-hisiv200-linux/target/lib -L/opt/hisi-linux/x86-arm/arm-hisiv200-linux/target/usr/lib 		-L/home/hisisdk/histb/autelan/release/lib -L/home/hisisdk/histb/autelan/release/usr/lib -L/home/hisisdk/histb/autelan/release/usr/local/lib 		 conftest.c -ldl   >&5
configure:10958: $? = 0
configure:10967: result: yes
configure:11086: checking whether a program can dlopen itself
configure:11177: result: cross
configure:11312: checking whether stripping libraries is possible
configure:11317: result: yes
configure:11352: checking if libtool supports shared libraries
configure:11354: result: yes
configure:11357: checking whether to build shared libraries
configure:11378: result: yes
configure:11381: checking whether to build static libraries
configure:11385: result: no
configure:11535: checking for ld used by arm-hisiv200-linux-g++
configure:11602: result: /opt/hisi-linux/x86-arm/arm-hisiv200-linux/arm-hisiv200-linux-gnueabi/bin/ld
configure:11609: checking if the linker (/opt/hisi-linux/x86-arm/arm-hisiv200-linux/arm-hisiv200-linux-gnueabi/bin/ld) is GNU ld
configure:11624: result: yes
configure:11679: checking whether the arm-hisiv200-linux-g++ linker (/opt/hisi-linux/x86-arm/arm-hisiv200-linux/arm-hisiv200-linux-gnueabi/bin/ld) supports shared libraries
configure:12592: result: yes
configure:12620: arm-hisiv200-linux-g++ -c -g -O2  conftest.cpp >&5
configure:12623: $? = 0
configure:12805: checking for arm-hisiv200-linux-g++ option to produce PIC
configure:13122: result: -fPIC -DPIC
configure:13131: checking if arm-hisiv200-linux-g++ PIC flag -fPIC -DPIC works
configure:13149: arm-hisiv200-linux-g++ -c -g -O2  -fPIC -DPIC -DPIC conftest.cpp >&5
configure:13153: $? = 0
configure:13166: result: yes
configure:13187: checking if arm-hisiv200-linux-g++ static flag -static works
configure:13215: result: yes
configure:13227: checking if arm-hisiv200-linux-g++ supports -c -o file.o
configure:13248: arm-hisiv200-linux-g++ -c -g -O2  -o out/conftest2.o conftest.cpp >&5
configure:13252: $? = 0
configure:13274: result: yes
configure:13279: checking if arm-hisiv200-linux-g++ supports -c -o file.o
configure:13326: result: yes
configure:13356: checking whether the arm-hisiv200-linux-g++ linker (/opt/hisi-linux/x86-arm/arm-hisiv200-linux/arm-hisiv200-linux-gnueabi/bin/ld) supports shared libraries
configure:13385: result: yes
configure:13522: checking dynamic linker characteristics
configure:13903: arm-hisiv200-linux-g++ -o conftest -g -O2   		-L/opt/hisi-linux/x86-arm/arm-hisiv200-linux/target/lib -L/opt/hisi-linux/x86-arm/arm-hisiv200-linux/target/usr/lib 		-L/home/hisisdk/histb/autelan/release/lib -L/home/hisisdk/histb/autelan/release/usr/lib -L/home/hisisdk/histb/autelan/release/usr/local/lib 		 -Wl,-rpath -Wl,/foo conftest.cpp  >&5
configure:13903: $? = 0
configure:14133: result: GNU/Linux ld.so
configure:14184: checking how to hardcode library paths into programs
configure:14209: result: immediate
configure:14268: checking for library containing strerror
configure:14299: arm-hisiv200-linux-gcc -o conftest  		-O2 		-I/opt/hisi-linux/x86-arm/arm-hisiv200-linux/target/usr/include 		-I/home/hisisdk/histb/autelan/fakerelease/usr/include -I/home/hisisdk/histb/autelan/fakerelease/usr/local/include 		   		-L/opt/hisi-linux/x86-arm/arm-hisiv200-linux/target/lib -L/opt/hisi-linux/x86-arm/arm-hisiv200-linux/target/usr/lib 		-L/home/hisisdk/histb/autelan/release/lib -L/home/hisisdk/histb/autelan/release/usr/lib -L/home/hisisdk/histb/autelan/release/usr/local/lib 		 conftest.c  >&5
configure:14299: $? = 0
configure:14316: result: none required
configure:14324: checking whether byte ordering is bigendian
configure:14339: arm-hisiv200-linux-gcc -c  		-O2 		-I/opt/hisi-linux/x86-arm/arm-hisiv200-linux/target/usr/include 		-I/home/hisisdk/histb/autelan/fakerelease/usr/include -I/home/hisisdk/histb/autelan/fakerelease/usr/local/include 		  conftest.c >&5
conftest.c:24: error: expected '=', ',', ';', 'asm' or '__attribute__' before 'a'
configure:14339: $? = 1
configure: failed program was:
| /* confdefs.h */
| #define PACKAGE_NAME ""
| #define PACKAGE_TARNAME ""
| #define PACKAGE_VERSION ""
| #define PACKAGE_STRING ""
| #define PACKAGE_BUGREPORT ""
| #define PACKAGE_URL ""
| #define PACKAGE "wifidog"
| #define VERSION "20130917"
| #define STDC_HEADERS 1
| #define HAVE_SYS_TYPES_H 1
| #define HAVE_SYS_STAT_H 1
| #define HAVE_STDLIB_H 1
| #define HAVE_STRING_H 1
| #define HAVE_MEMORY_H 1
| #define HAVE_STRINGS_H 1
| #define HAVE_INTTYPES_H 1
| #define HAVE_STDINT_H 1
| #define HAVE_UNISTD_H 1
| #define HAVE_DLFCN_H 1
| #define LT_OBJDIR ".libs/"
| /* end confdefs.h.  */
| #ifndef __APPLE_CC__
| 	       not a universal capable compiler
| 	     #endif
| 	     typedef int dummy;
| 
configure:14384: arm-hisiv200-linux-gcc -c  		-O2 		-I/opt/hisi-linux/x86-arm/arm-hisiv200-linux/target/usr/include 		-I/home/hisisdk/histb/autelan/fakerelease/usr/include -I/home/hisisdk/histb/autelan/fakerelease/usr/local/include 		  conftest.c >&5
configure:14384: $? = 0
configure:14402: arm-hisiv200-linux-gcc -c  		-O2 		-I/opt/hisi-linux/x86-arm/arm-hisiv200-linux/target/usr/include 		-I/home/hisisdk/histb/autelan/fakerelease/usr/include -I/home/hisisdk/histb/autelan/fakerelease/usr/local/include 		  conftest.c >&5
conftest.c: In function 'main':
conftest.c:30: error: 'not' undeclared (first use in this function)
conftest.c:30: error: (Each undeclared identifier is reported only once
conftest.c:30: error: for each function it appears in.)
conftest.c:30: error: expected ';' before 'big'
configure:14402: $? = 1
configure: failed program was:
| /* confdefs.h */
| #define PACKAGE_NAME ""
| #define PACKAGE_TARNAME ""
| #define PACKAGE_VERSION ""
| #define PACKAGE_STRING ""
| #define PACKAGE_BUGREPORT ""
| #define PACKAGE_URL ""
| #define PACKAGE "wifidog"
| #define VERSION "20130917"
| #define STDC_HEADERS 1
| #define HAVE_SYS_TYPES_H 1
| #define HAVE_SYS_STAT_H 1
| #define HAVE_STDLIB_H 1
| #define HAVE_STRING_H 1
| #define HAVE_MEMORY_H 1
| #define HAVE_STRINGS_H 1
| #define HAVE_INTTYPES_H 1
| #define HAVE_STDINT_H 1
| #define HAVE_UNISTD_H 1
| #define HAVE_DLFCN_H 1
| #define LT_OBJDIR ".libs/"
| /* end confdefs.h.  */
| #include <sys/types.h>
| 		#include <sys/param.h>
| 
| int
| main ()
| {
| #if BYTE_ORDER != BIG_ENDIAN
| 		 not big endian
| 		#endif
| 
|   ;
|   return 0;
| }
configure:14530: result: no
configure:14548: checking whether make sets $(MAKE)
configure:14570: result: yes
configure:14579: checking for ANSI C header files
configure:14683: result: yes
configure:14846: checking pthread.h usability
configure:14846: arm-hisiv200-linux-gcc -c  		-O2 		-I/opt/hisi-linux/x86-arm/arm-hisiv200-linux/target/usr/include 		-I/home/hisisdk/histb/autelan/fakerelease/usr/include -I/home/hisisdk/histb/autelan/fakerelease/usr/local/include 		  conftest.c >&5
configure:14846: $? = 0
configure:14846: result: yes
configure:14846: checking pthread.h presence
configure:14846: arm-hisiv200-linux-gcc -E  conftest.c
configure:14846: $? = 0
configure:14846: result: yes
configure:14846: checking for pthread.h
configure:14846: result: yes
configure:14854: checking for pthread_create in -lpthread
configure:14879: arm-hisiv200-linux-gcc -o conftest  		-O2 		-I/opt/hisi-linux/x86-arm/arm-hisiv200-linux/target/usr/include 		-I/home/hisisdk/histb/autelan/fakerelease/usr/include -I/home/hisisdk/histb/autelan/fakerelease/usr/local/include 		   		-L/opt/hisi-linux/x86-arm/arm-hisiv200-linux/target/lib -L/opt/hisi-linux/x86-arm/arm-hisiv200-linux/target/usr/lib 		-L/home/hisisdk/histb/autelan/release/lib -L/home/hisisdk/histb/autelan/release/usr/lib -L/home/hisisdk/histb/autelan/release/usr/local/lib 		 conftest.c -lpthread   >&5
configure:14879: $? = 0
configure:14888: result: yes
configure:14907: checking for string.h
configure:14907: result: yes
configure:14907: checking for strings.h
configure:14907: result: yes
configure:14907: checking stdarg.h usability
configure:14907: arm-hisiv200-linux-gcc -c  		-O2 		-I/opt/hisi-linux/x86-arm/arm-hisiv200-linux/target/usr/include 		-I/home/hisisdk/histb/autelan/fakerelease/usr/include -I/home/hisisdk/histb/autelan/fakerelease/usr/local/include 		  conftest.c >&5
configure:14907: $? = 0
configure:14907: result: yes
configure:14907: checking stdarg.h presence
configure:14907: arm-hisiv200-linux-gcc -E  conftest.c
configure:14907: $? = 0
configure:14907: result: yes
configure:14907: checking for stdarg.h
configure:14907: result: yes
configure:14907: checking for unistd.h
configure:14907: result: yes
configure:14917: checking for main in -lsocket
configure:14936: arm-hisiv200-linux-gcc -o conftest  		-O2 		-I/opt/hisi-linux/x86-arm/arm-hisiv200-linux/target/usr/include 		-I/home/hisisdk/histb/autelan/fakerelease/usr/include -I/home/hisisdk/histb/autelan/fakerelease/usr/local/include 		   		-L/opt/hisi-linux/x86-arm/arm-hisiv200-linux/target/lib -L/opt/hisi-linux/x86-arm/arm-hisiv200-linux/target/usr/lib 		-L/home/hisisdk/histb/autelan/release/lib -L/home/hisisdk/histb/autelan/release/usr/lib -L/home/hisisdk/histb/autelan/release/usr/local/lib 		 conftest.c -lsocket  -lpthread  >&5
/opt/hisi-linux/x86-arm/arm-hisiv200-linux/bin/../lib/gcc/arm-hisiv200-linux-gnueabi/4.4.1/../../../../arm-hisiv200-linux-gnueabi/bin/ld: cannot find -lsocket
collect2: ld returned 1 exit status
configure:14936: $? = 1
configure: failed program was:
| /* confdefs.h */
| #define PACKAGE_NAME ""
| #define PACKAGE_TARNAME ""
| #define PACKAGE_VERSION ""
| #define PACKAGE_STRING ""
| #define PACKAGE_BUGREPORT ""
| #define PACKAGE_URL ""
| #define PACKAGE "wifidog"
| #define VERSION "20130917"
| #define STDC_HEADERS 1
| #define HAVE_SYS_TYPES_H 1
| #define HAVE_SYS_STAT_H 1
| #define HAVE_STDLIB_H 1
| #define HAVE_STRING_H 1
| #define HAVE_MEMORY_H 1
| #define HAVE_STRINGS_H 1
| #define HAVE_INTTYPES_H 1
| #define HAVE_STDINT_H 1
| #define HAVE_UNISTD_H 1
| #define HAVE_DLFCN_H 1
| #define LT_OBJDIR ".libs/"
| #define STDC_HEADERS 1
| #define HAVE_LIBPTHREAD 1
| #define HAVE_STRING_H 1
| #define HAVE_STRINGS_H 1
| #define HAVE_STDARG_H 1
| #define HAVE_UNISTD_H 1
| /* end confdefs.h.  */
| 
| 
| int
| main ()
| {
| return main ();
|   ;
|   return 0;
| }
configure:14945: result: no
configure:14957: checking for main in -lnsl
configure:14976: arm-hisiv200-linux-gcc -o conftest  		-O2 		-I/opt/hisi-linux/x86-arm/arm-hisiv200-linux/target/usr/include 		-I/home/hisisdk/histb/autelan/fakerelease/usr/include -I/home/hisisdk/histb/autelan/fakerelease/usr/local/include 		   		-L/opt/hisi-linux/x86-arm/arm-hisiv200-linux/target/lib -L/opt/hisi-linux/x86-arm/arm-hisiv200-linux/target/usr/lib 		-L/home/hisisdk/histb/autelan/release/lib -L/home/hisisdk/histb/autelan/release/usr/lib -L/home/hisisdk/histb/autelan/release/usr/local/lib 		 conftest.c -lnsl  -lpthread  >&5
configure:14976: $? = 0
configure:14985: result: yes
configure:15148: creating ./config.status

## ---------------------- ##
## Running config.status. ##
## ---------------------- ##

This file was extended by config.status, which was
generated by GNU Autoconf 2.69.  Invocation command line was

  CONFIG_FILES    = 
  CONFIG_HEADERS  = 
  CONFIG_LINKS    = 
  CONFIG_COMMANDS = 
  $ ./config.status 

on debian6

config.status:1152: creating Makefile
config.status:1152: creating wifidog.spec
config.status:1152: creating wifidog-msg.html
config.status:1152: creating src/Makefile
config.status:1152: creating libhttpd/Makefile
config.status:1152: creating doc/Makefile
config.status:1152: creating config.h
config.status:1333: config.h is unchanged
config.status:1381: executing depfiles commands
config.status:1381: executing libtool commands

## ---------------- ##
## Cache variables. ##
## ---------------- ##

ac_cv_build=i686-pc-linux-gnu
ac_cv_c_bigendian=no
ac_cv_c_compiler_gnu=yes
ac_cv_cxx_compiler_gnu=yes
ac_cv_env_CCC_set=
ac_cv_env_CCC_value=
ac_cv_env_CC_set=set
ac_cv_env_CC_value=arm-hisiv200-linux-gcc
ac_cv_env_CFLAGS_set=set
ac_cv_env_CFLAGS_value=' 		-O2 		-I/opt/hisi-linux/x86-arm/arm-hisiv200-linux/target/usr/include 		-I/home/hisisdk/histb/autelan/fakerelease/usr/include -I/home/hisisdk/histb/autelan/fakerelease/usr/local/include 		'
ac_cv_env_CPPFLAGS_set=
ac_cv_env_CPPFLAGS_value=
ac_cv_env_CPP_set=
ac_cv_env_CPP_value=
ac_cv_env_CXXCPP_set=
ac_cv_env_CXXCPP_value=
ac_cv_env_CXXFLAGS_set=
ac_cv_env_CXXFLAGS_value=
ac_cv_env_CXX_set=set
ac_cv_env_CXX_value=arm-hisiv200-linux-g++
ac_cv_env_LDFLAGS_set=set
ac_cv_env_LDFLAGS_value=' 		-L/opt/hisi-linux/x86-arm/arm-hisiv200-linux/target/lib -L/opt/hisi-linux/x86-arm/arm-hisiv200-linux/target/usr/lib 		-L/home/hisisdk/histb/autelan/release/lib -L/home/hisisdk/histb/autelan/release/usr/lib -L/home/hisisdk/histb/autelan/release/usr/local/lib 		'
ac_cv_env_LIBS_set=
ac_cv_env_LIBS_value=
ac_cv_env_build_alias_set=
ac_cv_env_build_alias_value=
ac_cv_env_host_alias_set=set
ac_cv_env_host_alias_value=arm-hisiv200-linux
ac_cv_env_target_alias_set=
ac_cv_env_target_alias_value=
ac_cv_func_dlopen=no
ac_cv_func_shl_load=no
ac_cv_header_dlfcn_h=yes
ac_cv_header_inttypes_h=yes
ac_cv_header_memory_h=yes
ac_cv_header_pthread_h=yes
ac_cv_header_stdarg_h=yes
ac_cv_header_stdc=yes
ac_cv_header_stdint_h=yes
ac_cv_header_stdlib_h=yes
ac_cv_header_string_h=yes
ac_cv_header_strings_h=yes
ac_cv_header_sys_stat_h=yes
ac_cv_header_sys_types_h=yes
ac_cv_header_unistd_h=yes
ac_cv_host=arm-hisiv200-linux-gnu
ac_cv_lib_dl_dlopen=yes
ac_cv_lib_dld_shl_load=no
ac_cv_lib_nsl=ac_cv_lib_nsl_main
ac_cv_lib_nsl_main=yes
ac_cv_lib_pthread_pthread_create=yes
ac_cv_lib_socket=ac_cv_lib_socket_main
ac_cv_lib_socket_main=no
ac_cv_objext=o
ac_cv_path_EGREP='/bin/grep -E'
ac_cv_path_FGREP='/bin/grep -F'
ac_cv_path_GREP=/bin/grep
ac_cv_path_SED=/bin/sed
ac_cv_path_install='/usr/bin/install -c'
ac_cv_path_mkdir=/bin/mkdir
ac_cv_prog_AR=arm-hisiv200-linux-ar
ac_cv_prog_AWK=gawk
ac_cv_prog_CC=arm-hisiv200-linux-gcc
ac_cv_prog_CPP='arm-hisiv200-linux-gcc -E'
ac_cv_prog_CXXCPP='arm-hisiv200-linux-g++ -E'
ac_cv_prog_OBJDUMP=arm-hisiv200-linux-objdump
ac_cv_prog_RANLIB=arm-hisiv200-linux-ranlib
ac_cv_prog_STRIP=arm-hisiv200-linux-strip
ac_cv_prog_cc_c89=
ac_cv_prog_cc_g=yes
ac_cv_prog_cxx_g=yes
ac_cv_prog_make_make_set=yes
ac_cv_search_strerror='none required'
am_cv_CC_dependencies_compiler_type=gcc3
am_cv_CXX_dependencies_compiler_type=gcc3
lt_cv_deplibs_check_method=pass_all
lt_cv_dlopen=dlopen
lt_cv_dlopen_libs=-ldl
lt_cv_dlopen_self=cross
lt_cv_file_magic_cmd='$MAGIC_CMD'
lt_cv_file_magic_test_file=
lt_cv_ld_reload_flag=-r
lt_cv_nm_interface='BSD nm'
lt_cv_objdir=.libs
lt_cv_path_LD=/opt/hisi-linux/x86-arm/arm-hisiv200-linux/arm-hisiv200-linux-gnueabi/bin/ld
lt_cv_path_LDCXX=/opt/hisi-linux/x86-arm/arm-hisiv200-linux/arm-hisiv200-linux-gnueabi/bin/ld
lt_cv_path_NM='/opt/hisi-linux/x86-arm/arm-hisiv200-linux/target/bin/arm-hisiv200-linux-nm -B'
lt_cv_prog_compiler_c_o=yes
lt_cv_prog_compiler_c_o_CXX=yes
lt_cv_prog_compiler_pic_works=yes
lt_cv_prog_compiler_pic_works_CXX=yes
lt_cv_prog_compiler_rtti_exceptions=no
lt_cv_prog_compiler_static_works=yes
lt_cv_prog_compiler_static_works_CXX=yes
lt_cv_prog_gnu_ld=yes
lt_cv_prog_gnu_ldcxx=yes
lt_cv_sys_global_symbol_pipe='sed -n -e '\''s/^.*[	 ]\([ABCDGIRSTW][ABCDGIRSTW]*\)[	 ][	 ]*\([_A-Za-z][_A-Za-z0-9]*\)$/\1 \2 \2/p'\'''
lt_cv_sys_global_symbol_to_c_name_address='sed -n -e '\''s/^: \([^ ]*\) $/  {\"\1\", (void *) 0},/p'\'' -e '\''s/^[ABCDGIRSTW]* \([^ ]*\) \([^ ]*\)$/  {"\2", (void *) \&\2},/p'\'''
lt_cv_sys_global_symbol_to_c_name_address_lib_prefix='sed -n -e '\''s/^: \([^ ]*\) $/  {\"\1\", (void *) 0},/p'\'' -e '\''s/^[ABCDGIRSTW]* \([^ ]*\) \(lib[^ ]*\)$/  {"\2", (void *) \&\2},/p'\'' -e '\''s/^[ABCDGIRSTW]* \([^ ]*\) \([^ ]*\)$/  {"lib\2", (void *) \&\2},/p'\'''
lt_cv_sys_global_symbol_to_cdecl='sed -n -e '\''s/^T .* \(.*\)$/extern int \1();/p'\'' -e '\''s/^[ABCDGIRSTW]* .* \(.*\)$/extern char \1;/p'\'''
lt_cv_sys_max_cmd_len=1572864

## ----------------- ##
## Output variables. ##
## ----------------- ##

ACLOCAL='${SHELL} /home/hisisdk/histb/autelan/rootfs/wifidog/config/missing --run aclocal-1.11'
AMDEPBACKSLASH='\'
AMDEP_FALSE='#'
AMDEP_TRUE=''
AMTAR='${SHELL} /home/hisisdk/histb/autelan/rootfs/wifidog/config/missing --run tar'
AR='arm-hisiv200-linux-ar'
AUTOCONF='${SHELL} /home/hisisdk/histb/autelan/rootfs/wifidog/config/missing --run autoconf'
AUTOHEADER='${SHELL} /home/hisisdk/histb/autelan/rootfs/wifidog/config/missing --run autoheader'
AUTOMAKE='${SHELL} /home/hisisdk/histb/autelan/rootfs/wifidog/config/missing --run automake-1.11'
AWK='gawk'
BUILDROOT=''
CC='arm-hisiv200-linux-gcc'
CCDEPMODE='depmode=gcc3'
CFLAGS=' 		-O2 		-I/opt/hisi-linux/x86-arm/arm-hisiv200-linux/target/usr/include 		-I/home/hisisdk/histb/autelan/fakerelease/usr/include -I/home/hisisdk/histb/autelan/fakerelease/usr/local/include 		'
CPP='arm-hisiv200-linux-gcc -E'
CPPFLAGS=''
CXX='arm-hisiv200-linux-g++'
CXXCPP='arm-hisiv200-linux-g++ -E'
CXXDEPMODE='depmode=gcc3'
CXXFLAGS='-g -O2'
CYGPATH_W='echo'
DEFS='-DHAVE_CONFIG_H'
DEPDIR='.deps'
DOC_FALSE=''
DOC_TRUE='#'
DOT=''
DOXYGEN=''
DSYMUTIL=''
DUMPBIN=''
ECHO_C=''
ECHO_N='-n'
ECHO_T=''
EGREP='/bin/grep -E'
ENABLE_DOXYGEN_FALSE=''
ENABLE_DOXYGEN_TRUE='#'
EXEEXT=''
FGREP='/bin/grep -F'
GREP='/bin/grep'
INSTALL_DATA='${INSTALL} -m 644'
INSTALL_PROGRAM='${INSTALL}'
INSTALL_SCRIPT='${INSTALL}'
INSTALL_STRIP_PROGRAM='$(install_sh) -c -s'
LD='/opt/hisi-linux/x86-arm/arm-hisiv200-linux/arm-hisiv200-linux-gnueabi/bin/ld'
LDFLAGS=' 		-L/opt/hisi-linux/x86-arm/arm-hisiv200-linux/target/lib -L/opt/hisi-linux/x86-arm/arm-hisiv200-linux/target/usr/lib 		-L/home/hisisdk/histb/autelan/release/lib -L/home/hisisdk/histb/autelan/release/usr/lib -L/home/hisisdk/histb/autelan/release/usr/local/lib 		'
LIBOBJS=''
LIBS='-lnsl -lpthread '
LIBTOOL='$(SHELL) $(top_builddir)/libtool'
LIPO=''
LN_S='ln -s'
LTLIBOBJS=''
MAINT='#'
MAINTAINER_MODE_FALSE=''
MAINTAINER_MODE_TRUE='#'
MAKEINFO='${SHELL} /home/hisisdk/histb/autelan/rootfs/wifidog/config/missing --run makeinfo'
MKDIR_P='/bin/mkdir -p'
NM='/opt/hisi-linux/x86-arm/arm-hisiv200-linux/target/bin/arm-hisiv200-linux-nm -B'
NMEDIT=''
OBJDUMP='arm-hisiv200-linux-objdump'
OBJEXT='o'
OTOOL64=''
OTOOL=''
PACKAGE='wifidog'
PACKAGE_BUGREPORT=''
PACKAGE_NAME=''
PACKAGE_STRING=''
PACKAGE_TARNAME=''
PACKAGE_URL=''
PACKAGE_VERSION=''
PATH_SEPARATOR=':'
RANLIB='arm-hisiv200-linux-ranlib'
SED='/bin/sed'
SET_MAKE=''
SHELL='/bin/sh'
STRIP='arm-hisiv200-linux-strip'
VERSION='20130917'
WIFIDOG_MAJOR_VERSION='1'
WIFIDOG_MICRO_VERSION='5'
WIFIDOG_MINOR_VERSION='1'
WIFIDOG_VERSION='20130917'
ac_ct_CC=''
ac_ct_CXX=''
ac_ct_DUMPBIN=''
am__EXEEXT_FALSE=''
am__EXEEXT_TRUE='#'
am__fastdepCC_FALSE='#'
am__fastdepCC_TRUE=''
am__fastdepCXX_FALSE='#'
am__fastdepCXX_TRUE=''
am__include='include'
am__isrc=''
am__leading_dot='.'
am__quote=''
am__tar='${AMTAR} chof - "$$tardir"'
am__untar='${AMTAR} xf -'
bindir='/home/hisisdk/histb/autelan/release/usr/bin'
build='i686-pc-linux-gnu'
build_alias=''
build_cpu='i686'
build_os='linux-gnu'
build_vendor='pc'
datadir='/home/hisisdk/histb/autelan/fakerelease/usr/share'
datarootdir='/home/hisisdk/histb/autelan/fakerelease/usr/share'
docdir='/home/hisisdk/histb/autelan/fakerelease/usr/share/doc/bash'
dvidir='/home/hisisdk/histb/autelan/fakerelease/usr/share/doc'
enable_dot='no'
enable_html_docs='no'
enable_latex_docs='no'
exec_prefix='${prefix}'
host='arm-hisiv200-linux-gnu'
host_alias='arm-hisiv200-linux'
host_cpu='arm'
host_os='linux-gnu'
host_vendor='hisiv200'
htmldir='/home/hisisdk/histb/autelan/fakerelease/usr/share/doc'
includedir='/home/hisisdk/histb/autelan/fakerelease/usr/include'
infodir='/home/hisisdk/histb/autelan/fakerelease/usr/share/info'
install_sh='${SHELL} /home/hisisdk/histb/autelan/rootfs/wifidog/config/install-sh'
libdir='/home/hisisdk/histb/autelan/release/usr/lib'
libexecdir='/home/hisisdk/histb/autelan/release/usr/libexec'
localedir='/home/hisisdk/histb/autelan/fakerelease/usr/share/local'
localstatedir='/home/hisisdk/histb/autelan/release/usr/var'
lt_ECHO='echo'
mandir='/home/hisisdk/histb/autelan/fakerelease/usr/share/man'
mkdir_p='/bin/mkdir -p'
oldincludedir='/usr/include'
pdfdir='/home/hisisdk/histb/autelan/fakerelease/usr/share/doc'
prefix='/home/hisisdk/histb/autelan/release/usr'
program_transform_name='s,x,x,'
psdir='/home/hisisdk/histb/autelan/fakerelease/usr/share/doc'
sbindir='/home/hisisdk/histb/autelan/release/usr/sbin'
sharedstatedir='${prefix}/com'
sysconfdir='/home/hisisdk/histb/autelan/release/usr/etc'
target_alias=''

## ----------- ##
## confdefs.h. ##
## ----------- ##

/* confdefs.h */
#define PACKAGE_NAME ""
#define PACKAGE_TARNAME ""
#define PACKAGE_VERSION ""
#define PACKAGE_STRING ""
#define PACKAGE_BUGREPORT ""
#define PACKAGE_URL ""
#define PACKAGE "wifidog"
#define VERSION "20130917"
#define STDC_HEADERS 1
#define HAVE_SYS_TYPES_H 1
#define HAVE_SYS_STAT_H 1
#define HAVE_STDLIB_H 1
#define HAVE_STRING_H 1
#define HAVE_MEMORY_H 1
#define HAVE_STRINGS_H 1
#define HAVE_INTTYPES_H 1
#define HAVE_STDINT_H 1
#define HAVE_UNISTD_H 1
#define HAVE_DLFCN_H 1
#define LT_OBJDIR ".libs/"
#define STDC_HEADERS 1
#define HAVE_LIBPTHREAD 1
#define HAVE_STRING_H 1
#define HAVE_STRINGS_H 1
#define HAVE_STDARG_H 1
#define HAVE_UNISTD_H 1
#define HAVE_LIBNSL 1

configure: exit 0

## ---------------------- ##
## Running config.status. ##
## ---------------------- ##

This file was extended by config.status, which was
generated by GNU Autoconf 2.69.  Invocation command line was

  CONFIG_FILES    = 
  CONFIG_HEADERS  = 
  CONFIG_LINKS    = 
  CONFIG_COMMANDS = 
  $ ./config.status config.h

on debian

config.status:1152: creating config.h
config.status:1333: config.h is unchanged
