hisitopdir=/home/liujf/histb
hisiprefix=arm-hisiv200-linux
hisitools=/opt/hisi-linux/x86-arm/arm-hisiv200-linux/target
hisirootfs=/home/liujf/histb/source/rootfs
auterootfs=/home/liujf/histb/autelan/rootfs
auterelease=/home/liujf/histb/autelan/release
autefake=/home/liujf/histb/autelan/fakerelease
hisitopdir=/home/liujf/histb
auteapps=  libubox json-c zlib-1.2.8 libxml2-2.9.1 libxslt-1.1.28 pcre-8.35 popt-1.14 onig-5.9.5 bash-4.3 dnsmasq-2.71 jq php-5.6.0 rsync-3.1.1 wifidog xinetd-2.3.15 xmlstarlet-1.6.1
~/histb/autelan/rootfs/zlib-1.2.8 ~/share/histb/autelan/rootfs/nginx-1.6.1
rm -f *.o *.lo *~ \
	   example minigzip examplesh minigzipsh \
	   example64 minigzip64 \
	   infcover \
	   libz.* foo.gz so_locations \
	   _match.s maketree contrib/infback9/*.o
rm -rf objs
rm -f *.gcda *.gcno *.gcov
rm -f contrib/infback9/*.gcda contrib/infback9/*.gcno contrib/infback9/*.gcov
~/share/histb/autelan/rootfs/nginx-1.6.1
~/histb/autelan/rootfs/pcre-8.35 ~/share/histb/autelan/rootfs/nginx-1.6.1
 rm -f pcretest pcregrep
test -z "pcre_chartables.c testsavedregex teststderr testtemp* testtry testNinput testtrygrep teststderrgrep testNinputgrep" || rm -f pcre_chartables.c testsavedregex teststderr testtemp* testtry testNinput testtrygrep teststderrgrep testNinputgrep
test -z "libpcre.la   libpcreposix.la libpcrecpp.la" || rm -f libpcre.la   libpcreposix.la libpcrecpp.la
rm -f ./so_locations
rm -rf .libs _libs
 rm -f pcre_jit_test pcrecpp_unittest pcre_scanner_unittest pcre_stringpiece_unittest
rm -f *.o
test -z "pcre_jit_test.log pcrecpp_unittest.log pcre_scanner_unittest.log pcre_stringpiece_unittest.log RunTest.log RunGrepTest.log" || rm -f pcre_jit_test.log pcrecpp_unittest.log pcre_scanner_unittest.log pcre_stringpiece_unittest.log RunTest.log RunGrepTest.log
test -z "pcre_jit_test.trs pcrecpp_unittest.trs pcre_scanner_unittest.trs pcre_stringpiece_unittest.trs RunTest.trs RunGrepTest.trs" || rm -f pcre_jit_test.trs pcrecpp_unittest.trs pcre_scanner_unittest.trs pcre_stringpiece_unittest.trs RunTest.trs RunGrepTest.trs
test -z "test-suite.log" || rm -f test-suite.log
rm -f *.lo
~/share/histb/autelan/rootfs/nginx-1.6.1
Copy Makefile ...
Copy Makefile end
Make ...
make: Entering directory `/home/liujf/share/histb/autelan/rootfs/nginx-1.6.1'
make -f objs/Makefile
make[1]: Entering directory `/home/liujf/share/histb/autelan/rootfs/nginx-1.6.1'
cd /home/liujf/histb/autelan/rootfs/pcre-8.35 \
	&& make libpcre.la
make[2]: Entering directory `/home/liujf/share/histb/autelan/rootfs/pcre-8.35'
  CC       libpcre_la-pcre_byte_order.lo
  CC       libpcre_la-pcre_compile.lo
  CC       libpcre_la-pcre_config.lo
  CC       libpcre_la-pcre_dfa_exec.lo
  CC       libpcre_la-pcre_exec.lo
  CC       libpcre_la-pcre_fullinfo.lo
  CC       libpcre_la-pcre_get.lo
  CC       libpcre_la-pcre_globals.lo
  CC       libpcre_la-pcre_jit_compile.lo
  CC       libpcre_la-pcre_maketables.lo
  CC       libpcre_la-pcre_newline.lo
  CC       libpcre_la-pcre_ord2utf8.lo
  CC       libpcre_la-pcre_refcount.lo
  CC       libpcre_la-pcre_string_utils.lo
  CC       libpcre_la-pcre_study.lo
  CC       libpcre_la-pcre_tables.lo
  CC       libpcre_la-pcre_ucd.lo
  CC       libpcre_la-pcre_valid_utf8.lo
  CC       libpcre_la-pcre_version.lo
  CC       libpcre_la-pcre_xclass.lo
rm -f pcre_chartables.c
ln -s ./pcre_chartables.c.dist pcre_chartables.c
  CC       libpcre_la-pcre_chartables.lo
  CCLD     libpcre.la
make[2]: Leaving directory `/home/liujf/share/histb/autelan/rootfs/pcre-8.35'
cd /home/liujf/histb/autelan/rootfs/zlib-1.2.8 \
	&& make distclean \
	&& ./autelan.configure.static \
	&& make libz.a
make[2]: Entering directory `/home/liujf/share/histb/autelan/rootfs/zlib-1.2.8'
rm -f *.o *.lo *~ \
	   example minigzip examplesh minigzipsh \
	   example64 minigzip64 \
	   infcover \
	   libz.* foo.gz so_locations \
	   _match.s maketree contrib/infback9/*.o
rm -rf objs
rm -f *.gcda *.gcno *.gcov
rm -f contrib/infback9/*.gcda contrib/infback9/*.gcno contrib/infback9/*.gcov
cp -p zconf.h.in zconf.h
rm -f Makefile zlib.pc configure.log
make[2]: Leaving directory `/home/liujf/share/histb/autelan/rootfs/zlib-1.2.8'
Building static library libz.a version 1.2.8 with arm-hisiv200-linux-gcc.
Checking for off64_t... Yes.
Checking for fseeko... Yes.
Checking for strerror... Yes.
Checking for unistd.h... Yes.
Checking for stdarg.h... Yes.
Checking whether to use vs[n]printf() or s[n]printf()... using vs[n]printf().
Checking for vsnprintf() in stdio.h... Yes.
Checking for return value of vsnprintf()... Yes.
Checking for attribute(visibility) support... Yes.
make[2]: Entering directory `/home/liujf/share/histb/autelan/rootfs/zlib-1.2.8'
arm-hisiv200-linux-gcc -g -O2 		-I/opt/hisi-linux/x86-arm/arm-hisiv200-linux/target/usr/include 		-I/home/liujf/histb/source/rootfs/usr/include -I/home/liujf/histb/source/rootfs/usr/local/include 		-I/home/liujf/histb/autelan/fakerelease/usr/include -I/home/liujf/histb/autelan/fakerelease/usr/local/include 		  -D_LARGEFILE64_SOURCE=1 -DHAVE_HIDDEN   -c -o adler32.o adler32.c
arm-hisiv200-linux-gcc -g -O2 		-I/opt/hisi-linux/x86-arm/arm-hisiv200-linux/target/usr/include 		-I/home/liujf/histb/source/rootfs/usr/include -I/home/liujf/histb/source/rootfs/usr/local/include 		-I/home/liujf/histb/autelan/fakerelease/usr/include -I/home/liujf/histb/autelan/fakerelease/usr/local/include 		  -D_LARGEFILE64_SOURCE=1 -DHAVE_HIDDEN   -c -o crc32.o crc32.c
arm-hisiv200-linux-gcc -g -O2 		-I/opt/hisi-linux/x86-arm/arm-hisiv200-linux/target/usr/include 		-I/home/liujf/histb/source/rootfs/usr/include -I/home/liujf/histb/source/rootfs/usr/local/include 		-I/home/liujf/histb/autelan/fakerelease/usr/include -I/home/liujf/histb/autelan/fakerelease/usr/local/include 		  -D_LARGEFILE64_SOURCE=1 -DHAVE_HIDDEN   -c -o deflate.o deflate.c
arm-hisiv200-linux-gcc -g -O2 		-I/opt/hisi-linux/x86-arm/arm-hisiv200-linux/target/usr/include 		-I/home/liujf/histb/source/rootfs/usr/include -I/home/liujf/histb/source/rootfs/usr/local/include 		-I/home/liujf/histb/autelan/fakerelease/usr/include -I/home/liujf/histb/autelan/fakerelease/usr/local/include 		  -D_LARGEFILE64_SOURCE=1 -DHAVE_HIDDEN   -c -o infback.o infback.c
arm-hisiv200-linux-gcc -g -O2 		-I/opt/hisi-linux/x86-arm/arm-hisiv200-linux/target/usr/include 		-I/home/liujf/histb/source/rootfs/usr/include -I/home/liujf/histb/source/rootfs/usr/local/include 		-I/home/liujf/histb/autelan/fakerelease/usr/include -I/home/liujf/histb/autelan/fakerelease/usr/local/include 		  -D_LARGEFILE64_SOURCE=1 -DHAVE_HIDDEN   -c -o inffast.o inffast.c
arm-hisiv200-linux-gcc -g -O2 		-I/opt/hisi-linux/x86-arm/arm-hisiv200-linux/target/usr/include 		-I/home/liujf/histb/source/rootfs/usr/include -I/home/liujf/histb/source/rootfs/usr/local/include 		-I/home/liujf/histb/autelan/fakerelease/usr/include -I/home/liujf/histb/autelan/fakerelease/usr/local/include 		  -D_LARGEFILE64_SOURCE=1 -DHAVE_HIDDEN   -c -o inflate.o inflate.c
arm-hisiv200-linux-gcc -g -O2 		-I/opt/hisi-linux/x86-arm/arm-hisiv200-linux/target/usr/include 		-I/home/liujf/histb/source/rootfs/usr/include -I/home/liujf/histb/source/rootfs/usr/local/include 		-I/home/liujf/histb/autelan/fakerelease/usr/include -I/home/liujf/histb/autelan/fakerelease/usr/local/include 		  -D_LARGEFILE64_SOURCE=1 -DHAVE_HIDDEN   -c -o inftrees.o inftrees.c
arm-hisiv200-linux-gcc -g -O2 		-I/opt/hisi-linux/x86-arm/arm-hisiv200-linux/target/usr/include 		-I/home/liujf/histb/source/rootfs/usr/include -I/home/liujf/histb/source/rootfs/usr/local/include 		-I/home/liujf/histb/autelan/fakerelease/usr/include -I/home/liujf/histb/autelan/fakerelease/usr/local/include 		  -D_LARGEFILE64_SOURCE=1 -DHAVE_HIDDEN   -c -o trees.o trees.c
arm-hisiv200-linux-gcc -g -O2 		-I/opt/hisi-linux/x86-arm/arm-hisiv200-linux/target/usr/include 		-I/home/liujf/histb/source/rootfs/usr/include -I/home/liujf/histb/source/rootfs/usr/local/include 		-I/home/liujf/histb/autelan/fakerelease/usr/include -I/home/liujf/histb/autelan/fakerelease/usr/local/include 		  -D_LARGEFILE64_SOURCE=1 -DHAVE_HIDDEN   -c -o zutil.o zutil.c
arm-hisiv200-linux-gcc -g -O2 		-I/opt/hisi-linux/x86-arm/arm-hisiv200-linux/target/usr/include 		-I/home/liujf/histb/source/rootfs/usr/include -I/home/liujf/histb/source/rootfs/usr/local/include 		-I/home/liujf/histb/autelan/fakerelease/usr/include -I/home/liujf/histb/autelan/fakerelease/usr/local/include 		  -D_LARGEFILE64_SOURCE=1 -DHAVE_HIDDEN   -c -o compress.o compress.c
arm-hisiv200-linux-gcc -g -O2 		-I/opt/hisi-linux/x86-arm/arm-hisiv200-linux/target/usr/include 		-I/home/liujf/histb/source/rootfs/usr/include -I/home/liujf/histb/source/rootfs/usr/local/include 		-I/home/liujf/histb/autelan/fakerelease/usr/include -I/home/liujf/histb/autelan/fakerelease/usr/local/include 		  -D_LARGEFILE64_SOURCE=1 -DHAVE_HIDDEN   -c -o uncompr.o uncompr.c
arm-hisiv200-linux-gcc -g -O2 		-I/opt/hisi-linux/x86-arm/arm-hisiv200-linux/target/usr/include 		-I/home/liujf/histb/source/rootfs/usr/include -I/home/liujf/histb/source/rootfs/usr/local/include 		-I/home/liujf/histb/autelan/fakerelease/usr/include -I/home/liujf/histb/autelan/fakerelease/usr/local/include 		  -D_LARGEFILE64_SOURCE=1 -DHAVE_HIDDEN   -c -o gzclose.o gzclose.c
arm-hisiv200-linux-gcc -g -O2 		-I/opt/hisi-linux/x86-arm/arm-hisiv200-linux/target/usr/include 		-I/home/liujf/histb/source/rootfs/usr/include -I/home/liujf/histb/source/rootfs/usr/local/include 		-I/home/liujf/histb/autelan/fakerelease/usr/include -I/home/liujf/histb/autelan/fakerelease/usr/local/include 		  -D_LARGEFILE64_SOURCE=1 -DHAVE_HIDDEN   -c -o gzlib.o gzlib.c
arm-hisiv200-linux-gcc -g -O2 		-I/opt/hisi-linux/x86-arm/arm-hisiv200-linux/target/usr/include 		-I/home/liujf/histb/source/rootfs/usr/include -I/home/liujf/histb/source/rootfs/usr/local/include 		-I/home/liujf/histb/autelan/fakerelease/usr/include -I/home/liujf/histb/autelan/fakerelease/usr/local/include 		  -D_LARGEFILE64_SOURCE=1 -DHAVE_HIDDEN   -c -o gzread.o gzread.c
arm-hisiv200-linux-gcc -g -O2 		-I/opt/hisi-linux/x86-arm/arm-hisiv200-linux/target/usr/include 		-I/home/liujf/histb/source/rootfs/usr/include -I/home/liujf/histb/source/rootfs/usr/local/include 		-I/home/liujf/histb/autelan/fakerelease/usr/include -I/home/liujf/histb/autelan/fakerelease/usr/local/include 		  -D_LARGEFILE64_SOURCE=1 -DHAVE_HIDDEN   -c -o gzwrite.o gzwrite.c
ar rc libz.a adler32.o crc32.o deflate.o infback.o inffast.o inflate.o inftrees.o trees.o zutil.o compress.o uncompr.o gzclose.o gzlib.o gzread.o gzwrite.o 
make[2]: Leaving directory `/home/liujf/share/histb/autelan/rootfs/zlib-1.2.8'
arm-hisiv200-linux-gcc -o objs/nginx \
	objs/src/core/nginx.o \
	objs/src/core/ngx_log.o \
	objs/src/core/ngx_palloc.o \
	objs/src/core/ngx_array.o \
	objs/src/core/ngx_list.o \
	objs/src/core/ngx_hash.o \
	objs/src/core/ngx_buf.o \
	objs/src/core/ngx_queue.o \
	objs/src/core/ngx_output_chain.o \
	objs/src/core/ngx_string.o \
	objs/src/core/ngx_parse.o \
	objs/src/core/ngx_inet.o \
	objs/src/core/ngx_file.o \
	objs/src/core/ngx_crc32.o \
	objs/src/core/ngx_murmurhash.o \
	objs/src/core/ngx_md5.o \
	objs/src/core/ngx_rbtree.o \
	objs/src/core/ngx_radix_tree.o \
	objs/src/core/ngx_slab.o \
	objs/src/core/ngx_times.o \
	objs/src/core/ngx_shmtx.o \
	objs/src/core/ngx_connection.o \
	objs/src/core/ngx_cycle.o \
	objs/src/core/ngx_spinlock.o \
	objs/src/core/ngx_cpuinfo.o \
	objs/src/core/ngx_conf_file.o \
	objs/src/core/ngx_resolver.o \
	objs/src/core/ngx_open_file_cache.o \
	objs/src/core/ngx_crypt.o \
	objs/src/core/ngx_proxy_protocol.o \
	objs/src/event/ngx_event.o \
	objs/src/event/ngx_event_timer.o \
	objs/src/event/ngx_event_posted.o \
	objs/src/event/ngx_event_busy_lock.o \
	objs/src/event/ngx_event_accept.o \
	objs/src/event/ngx_event_connect.o \
	objs/src/event/ngx_event_pipe.o \
	objs/src/os/unix/ngx_time.o \
	objs/src/os/unix/ngx_errno.o \
	objs/src/os/unix/ngx_alloc.o \
	objs/src/os/unix/ngx_files.o \
	objs/src/os/unix/ngx_socket.o \
	objs/src/os/unix/ngx_recv.o \
	objs/src/os/unix/ngx_readv_chain.o \
	objs/src/os/unix/ngx_udp_recv.o \
	objs/src/os/unix/ngx_send.o \
	objs/src/os/unix/ngx_writev_chain.o \
	objs/src/os/unix/ngx_channel.o \
	objs/src/os/unix/ngx_shmem.o \
	objs/src/os/unix/ngx_process.o \
	objs/src/os/unix/ngx_daemon.o \
	objs/src/os/unix/ngx_setaffinity.o \
	objs/src/os/unix/ngx_setproctitle.o \
	objs/src/os/unix/ngx_posix_init.o \
	objs/src/os/unix/ngx_user.o \
	objs/src/os/unix/ngx_process_cycle.o \
	objs/src/os/unix/ngx_linux_init.o \
	objs/src/event/modules/ngx_select_module.o \
	objs/src/event/modules/ngx_poll_module.o \
	objs/src/core/ngx_regex.o \
	objs/src/http/ngx_http.o \
	objs/src/http/ngx_http_core_module.o \
	objs/src/http/ngx_http_special_response.o \
	objs/src/http/ngx_http_request.o \
	objs/src/http/ngx_http_parse.o \
	objs/src/http/ngx_http_header_filter_module.o \
	objs/src/http/ngx_http_write_filter_module.o \
	objs/src/http/ngx_http_copy_filter_module.o \
	objs/src/http/modules/ngx_http_log_module.o \
	objs/src/http/ngx_http_request_body.o \
	objs/src/http/ngx_http_variables.o \
	objs/src/http/ngx_http_script.o \
	objs/src/http/ngx_http_upstream.o \
	objs/src/http/ngx_http_upstream_round_robin.o \
	objs/src/http/ngx_http_parse_time.o \
	objs/src/http/modules/ngx_http_static_module.o \
	objs/src/http/modules/ngx_http_index_module.o \
	objs/src/http/modules/ngx_http_chunked_filter_module.o \
	objs/src/http/modules/ngx_http_range_filter_module.o \
	objs/src/http/modules/ngx_http_headers_filter_module.o \
	objs/src/http/modules/ngx_http_not_modified_filter_module.o \
	objs/src/http/ngx_http_busy_lock.o \
	objs/src/http/ngx_http_file_cache.o \
	objs/src/http/modules/ngx_http_gzip_filter_module.o \
	objs/src/http/ngx_http_postpone_filter_module.o \
	objs/src/http/modules/ngx_http_ssi_filter_module.o \
	objs/src/http/modules/ngx_http_charset_filter_module.o \
	objs/src/http/modules/ngx_http_userid_filter_module.o \
	objs/src/http/modules/ngx_http_autoindex_module.o \
	objs/src/http/modules/ngx_http_auth_basic_module.o \
	objs/src/http/modules/ngx_http_access_module.o \
	objs/src/http/modules/ngx_http_limit_conn_module.o \
	objs/src/http/modules/ngx_http_limit_req_module.o \
	objs/src/http/modules/ngx_http_geo_module.o \
	objs/src/http/modules/ngx_http_map_module.o \
	objs/src/http/modules/ngx_http_split_clients_module.o \
	objs/src/http/modules/ngx_http_referer_module.o \
	objs/src/http/modules/ngx_http_rewrite_module.o \
	objs/src/http/modules/ngx_http_proxy_module.o \
	objs/src/http/modules/ngx_http_fastcgi_module.o \
	objs/src/http/modules/ngx_http_uwsgi_module.o \
	objs/src/http/modules/ngx_http_scgi_module.o \
	objs/src/http/modules/ngx_http_memcached_module.o \
	objs/src/http/modules/ngx_http_empty_gif_module.o \
	objs/src/http/modules/ngx_http_browser_module.o \
	objs/src/http/modules/ngx_http_upstream_ip_hash_module.o \
	objs/src/http/modules/ngx_http_upstream_least_conn_module.o \
	objs/src/http/modules/ngx_http_upstream_keepalive_module.o \
	objs/ngx_modules.o \
	-L/opt/hisi-linux/x86-arm/arm-hisiv200-linux/target/usr/lib -lcrypt /home/liujf/histb/autelan/rootfs/pcre-8.35/.libs/libpcre.a /home/liujf/histb/autelan/rootfs/zlib-1.2.8/libz.a
arm-hisiv200-linux-gcc: /home/liujf/histb/autelan/rootfs/pcre-8.35/.libs/libpcre.a: No such file or directory
make[1]: *** [objs/nginx] Error 1
make[1]: Leaving directory `/home/liujf/share/histb/autelan/rootfs/nginx-1.6.1'
make: *** [build] Error 2
make: Leaving directory `/home/liujf/share/histb/autelan/rootfs/nginx-1.6.1'
Make end
Make install ...
make: Entering directory `/home/liujf/share/histb/autelan/rootfs/nginx-1.6.1'
make -f objs/Makefile install
make[1]: Entering directory `/home/liujf/share/histb/autelan/rootfs/nginx-1.6.1'
cd /home/liujf/histb/autelan/rootfs/pcre-8.35 \
	&& make libpcre.la
make[2]: Entering directory `/home/liujf/share/histb/autelan/rootfs/pcre-8.35'
make[2]: Leaving directory `/home/liujf/share/histb/autelan/rootfs/pcre-8.35'
arm-hisiv200-linux-gcc -o objs/nginx \
	objs/src/core/nginx.o \
	objs/src/core/ngx_log.o \
	objs/src/core/ngx_palloc.o \
	objs/src/core/ngx_array.o \
	objs/src/core/ngx_list.o \
	objs/src/core/ngx_hash.o \
	objs/src/core/ngx_buf.o \
	objs/src/core/ngx_queue.o \
	objs/src/core/ngx_output_chain.o \
	objs/src/core/ngx_string.o \
	objs/src/core/ngx_parse.o \
	objs/src/core/ngx_inet.o \
	objs/src/core/ngx_file.o \
	objs/src/core/ngx_crc32.o \
	objs/src/core/ngx_murmurhash.o \
	objs/src/core/ngx_md5.o \
	objs/src/core/ngx_rbtree.o \
	objs/src/core/ngx_radix_tree.o \
	objs/src/core/ngx_slab.o \
	objs/src/core/ngx_times.o \
	objs/src/core/ngx_shmtx.o \
	objs/src/core/ngx_connection.o \
	objs/src/core/ngx_cycle.o \
	objs/src/core/ngx_spinlock.o \
	objs/src/core/ngx_cpuinfo.o \
	objs/src/core/ngx_conf_file.o \
	objs/src/core/ngx_resolver.o \
	objs/src/core/ngx_open_file_cache.o \
	objs/src/core/ngx_crypt.o \
	objs/src/core/ngx_proxy_protocol.o \
	objs/src/event/ngx_event.o \
	objs/src/event/ngx_event_timer.o \
	objs/src/event/ngx_event_posted.o \
	objs/src/event/ngx_event_busy_lock.o \
	objs/src/event/ngx_event_accept.o \
	objs/src/event/ngx_event_connect.o \
	objs/src/event/ngx_event_pipe.o \
	objs/src/os/unix/ngx_time.o \
	objs/src/os/unix/ngx_errno.o \
	objs/src/os/unix/ngx_alloc.o \
	objs/src/os/unix/ngx_files.o \
	objs/src/os/unix/ngx_socket.o \
	objs/src/os/unix/ngx_recv.o \
	objs/src/os/unix/ngx_readv_chain.o \
	objs/src/os/unix/ngx_udp_recv.o \
	objs/src/os/unix/ngx_send.o \
	objs/src/os/unix/ngx_writev_chain.o \
	objs/src/os/unix/ngx_channel.o \
	objs/src/os/unix/ngx_shmem.o \
	objs/src/os/unix/ngx_process.o \
	objs/src/os/unix/ngx_daemon.o \
	objs/src/os/unix/ngx_setaffinity.o \
	objs/src/os/unix/ngx_setproctitle.o \
	objs/src/os/unix/ngx_posix_init.o \
	objs/src/os/unix/ngx_user.o \
	objs/src/os/unix/ngx_process_cycle.o \
	objs/src/os/unix/ngx_linux_init.o \
	objs/src/event/modules/ngx_select_module.o \
	objs/src/event/modules/ngx_poll_module.o \
	objs/src/core/ngx_regex.o \
	objs/src/http/ngx_http.o \
	objs/src/http/ngx_http_core_module.o \
	objs/src/http/ngx_http_special_response.o \
	objs/src/http/ngx_http_request.o \
	objs/src/http/ngx_http_parse.o \
	objs/src/http/ngx_http_header_filter_module.o \
	objs/src/http/ngx_http_write_filter_module.o \
	objs/src/http/ngx_http_copy_filter_module.o \
	objs/src/http/modules/ngx_http_log_module.o \
	objs/src/http/ngx_http_request_body.o \
	objs/src/http/ngx_http_variables.o \
	objs/src/http/ngx_http_script.o \
	objs/src/http/ngx_http_upstream.o \
	objs/src/http/ngx_http_upstream_round_robin.o \
	objs/src/http/ngx_http_parse_time.o \
	objs/src/http/modules/ngx_http_static_module.o \
	objs/src/http/modules/ngx_http_index_module.o \
	objs/src/http/modules/ngx_http_chunked_filter_module.o \
	objs/src/http/modules/ngx_http_range_filter_module.o \
	objs/src/http/modules/ngx_http_headers_filter_module.o \
	objs/src/http/modules/ngx_http_not_modified_filter_module.o \
	objs/src/http/ngx_http_busy_lock.o \
	objs/src/http/ngx_http_file_cache.o \
	objs/src/http/modules/ngx_http_gzip_filter_module.o \
	objs/src/http/ngx_http_postpone_filter_module.o \
	objs/src/http/modules/ngx_http_ssi_filter_module.o \
	objs/src/http/modules/ngx_http_charset_filter_module.o \
	objs/src/http/modules/ngx_http_userid_filter_module.o \
	objs/src/http/modules/ngx_http_autoindex_module.o \
	objs/src/http/modules/ngx_http_auth_basic_module.o \
	objs/src/http/modules/ngx_http_access_module.o \
	objs/src/http/modules/ngx_http_limit_conn_module.o \
	objs/src/http/modules/ngx_http_limit_req_module.o \
	objs/src/http/modules/ngx_http_geo_module.o \
	objs/src/http/modules/ngx_http_map_module.o \
	objs/src/http/modules/ngx_http_split_clients_module.o \
	objs/src/http/modules/ngx_http_referer_module.o \
	objs/src/http/modules/ngx_http_rewrite_module.o \
	objs/src/http/modules/ngx_http_proxy_module.o \
	objs/src/http/modules/ngx_http_fastcgi_module.o \
	objs/src/http/modules/ngx_http_uwsgi_module.o \
	objs/src/http/modules/ngx_http_scgi_module.o \
	objs/src/http/modules/ngx_http_memcached_module.o \
	objs/src/http/modules/ngx_http_empty_gif_module.o \
	objs/src/http/modules/ngx_http_browser_module.o \
	objs/src/http/modules/ngx_http_upstream_ip_hash_module.o \
	objs/src/http/modules/ngx_http_upstream_least_conn_module.o \
	objs/src/http/modules/ngx_http_upstream_keepalive_module.o \
	objs/ngx_modules.o \
	-L/opt/hisi-linux/x86-arm/arm-hisiv200-linux/target/usr/lib -lcrypt /home/liujf/histb/autelan/rootfs/pcre-8.35/.libs/libpcre.a /home/liujf/histb/autelan/rootfs/zlib-1.2.8/libz.a
arm-hisiv200-linux-gcc: /home/liujf/histb/autelan/rootfs/pcre-8.35/.libs/libpcre.a: No such file or directory
make[1]: *** [objs/nginx] Error 1
make[1]: Leaving directory `/home/liujf/share/histb/autelan/rootfs/nginx-1.6.1'
make: *** [install] Error 2
make: Leaving directory `/home/liujf/share/histb/autelan/rootfs/nginx-1.6.1'
Make install end
